2023-07-15 16:52:01,958:WARNING:
'cuml' is a soft dependency and not included in the pycaret installation. Please run: `pip install cuml` to install.
2023-07-15 16:52:01,959:WARNING:
'cuml' is a soft dependency and not included in the pycaret installation. Please run: `pip install cuml` to install.
2023-07-15 16:52:01,959:WARNING:
'cuml' is a soft dependency and not included in the pycaret installation. Please run: `pip install cuml` to install.
2023-07-15 16:52:01,959:WARNING:
'cuml' is a soft dependency and not included in the pycaret installation. Please run: `pip install cuml` to install.
2023-07-15 20:40:16,400:WARNING:
'cuml' is a soft dependency and not included in the pycaret installation. Please run: `pip install cuml` to install.
2023-07-15 20:40:16,401:WARNING:
'cuml' is a soft dependency and not included in the pycaret installation. Please run: `pip install cuml` to install.
2023-07-15 20:40:16,401:WARNING:
'cuml' is a soft dependency and not included in the pycaret installation. Please run: `pip install cuml` to install.
2023-07-15 20:40:16,401:WARNING:
'cuml' is a soft dependency and not included in the pycaret installation. Please run: `pip install cuml` to install.
2023-07-15 20:40:31,744:WARNING:
'cuml' is a soft dependency and not included in the pycaret installation. Please run: `pip install cuml` to install.
2023-07-15 20:40:31,745:WARNING:
'cuml' is a soft dependency and not included in the pycaret installation. Please run: `pip install cuml` to install.
2023-07-15 20:40:31,745:WARNING:
'cuml' is a soft dependency and not included in the pycaret installation. Please run: `pip install cuml` to install.
2023-07-15 20:40:31,746:WARNING:
'cuml' is a soft dependency and not included in the pycaret installation. Please run: `pip install cuml` to install.
2023-07-15 20:40:55,051:WARNING:
'cuml' is a soft dependency and not included in the pycaret installation. Please run: `pip install cuml` to install.
2023-07-15 20:40:55,051:WARNING:
'cuml' is a soft dependency and not included in the pycaret installation. Please run: `pip install cuml` to install.
2023-07-15 20:40:55,051:WARNING:
'cuml' is a soft dependency and not included in the pycaret installation. Please run: `pip install cuml` to install.
2023-07-15 20:40:55,051:WARNING:
'cuml' is a soft dependency and not included in the pycaret installation. Please run: `pip install cuml` to install.
2023-07-15 21:15:07,971:WARNING:
'cuml' is a soft dependency and not included in the pycaret installation. Please run: `pip install cuml` to install.
2023-07-15 21:15:07,971:WARNING:
'cuml' is a soft dependency and not included in the pycaret installation. Please run: `pip install cuml` to install.
2023-07-15 21:15:07,972:WARNING:
'cuml' is a soft dependency and not included in the pycaret installation. Please run: `pip install cuml` to install.
2023-07-15 21:15:07,972:WARNING:
'cuml' is a soft dependency and not included in the pycaret installation. Please run: `pip install cuml` to install.
2023-07-15 21:15:16,326:WARNING:
'cuml' is a soft dependency and not included in the pycaret installation. Please run: `pip install cuml` to install.
2023-07-15 21:15:16,327:WARNING:
'cuml' is a soft dependency and not included in the pycaret installation. Please run: `pip install cuml` to install.
2023-07-15 21:15:16,327:WARNING:
'cuml' is a soft dependency and not included in the pycaret installation. Please run: `pip install cuml` to install.
2023-07-15 21:15:16,327:WARNING:
'cuml' is a soft dependency and not included in the pycaret installation. Please run: `pip install cuml` to install.
2023-07-15 21:24:28,263:WARNING:
'cuml' is a soft dependency and not included in the pycaret installation. Please run: `pip install cuml` to install.
2023-07-15 21:24:28,265:WARNING:
'cuml' is a soft dependency and not included in the pycaret installation. Please run: `pip install cuml` to install.
2023-07-15 21:24:28,266:WARNING:
'cuml' is a soft dependency and not included in the pycaret installation. Please run: `pip install cuml` to install.
2023-07-15 21:24:28,266:WARNING:
'cuml' is a soft dependency and not included in the pycaret installation. Please run: `pip install cuml` to install.
2023-07-15 21:29:54,535:WARNING:
'cuml' is a soft dependency and not included in the pycaret installation. Please run: `pip install cuml` to install.
2023-07-15 21:29:54,537:WARNING:
'cuml' is a soft dependency and not included in the pycaret installation. Please run: `pip install cuml` to install.
2023-07-15 21:29:54,538:WARNING:
'cuml' is a soft dependency and not included in the pycaret installation. Please run: `pip install cuml` to install.
2023-07-15 21:29:54,538:WARNING:
'cuml' is a soft dependency and not included in the pycaret installation. Please run: `pip install cuml` to install.
2023-07-15 21:33:00,207:WARNING:
'cuml' is a soft dependency and not included in the pycaret installation. Please run: `pip install cuml` to install.
2023-07-15 21:33:00,207:WARNING:
'cuml' is a soft dependency and not included in the pycaret installation. Please run: `pip install cuml` to install.
2023-07-15 21:33:00,207:WARNING:
'cuml' is a soft dependency and not included in the pycaret installation. Please run: `pip install cuml` to install.
2023-07-15 21:33:00,207:WARNING:
'cuml' is a soft dependency and not included in the pycaret installation. Please run: `pip install cuml` to install.
2023-07-15 21:33:55,831:WARNING:
'cuml' is a soft dependency and not included in the pycaret installation. Please run: `pip install cuml` to install.
2023-07-15 21:33:55,831:WARNING:
'cuml' is a soft dependency and not included in the pycaret installation. Please run: `pip install cuml` to install.
2023-07-15 21:33:55,831:WARNING:
'cuml' is a soft dependency and not included in the pycaret installation. Please run: `pip install cuml` to install.
2023-07-15 21:33:55,832:WARNING:
'cuml' is a soft dependency and not included in the pycaret installation. Please run: `pip install cuml` to install.
2023-07-15 21:36:14,540:WARNING:
'cuml' is a soft dependency and not included in the pycaret installation. Please run: `pip install cuml` to install.
2023-07-15 21:36:14,541:WARNING:
'cuml' is a soft dependency and not included in the pycaret installation. Please run: `pip install cuml` to install.
2023-07-15 21:36:14,541:WARNING:
'cuml' is a soft dependency and not included in the pycaret installation. Please run: `pip install cuml` to install.
2023-07-15 21:36:14,541:WARNING:
'cuml' is a soft dependency and not included in the pycaret installation. Please run: `pip install cuml` to install.
2023-07-15 21:37:09,141:WARNING:
'cuml' is a soft dependency and not included in the pycaret installation. Please run: `pip install cuml` to install.
2023-07-15 21:37:09,141:WARNING:
'cuml' is a soft dependency and not included in the pycaret installation. Please run: `pip install cuml` to install.
2023-07-15 21:37:09,141:WARNING:
'cuml' is a soft dependency and not included in the pycaret installation. Please run: `pip install cuml` to install.
2023-07-15 21:37:09,141:WARNING:
'cuml' is a soft dependency and not included in the pycaret installation. Please run: `pip install cuml` to install.
2023-07-15 21:40:45,082:WARNING:
'cuml' is a soft dependency and not included in the pycaret installation. Please run: `pip install cuml` to install.
2023-07-15 21:40:45,083:WARNING:
'cuml' is a soft dependency and not included in the pycaret installation. Please run: `pip install cuml` to install.
2023-07-15 21:40:45,083:WARNING:
'cuml' is a soft dependency and not included in the pycaret installation. Please run: `pip install cuml` to install.
2023-07-15 21:40:45,083:WARNING:
'cuml' is a soft dependency and not included in the pycaret installation. Please run: `pip install cuml` to install.
2023-07-15 21:42:06,330:WARNING:
'cuml' is a soft dependency and not included in the pycaret installation. Please run: `pip install cuml` to install.
2023-07-15 21:42:06,332:WARNING:
'cuml' is a soft dependency and not included in the pycaret installation. Please run: `pip install cuml` to install.
2023-07-15 21:42:06,332:WARNING:
'cuml' is a soft dependency and not included in the pycaret installation. Please run: `pip install cuml` to install.
2023-07-15 21:42:06,332:WARNING:
'cuml' is a soft dependency and not included in the pycaret installation. Please run: `pip install cuml` to install.
2023-07-15 21:50:22,793:WARNING:
'cuml' is a soft dependency and not included in the pycaret installation. Please run: `pip install cuml` to install.
2023-07-15 21:50:22,795:WARNING:
'cuml' is a soft dependency and not included in the pycaret installation. Please run: `pip install cuml` to install.
2023-07-15 21:50:22,795:WARNING:
'cuml' is a soft dependency and not included in the pycaret installation. Please run: `pip install cuml` to install.
2023-07-15 21:50:22,796:WARNING:
'cuml' is a soft dependency and not included in the pycaret installation. Please run: `pip install cuml` to install.
2023-07-15 21:51:30,993:WARNING:
'cuml' is a soft dependency and not included in the pycaret installation. Please run: `pip install cuml` to install.
2023-07-15 21:51:30,994:WARNING:
'cuml' is a soft dependency and not included in the pycaret installation. Please run: `pip install cuml` to install.
2023-07-15 21:51:30,995:WARNING:
'cuml' is a soft dependency and not included in the pycaret installation. Please run: `pip install cuml` to install.
2023-07-15 21:51:30,995:WARNING:
'cuml' is a soft dependency and not included in the pycaret installation. Please run: `pip install cuml` to install.
2023-07-15 21:52:04,221:WARNING:
'cuml' is a soft dependency and not included in the pycaret installation. Please run: `pip install cuml` to install.
2023-07-15 21:52:04,221:WARNING:
'cuml' is a soft dependency and not included in the pycaret installation. Please run: `pip install cuml` to install.
2023-07-15 21:52:04,222:WARNING:
'cuml' is a soft dependency and not included in the pycaret installation. Please run: `pip install cuml` to install.
2023-07-15 21:52:04,222:WARNING:
'cuml' is a soft dependency and not included in the pycaret installation. Please run: `pip install cuml` to install.
2023-07-15 21:53:34,653:WARNING:
'cuml' is a soft dependency and not included in the pycaret installation. Please run: `pip install cuml` to install.
2023-07-15 21:53:34,654:WARNING:
'cuml' is a soft dependency and not included in the pycaret installation. Please run: `pip install cuml` to install.
2023-07-15 21:53:34,654:WARNING:
'cuml' is a soft dependency and not included in the pycaret installation. Please run: `pip install cuml` to install.
2023-07-15 21:53:34,654:WARNING:
'cuml' is a soft dependency and not included in the pycaret installation. Please run: `pip install cuml` to install.
2023-07-15 22:21:50,276:WARNING:
'cuml' is a soft dependency and not included in the pycaret installation. Please run: `pip install cuml` to install.
2023-07-15 22:21:50,278:WARNING:
'cuml' is a soft dependency and not included in the pycaret installation. Please run: `pip install cuml` to install.
2023-07-15 22:21:50,279:WARNING:
'cuml' is a soft dependency and not included in the pycaret installation. Please run: `pip install cuml` to install.
2023-07-15 22:21:50,279:WARNING:
'cuml' is a soft dependency and not included in the pycaret installation. Please run: `pip install cuml` to install.
2023-07-15 22:24:04,705:WARNING:
'cuml' is a soft dependency and not included in the pycaret installation. Please run: `pip install cuml` to install.
2023-07-15 22:24:04,707:WARNING:
'cuml' is a soft dependency and not included in the pycaret installation. Please run: `pip install cuml` to install.
2023-07-15 22:24:04,707:WARNING:
'cuml' is a soft dependency and not included in the pycaret installation. Please run: `pip install cuml` to install.
2023-07-15 22:24:04,707:WARNING:
'cuml' is a soft dependency and not included in the pycaret installation. Please run: `pip install cuml` to install.
2023-07-15 22:31:00,361:WARNING:
'cuml' is a soft dependency and not included in the pycaret installation. Please run: `pip install cuml` to install.
2023-07-15 22:31:00,362:WARNING:
'cuml' is a soft dependency and not included in the pycaret installation. Please run: `pip install cuml` to install.
2023-07-15 22:31:00,363:WARNING:
'cuml' is a soft dependency and not included in the pycaret installation. Please run: `pip install cuml` to install.
2023-07-15 22:31:00,363:WARNING:
'cuml' is a soft dependency and not included in the pycaret installation. Please run: `pip install cuml` to install.
2023-07-15 22:33:25,581:WARNING:
'cuml' is a soft dependency and not included in the pycaret installation. Please run: `pip install cuml` to install.
2023-07-15 22:33:25,583:WARNING:
'cuml' is a soft dependency and not included in the pycaret installation. Please run: `pip install cuml` to install.
2023-07-15 22:33:25,583:WARNING:
'cuml' is a soft dependency and not included in the pycaret installation. Please run: `pip install cuml` to install.
2023-07-15 22:33:25,583:WARNING:
'cuml' is a soft dependency and not included in the pycaret installation. Please run: `pip install cuml` to install.
2023-07-15 22:34:27,811:WARNING:
'cuml' is a soft dependency and not included in the pycaret installation. Please run: `pip install cuml` to install.
2023-07-15 22:34:27,812:WARNING:
'cuml' is a soft dependency and not included in the pycaret installation. Please run: `pip install cuml` to install.
2023-07-15 22:34:27,812:WARNING:
'cuml' is a soft dependency and not included in the pycaret installation. Please run: `pip install cuml` to install.
2023-07-15 22:34:27,813:WARNING:
'cuml' is a soft dependency and not included in the pycaret installation. Please run: `pip install cuml` to install.
2023-07-15 22:35:10,779:WARNING:
'cuml' is a soft dependency and not included in the pycaret installation. Please run: `pip install cuml` to install.
2023-07-15 22:35:10,780:WARNING:
'cuml' is a soft dependency and not included in the pycaret installation. Please run: `pip install cuml` to install.
2023-07-15 22:35:10,781:WARNING:
'cuml' is a soft dependency and not included in the pycaret installation. Please run: `pip install cuml` to install.
2023-07-15 22:35:10,781:WARNING:
'cuml' is a soft dependency and not included in the pycaret installation. Please run: `pip install cuml` to install.
2023-07-15 22:38:33,019:WARNING:
'cuml' is a soft dependency and not included in the pycaret installation. Please run: `pip install cuml` to install.
2023-07-15 22:38:33,020:WARNING:
'cuml' is a soft dependency and not included in the pycaret installation. Please run: `pip install cuml` to install.
2023-07-15 22:38:33,020:WARNING:
'cuml' is a soft dependency and not included in the pycaret installation. Please run: `pip install cuml` to install.
2023-07-15 22:38:33,020:WARNING:
'cuml' is a soft dependency and not included in the pycaret installation. Please run: `pip install cuml` to install.
2023-07-15 22:39:56,868:WARNING:
'cuml' is a soft dependency and not included in the pycaret installation. Please run: `pip install cuml` to install.
2023-07-15 22:39:56,870:WARNING:
'cuml' is a soft dependency and not included in the pycaret installation. Please run: `pip install cuml` to install.
2023-07-15 22:39:56,870:WARNING:
'cuml' is a soft dependency and not included in the pycaret installation. Please run: `pip install cuml` to install.
2023-07-15 22:39:56,870:WARNING:
'cuml' is a soft dependency and not included in the pycaret installation. Please run: `pip install cuml` to install.
2023-07-15 22:40:57,858:WARNING:
'cuml' is a soft dependency and not included in the pycaret installation. Please run: `pip install cuml` to install.
2023-07-15 22:40:57,860:WARNING:
'cuml' is a soft dependency and not included in the pycaret installation. Please run: `pip install cuml` to install.
2023-07-15 22:40:57,860:WARNING:
'cuml' is a soft dependency and not included in the pycaret installation. Please run: `pip install cuml` to install.
2023-07-15 22:40:57,860:WARNING:
'cuml' is a soft dependency and not included in the pycaret installation. Please run: `pip install cuml` to install.
2023-07-15 22:46:44,410:WARNING:
'cuml' is a soft dependency and not included in the pycaret installation. Please run: `pip install cuml` to install.
2023-07-15 22:46:44,413:WARNING:
'cuml' is a soft dependency and not included in the pycaret installation. Please run: `pip install cuml` to install.
2023-07-15 22:46:44,413:WARNING:
'cuml' is a soft dependency and not included in the pycaret installation. Please run: `pip install cuml` to install.
2023-07-15 22:46:44,413:WARNING:
'cuml' is a soft dependency and not included in the pycaret installation. Please run: `pip install cuml` to install.
2023-07-15 23:02:06,093:WARNING:
'cuml' is a soft dependency and not included in the pycaret installation. Please run: `pip install cuml` to install.
2023-07-15 23:02:06,095:WARNING:
'cuml' is a soft dependency and not included in the pycaret installation. Please run: `pip install cuml` to install.
2023-07-15 23:02:06,095:WARNING:
'cuml' is a soft dependency and not included in the pycaret installation. Please run: `pip install cuml` to install.
2023-07-15 23:02:06,095:WARNING:
'cuml' is a soft dependency and not included in the pycaret installation. Please run: `pip install cuml` to install.
2023-07-15 23:02:31,085:WARNING:
'cuml' is a soft dependency and not included in the pycaret installation. Please run: `pip install cuml` to install.
2023-07-15 23:02:31,086:WARNING:
'cuml' is a soft dependency and not included in the pycaret installation. Please run: `pip install cuml` to install.
2023-07-15 23:02:31,086:WARNING:
'cuml' is a soft dependency and not included in the pycaret installation. Please run: `pip install cuml` to install.
2023-07-15 23:02:31,086:WARNING:
'cuml' is a soft dependency and not included in the pycaret installation. Please run: `pip install cuml` to install.
2023-07-15 23:21:49,442:WARNING:
'cuml' is a soft dependency and not included in the pycaret installation. Please run: `pip install cuml` to install.
2023-07-15 23:21:49,443:WARNING:
'cuml' is a soft dependency and not included in the pycaret installation. Please run: `pip install cuml` to install.
2023-07-15 23:21:49,444:WARNING:
'cuml' is a soft dependency and not included in the pycaret installation. Please run: `pip install cuml` to install.
2023-07-15 23:21:49,444:WARNING:
'cuml' is a soft dependency and not included in the pycaret installation. Please run: `pip install cuml` to install.
2023-07-15 23:22:50,212:WARNING:
'cuml' is a soft dependency and not included in the pycaret installation. Please run: `pip install cuml` to install.
2023-07-15 23:22:50,213:WARNING:
'cuml' is a soft dependency and not included in the pycaret installation. Please run: `pip install cuml` to install.
2023-07-15 23:22:50,213:WARNING:
'cuml' is a soft dependency and not included in the pycaret installation. Please run: `pip install cuml` to install.
2023-07-15 23:22:50,213:WARNING:
'cuml' is a soft dependency and not included in the pycaret installation. Please run: `pip install cuml` to install.
2023-07-15 23:23:10,081:WARNING:
'cuml' is a soft dependency and not included in the pycaret installation. Please run: `pip install cuml` to install.
2023-07-15 23:23:10,081:WARNING:
'cuml' is a soft dependency and not included in the pycaret installation. Please run: `pip install cuml` to install.
2023-07-15 23:23:10,082:WARNING:
'cuml' is a soft dependency and not included in the pycaret installation. Please run: `pip install cuml` to install.
2023-07-15 23:23:10,083:WARNING:
'cuml' is a soft dependency and not included in the pycaret installation. Please run: `pip install cuml` to install.
2023-07-15 23:23:10,083:WARNING:
'cuml' is a soft dependency and not included in the pycaret installation. Please run: `pip install cuml` to install.
2023-07-15 23:23:10,083:WARNING:
'cuml' is a soft dependency and not included in the pycaret installation. Please run: `pip install cuml` to install.
2023-07-15 23:23:10,083:WARNING:
'cuml' is a soft dependency and not included in the pycaret installation. Please run: `pip install cuml` to install.
2023-07-15 23:23:10,083:WARNING:
'cuml' is a soft dependency and not included in the pycaret installation. Please run: `pip install cuml` to install.
2023-07-15 23:30:49,249:WARNING:
'cuml' is a soft dependency and not included in the pycaret installation. Please run: `pip install cuml` to install.
2023-07-15 23:30:49,252:WARNING:
'cuml' is a soft dependency and not included in the pycaret installation. Please run: `pip install cuml` to install.
2023-07-15 23:30:49,253:WARNING:
'cuml' is a soft dependency and not included in the pycaret installation. Please run: `pip install cuml` to install.
2023-07-15 23:30:49,253:WARNING:
'cuml' is a soft dependency and not included in the pycaret installation. Please run: `pip install cuml` to install.
2023-07-15 23:36:30,693:WARNING:
'cuml' is a soft dependency and not included in the pycaret installation. Please run: `pip install cuml` to install.
2023-07-15 23:36:30,695:WARNING:
'cuml' is a soft dependency and not included in the pycaret installation. Please run: `pip install cuml` to install.
2023-07-15 23:36:30,695:WARNING:
'cuml' is a soft dependency and not included in the pycaret installation. Please run: `pip install cuml` to install.
2023-07-15 23:36:30,695:WARNING:
'cuml' is a soft dependency and not included in the pycaret installation. Please run: `pip install cuml` to install.
2023-07-15 23:38:15,305:WARNING:
'cuml' is a soft dependency and not included in the pycaret installation. Please run: `pip install cuml` to install.
2023-07-15 23:38:15,306:WARNING:
'cuml' is a soft dependency and not included in the pycaret installation. Please run: `pip install cuml` to install.
2023-07-15 23:38:15,306:WARNING:
'cuml' is a soft dependency and not included in the pycaret installation. Please run: `pip install cuml` to install.
2023-07-15 23:38:15,306:WARNING:
'cuml' is a soft dependency and not included in the pycaret installation. Please run: `pip install cuml` to install.
2023-07-15 23:45:59,463:WARNING:
'cuml' is a soft dependency and not included in the pycaret installation. Please run: `pip install cuml` to install.
2023-07-15 23:45:59,464:WARNING:
'cuml' is a soft dependency and not included in the pycaret installation. Please run: `pip install cuml` to install.
2023-07-15 23:45:59,464:WARNING:
'cuml' is a soft dependency and not included in the pycaret installation. Please run: `pip install cuml` to install.
2023-07-15 23:45:59,464:WARNING:
'cuml' is a soft dependency and not included in the pycaret installation. Please run: `pip install cuml` to install.
2023-07-15 23:46:25,083:WARNING:
'cuml' is a soft dependency and not included in the pycaret installation. Please run: `pip install cuml` to install.
2023-07-15 23:46:25,084:WARNING:
'cuml' is a soft dependency and not included in the pycaret installation. Please run: `pip install cuml` to install.
2023-07-15 23:46:25,084:WARNING:
'cuml' is a soft dependency and not included in the pycaret installation. Please run: `pip install cuml` to install.
2023-07-15 23:46:25,084:WARNING:
'cuml' is a soft dependency and not included in the pycaret installation. Please run: `pip install cuml` to install.
2023-07-16 00:11:41,704:WARNING:
'cuml' is a soft dependency and not included in the pycaret installation. Please run: `pip install cuml` to install.
2023-07-16 00:11:41,706:WARNING:
'cuml' is a soft dependency and not included in the pycaret installation. Please run: `pip install cuml` to install.
2023-07-16 00:11:41,706:WARNING:
'cuml' is a soft dependency and not included in the pycaret installation. Please run: `pip install cuml` to install.
2023-07-16 00:11:41,706:WARNING:
'cuml' is a soft dependency and not included in the pycaret installation. Please run: `pip install cuml` to install.
2023-07-16 00:11:57,663:WARNING:
'cuml' is a soft dependency and not included in the pycaret installation. Please run: `pip install cuml` to install.
2023-07-16 00:11:57,663:WARNING:
'cuml' is a soft dependency and not included in the pycaret installation. Please run: `pip install cuml` to install.
2023-07-16 00:11:57,663:WARNING:
'cuml' is a soft dependency and not included in the pycaret installation. Please run: `pip install cuml` to install.
2023-07-16 00:11:57,663:WARNING:
'cuml' is a soft dependency and not included in the pycaret installation. Please run: `pip install cuml` to install.
2023-07-16 14:13:57,677:WARNING:
'cuml' is a soft dependency and not included in the pycaret installation. Please run: `pip install cuml` to install.
2023-07-16 14:13:57,677:WARNING:
'cuml' is a soft dependency and not included in the pycaret installation. Please run: `pip install cuml` to install.
2023-07-16 14:13:57,677:WARNING:
'cuml' is a soft dependency and not included in the pycaret installation. Please run: `pip install cuml` to install.
2023-07-16 14:13:57,677:WARNING:
'cuml' is a soft dependency and not included in the pycaret installation. Please run: `pip install cuml` to install.
2023-07-16 21:28:33,673:WARNING:
'cuml' is a soft dependency and not included in the pycaret installation. Please run: `pip install cuml` to install.
2023-07-16 21:28:34,507:WARNING:
'cuml' is a soft dependency and not included in the pycaret installation. Please run: `pip install cuml` to install.
2023-07-16 21:28:34,507:WARNING:
'cuml' is a soft dependency and not included in the pycaret installation. Please run: `pip install cuml` to install.
2023-07-16 21:28:34,507:WARNING:
'cuml' is a soft dependency and not included in the pycaret installation. Please run: `pip install cuml` to install.
2023-07-16 21:28:53,058:WARNING:
'cuml' is a soft dependency and not included in the pycaret installation. Please run: `pip install cuml` to install.
2023-07-16 21:28:53,058:WARNING:
'cuml' is a soft dependency and not included in the pycaret installation. Please run: `pip install cuml` to install.
2023-07-16 21:28:53,058:WARNING:
'cuml' is a soft dependency and not included in the pycaret installation. Please run: `pip install cuml` to install.
2023-07-16 21:28:53,058:WARNING:
'cuml' is a soft dependency and not included in the pycaret installation. Please run: `pip install cuml` to install.
2023-07-16 21:38:03,702:WARNING:
'cuml' is a soft dependency and not included in the pycaret installation. Please run: `pip install cuml` to install.
2023-07-16 21:38:03,703:WARNING:
'cuml' is a soft dependency and not included in the pycaret installation. Please run: `pip install cuml` to install.
2023-07-16 21:38:03,704:WARNING:
'cuml' is a soft dependency and not included in the pycaret installation. Please run: `pip install cuml` to install.
2023-07-16 21:38:03,704:WARNING:
'cuml' is a soft dependency and not included in the pycaret installation. Please run: `pip install cuml` to install.
2023-07-16 21:39:20,628:WARNING:
'cuml' is a soft dependency and not included in the pycaret installation. Please run: `pip install cuml` to install.
2023-07-16 21:39:20,630:WARNING:
'cuml' is a soft dependency and not included in the pycaret installation. Please run: `pip install cuml` to install.
2023-07-16 21:39:20,630:WARNING:
'cuml' is a soft dependency and not included in the pycaret installation. Please run: `pip install cuml` to install.
2023-07-16 21:39:20,630:WARNING:
'cuml' is a soft dependency and not included in the pycaret installation. Please run: `pip install cuml` to install.
2023-07-16 22:27:22,362:WARNING:
'cuml' is a soft dependency and not included in the pycaret installation. Please run: `pip install cuml` to install.
2023-07-16 22:27:22,364:WARNING:
'cuml' is a soft dependency and not included in the pycaret installation. Please run: `pip install cuml` to install.
2023-07-16 22:27:22,364:WARNING:
'cuml' is a soft dependency and not included in the pycaret installation. Please run: `pip install cuml` to install.
2023-07-16 22:27:22,364:WARNING:
'cuml' is a soft dependency and not included in the pycaret installation. Please run: `pip install cuml` to install.
2023-07-16 22:53:26,361:WARNING:
'cuml' is a soft dependency and not included in the pycaret installation. Please run: `pip install cuml` to install.
2023-07-16 22:53:26,363:WARNING:
'cuml' is a soft dependency and not included in the pycaret installation. Please run: `pip install cuml` to install.
2023-07-16 22:53:26,363:WARNING:
'cuml' is a soft dependency and not included in the pycaret installation. Please run: `pip install cuml` to install.
2023-07-16 22:53:26,363:WARNING:
'cuml' is a soft dependency and not included in the pycaret installation. Please run: `pip install cuml` to install.
2023-07-16 22:55:38,264:WARNING:
'cuml' is a soft dependency and not included in the pycaret installation. Please run: `pip install cuml` to install.
2023-07-16 22:55:38,266:WARNING:
'cuml' is a soft dependency and not included in the pycaret installation. Please run: `pip install cuml` to install.
2023-07-16 22:55:38,266:WARNING:
'cuml' is a soft dependency and not included in the pycaret installation. Please run: `pip install cuml` to install.
2023-07-16 22:55:38,267:WARNING:
'cuml' is a soft dependency and not included in the pycaret installation. Please run: `pip install cuml` to install.
2023-07-16 22:56:28,479:WARNING:
'cuml' is a soft dependency and not included in the pycaret installation. Please run: `pip install cuml` to install.
2023-07-16 22:56:28,479:WARNING:
'cuml' is a soft dependency and not included in the pycaret installation. Please run: `pip install cuml` to install.
2023-07-16 22:56:28,479:WARNING:
'cuml' is a soft dependency and not included in the pycaret installation. Please run: `pip install cuml` to install.
2023-07-16 22:56:28,479:WARNING:
'cuml' is a soft dependency and not included in the pycaret installation. Please run: `pip install cuml` to install.
2023-07-16 23:01:05,378:WARNING:
'cuml' is a soft dependency and not included in the pycaret installation. Please run: `pip install cuml` to install.
2023-07-16 23:01:05,382:WARNING:
'cuml' is a soft dependency and not included in the pycaret installation. Please run: `pip install cuml` to install.
2023-07-16 23:01:05,382:WARNING:
'cuml' is a soft dependency and not included in the pycaret installation. Please run: `pip install cuml` to install.
2023-07-16 23:01:05,382:WARNING:
'cuml' is a soft dependency and not included in the pycaret installation. Please run: `pip install cuml` to install.
2023-07-16 23:03:01,300:WARNING:
'cuml' is a soft dependency and not included in the pycaret installation. Please run: `pip install cuml` to install.
2023-07-16 23:03:01,302:WARNING:
'cuml' is a soft dependency and not included in the pycaret installation. Please run: `pip install cuml` to install.
2023-07-16 23:03:01,302:WARNING:
'cuml' is a soft dependency and not included in the pycaret installation. Please run: `pip install cuml` to install.
2023-07-16 23:03:01,302:WARNING:
'cuml' is a soft dependency and not included in the pycaret installation. Please run: `pip install cuml` to install.
2023-07-16 23:03:20,268:WARNING:
'cuml' is a soft dependency and not included in the pycaret installation. Please run: `pip install cuml` to install.
2023-07-16 23:03:20,268:WARNING:
'cuml' is a soft dependency and not included in the pycaret installation. Please run: `pip install cuml` to install.
2023-07-16 23:03:20,268:WARNING:
'cuml' is a soft dependency and not included in the pycaret installation. Please run: `pip install cuml` to install.
2023-07-16 23:03:20,269:WARNING:
'cuml' is a soft dependency and not included in the pycaret installation. Please run: `pip install cuml` to install.
2023-07-16 23:11:17,538:INFO:PyCaret ClassificationExperiment
2023-07-16 23:11:17,543:INFO:Logging name: clf-default-name
2023-07-16 23:11:17,543:INFO:ML Usecase: MLUsecase.CLASSIFICATION
2023-07-16 23:11:17,543:INFO:version 3.0.4
2023-07-16 23:11:17,543:INFO:Initializing setup()
2023-07-16 23:11:17,543:INFO:self.USI: 11e8
2023-07-16 23:11:17,543:INFO:self._variable_keys: {'target_param', 'X_test', 'fold_shuffle_param', 'memory', 'y', 'html_param', 'gpu_param', 'data', 'seed', 'X', '_available_plots', 'fix_imbalance', 'y_test', 'X_train', 'fold_generator', 'y_train', '_ml_usecase', 'exp_name_log', 'logging_param', 'n_jobs_param', 'is_multiclass', 'pipeline', 'fold_groups_param', 'log_plots_param', 'exp_id', 'USI', 'gpu_n_jobs_param', 'idx'}
2023-07-16 23:11:17,543:INFO:Checking environment
2023-07-16 23:11:17,544:INFO:python_version: 3.9.13
2023-07-16 23:11:17,544:INFO:python_build: ('main', 'Aug 25 2022 18:29:29')
2023-07-16 23:11:17,544:INFO:machine: x86_64
2023-07-16 23:11:17,639:INFO:platform: macOS-10.16-x86_64-i386-64bit
2023-07-16 23:11:17,643:INFO:Memory: svmem(total=8589934592, available=2821128192, percent=67.2, used=4369412096, free=53620736, active=2769346560, inactive=2763071488, wired=1600065536)
2023-07-16 23:11:17,643:INFO:Physical Core: 2
2023-07-16 23:11:17,644:INFO:Logical Core: 4
2023-07-16 23:11:17,644:INFO:Checking libraries
2023-07-16 23:11:17,644:INFO:System:
2023-07-16 23:11:17,644:INFO:    python: 3.9.13 (main, Aug 25 2022, 18:29:29)  [Clang 12.0.0 ]
2023-07-16 23:11:17,645:INFO:executable: /Users/iremkurt/opt/anaconda3/bin/python
2023-07-16 23:11:17,651:INFO:   machine: macOS-10.16-x86_64-i386-64bit
2023-07-16 23:11:17,652:INFO:PyCaret required dependencies:
2023-07-16 23:11:18,596:INFO:                 pip: 23.2
2023-07-16 23:11:18,596:INFO:          setuptools: 63.4.1
2023-07-16 23:11:18,597:INFO:             pycaret: 3.0.4
2023-07-16 23:11:18,598:INFO:             IPython: 8.14.0
2023-07-16 23:11:18,598:INFO:          ipywidgets: 7.7.5
2023-07-16 23:11:18,598:INFO:                tqdm: 4.64.1
2023-07-16 23:11:18,599:INFO:               numpy: 1.23.5
2023-07-16 23:11:18,601:INFO:              pandas: 1.3.1
2023-07-16 23:11:18,602:INFO:              jinja2: 3.1.2
2023-07-16 23:11:18,602:INFO:               scipy: 1.9.1
2023-07-16 23:11:18,602:INFO:              joblib: 1.3.1
2023-07-16 23:11:18,603:INFO:             sklearn: 1.0.2
2023-07-16 23:11:18,605:INFO:                pyod: 1.1.0
2023-07-16 23:11:18,606:INFO:            imblearn: 0.11.0
2023-07-16 23:11:18,606:INFO:   category_encoders: 2.6.1
2023-07-16 23:11:18,607:INFO:            lightgbm: 4.0.0
2023-07-16 23:11:18,607:INFO:               numba: 0.57.1
2023-07-16 23:11:18,607:INFO:            requests: 2.28.1
2023-07-16 23:11:18,607:INFO:          matplotlib: 3.6.0
2023-07-16 23:11:18,607:INFO:          scikitplot: 0.3.7
2023-07-16 23:11:18,607:INFO:         yellowbrick: 1.5
2023-07-16 23:11:18,608:INFO:              plotly: 5.15.0
2023-07-16 23:11:18,609:INFO:    plotly-resampler: Not installed
2023-07-16 23:11:18,610:INFO:             kaleido: 0.2.1
2023-07-16 23:11:18,610:INFO:           schemdraw: 0.15
2023-07-16 23:11:18,610:INFO:         statsmodels: 0.13.2
2023-07-16 23:11:18,610:INFO:              sktime: 0.20.0
2023-07-16 23:11:18,610:INFO:               tbats: 1.1.3
2023-07-16 23:11:18,611:INFO:            pmdarima: 2.0.3
2023-07-16 23:11:18,611:INFO:              psutil: 5.9.5
2023-07-16 23:11:18,611:INFO:          markupsafe: 2.1.3
2023-07-16 23:11:18,611:INFO:             pickle5: Not installed
2023-07-16 23:11:18,612:INFO:         cloudpickle: 2.2.1
2023-07-16 23:11:18,612:INFO:         deprecation: 2.1.0
2023-07-16 23:11:18,612:INFO:              xxhash: 3.2.0
2023-07-16 23:11:18,612:INFO:           wurlitzer: 3.0.2
2023-07-16 23:11:18,613:INFO:PyCaret optional dependencies:
2023-07-16 23:11:19,192:INFO:                shap: Not installed
2023-07-16 23:11:19,192:INFO:           interpret: Not installed
2023-07-16 23:11:19,192:INFO:                umap: Not installed
2023-07-16 23:11:19,192:INFO:    pandas_profiling: 0.0.dev0
2023-07-16 23:11:19,192:INFO:  explainerdashboard: Not installed
2023-07-16 23:11:19,192:INFO:             autoviz: Not installed
2023-07-16 23:11:19,193:INFO:           fairlearn: Not installed
2023-07-16 23:11:19,193:INFO:          deepchecks: Not installed
2023-07-16 23:11:19,193:INFO:             xgboost: Not installed
2023-07-16 23:11:19,194:INFO:            catboost: Not installed
2023-07-16 23:11:19,194:INFO:              kmodes: Not installed
2023-07-16 23:11:19,196:INFO:             mlxtend: Not installed
2023-07-16 23:11:19,213:INFO:       statsforecast: Not installed
2023-07-16 23:11:19,217:INFO:        tune_sklearn: Not installed
2023-07-16 23:11:19,217:INFO:                 ray: Not installed
2023-07-16 23:11:19,217:INFO:            hyperopt: Not installed
2023-07-16 23:11:19,218:INFO:              optuna: Not installed
2023-07-16 23:11:19,218:INFO:               skopt: Not installed
2023-07-16 23:11:19,218:INFO:              mlflow: Not installed
2023-07-16 23:11:19,221:INFO:              gradio: Not installed
2023-07-16 23:11:19,221:INFO:             fastapi: Not installed
2023-07-16 23:11:19,223:INFO:             uvicorn: Not installed
2023-07-16 23:11:19,230:INFO:              m2cgen: Not installed
2023-07-16 23:11:19,230:INFO:           evidently: Not installed
2023-07-16 23:11:19,232:INFO:               fugue: Not installed
2023-07-16 23:11:19,232:INFO:           streamlit: 1.24.1
2023-07-16 23:11:19,232:INFO:             prophet: Not installed
2023-07-16 23:11:19,233:INFO:None
2023-07-16 23:11:19,233:INFO:Set up data.
2023-07-16 23:11:19,284:INFO:Set up train/test split.
2023-07-16 23:11:19,334:INFO:Set up index.
2023-07-16 23:11:19,344:INFO:Set up folding strategy.
2023-07-16 23:11:19,346:INFO:Assigning column types.
2023-07-16 23:11:19,372:INFO:Engine successfully changes for model 'lr' to 'sklearn'.
2023-07-16 23:11:19,575:INFO:Engine for model 'knn' has not been set explicitly, hence returning None.
2023-07-16 23:11:19,587:INFO:Engine for model 'rbfsvm' has not been set explicitly, hence returning None.
2023-07-16 23:11:19,711:WARNING:
'xgboost' is a soft dependency and not included in the pycaret installation. Please run: `pip install xgboost` to install.
Alternately, you can install this by running `pip install pycaret[models]`
2023-07-16 23:11:19,712:WARNING:
'catboost' is a soft dependency and not included in the pycaret installation. Please run: `pip install catboost` to install.
Alternately, you can install this by running `pip install pycaret[models]`
2023-07-16 23:11:19,799:INFO:Engine for model 'knn' has not been set explicitly, hence returning None.
2023-07-16 23:11:19,802:INFO:Engine for model 'rbfsvm' has not been set explicitly, hence returning None.
2023-07-16 23:11:19,851:WARNING:
'xgboost' is a soft dependency and not included in the pycaret installation. Please run: `pip install xgboost` to install.
Alternately, you can install this by running `pip install pycaret[models]`
2023-07-16 23:11:19,851:WARNING:
'catboost' is a soft dependency and not included in the pycaret installation. Please run: `pip install catboost` to install.
Alternately, you can install this by running `pip install pycaret[models]`
2023-07-16 23:11:19,858:INFO:Engine successfully changes for model 'knn' to 'sklearn'.
2023-07-16 23:11:19,958:INFO:Engine for model 'rbfsvm' has not been set explicitly, hence returning None.
2023-07-16 23:11:20,037:WARNING:
'xgboost' is a soft dependency and not included in the pycaret installation. Please run: `pip install xgboost` to install.
Alternately, you can install this by running `pip install pycaret[models]`
2023-07-16 23:11:20,037:WARNING:
'catboost' is a soft dependency and not included in the pycaret installation. Please run: `pip install catboost` to install.
Alternately, you can install this by running `pip install pycaret[models]`
2023-07-16 23:11:20,118:INFO:Engine for model 'rbfsvm' has not been set explicitly, hence returning None.
2023-07-16 23:11:20,274:WARNING:
'xgboost' is a soft dependency and not included in the pycaret installation. Please run: `pip install xgboost` to install.
Alternately, you can install this by running `pip install pycaret[models]`
2023-07-16 23:11:20,274:WARNING:
'catboost' is a soft dependency and not included in the pycaret installation. Please run: `pip install catboost` to install.
Alternately, you can install this by running `pip install pycaret[models]`
2023-07-16 23:11:20,275:INFO:Engine successfully changes for model 'rbfsvm' to 'sklearn'.
2023-07-16 23:11:20,450:WARNING:
'xgboost' is a soft dependency and not included in the pycaret installation. Please run: `pip install xgboost` to install.
Alternately, you can install this by running `pip install pycaret[models]`
2023-07-16 23:11:20,451:WARNING:
'catboost' is a soft dependency and not included in the pycaret installation. Please run: `pip install catboost` to install.
Alternately, you can install this by running `pip install pycaret[models]`
2023-07-16 23:11:20,587:WARNING:
'xgboost' is a soft dependency and not included in the pycaret installation. Please run: `pip install xgboost` to install.
Alternately, you can install this by running `pip install pycaret[models]`
2023-07-16 23:11:20,587:WARNING:
'catboost' is a soft dependency and not included in the pycaret installation. Please run: `pip install catboost` to install.
Alternately, you can install this by running `pip install pycaret[models]`
2023-07-16 23:11:20,602:INFO:Preparing preprocessing pipeline...
2023-07-16 23:11:20,605:INFO:Set up simple imputation.
2023-07-16 23:11:20,611:INFO:Set up encoding of categorical features.
2023-07-16 23:11:20,613:INFO:Set up column name cleaning.
2023-07-16 23:11:21,340:INFO:Finished creating preprocessing pipeline.
2023-07-16 23:11:21,353:INFO:Pipeline: Pipeline(memory=FastMemory(location=/var/folders/q_/m4c7kcfx23lfngmh1d06_9_c0000gn/T/joblib),
         steps=[('numerical_imputer',
                 TransformerWrapper(exclude=None,
                                    include=['EmpID', 'Retirement', 'Age',
                                             'Gender', 'Tenure', 'Manager1',
                                             'Manager2', 'OfficeLocation',
                                             'DistancetoOffice', 'CommuteType',
                                             'MaritialStatus', 'ChildrenCount',
                                             'ChildrenEdu', 'Potential',
                                             'Grade', 'Gro...
                 TransformerWrapper(exclude=None, include=['StartDate'],
                                    transformer=TargetEncoder(cols=['StartDate'],
                                                              drop_invariant=False,
                                                              handle_missing='return_nan',
                                                              handle_unknown='value',
                                                              hierarchy=None,
                                                              min_samples_leaf=20,
                                                              return_df=True,
                                                              smoothing=10,
                                                              verbose=0))),
                ('clean_column_names',
                 TransformerWrapper(exclude=None, include=None,
                                    transformer=CleanColumnNames(match='[\\]\\[\\,\\{\\}\\"\\:]+')))],
         verbose=False)
2023-07-16 23:11:21,353:INFO:Creating final display dataframe.
2023-07-16 23:11:22,956:INFO:Setup _display_container:                     Description             Value
0                    Session id              8194
1                        Target         Retention
2                   Target type            Binary
3           Original data shape         (548, 35)
4        Transformed data shape         (548, 45)
5   Transformed train set shape         (383, 45)
6    Transformed test set shape         (165, 45)
7              Numeric features                31
8          Categorical features                 3
9      Rows with missing values            100.0%
10                   Preprocess              True
11              Imputation type            simple
12           Numeric imputation              mean
13       Categorical imputation              mode
14     Maximum one-hot encoding                25
15              Encoding method              None
16               Fold Generator   StratifiedKFold
17                  Fold Number                10
18                     CPU Jobs                -1
19                      Use GPU             False
20               Log Experiment             False
21              Experiment Name  clf-default-name
22                          USI              11e8
2023-07-16 23:11:23,213:WARNING:
'xgboost' is a soft dependency and not included in the pycaret installation. Please run: `pip install xgboost` to install.
Alternately, you can install this by running `pip install pycaret[models]`
2023-07-16 23:11:23,214:WARNING:
'catboost' is a soft dependency and not included in the pycaret installation. Please run: `pip install catboost` to install.
Alternately, you can install this by running `pip install pycaret[models]`
2023-07-16 23:11:23,342:WARNING:
'xgboost' is a soft dependency and not included in the pycaret installation. Please run: `pip install xgboost` to install.
Alternately, you can install this by running `pip install pycaret[models]`
2023-07-16 23:11:23,343:WARNING:
'catboost' is a soft dependency and not included in the pycaret installation. Please run: `pip install catboost` to install.
Alternately, you can install this by running `pip install pycaret[models]`
2023-07-16 23:11:23,344:INFO:setup() successfully completed in 5.81s...............
2023-07-16 23:11:23,474:INFO:Initializing compare_models()
2023-07-16 23:11:23,475:INFO:compare_models(self=<pycaret.classification.oop.ClassificationExperiment object at 0x7fdf05411610>, include=None, fold=None, round=4, cross_validation=True, sort=Accuracy, n_select=1, budget_time=None, turbo=True, errors=ignore, fit_kwargs=None, groups=None, experiment_custom_tags=None, probability_threshold=None, verbose=True, parallel=None, caller_params={'self': <pycaret.classification.oop.ClassificationExperiment object at 0x7fdf05411610>, 'include': None, 'exclude': None, 'fold': None, 'round': 4, 'cross_validation': True, 'sort': 'Accuracy', 'n_select': 1, 'budget_time': None, 'turbo': True, 'errors': 'ignore', 'fit_kwargs': None, 'groups': None, 'experiment_custom_tags': None, 'probability_threshold': None, 'engine': None, 'verbose': True, 'parallel': None, '__class__': <class 'pycaret.classification.oop.ClassificationExperiment'>}, exclude=None)
2023-07-16 23:11:23,475:INFO:Checking exceptions
2023-07-16 23:11:23,482:INFO:Preparing display monitor
2023-07-16 23:11:23,491:INFO:Initializing Logistic Regression
2023-07-16 23:11:23,491:INFO:Total runtime is 3.6517779032389322e-06 minutes
2023-07-16 23:11:23,492:INFO:SubProcess create_model() called ==================================
2023-07-16 23:11:23,492:INFO:Initializing create_model()
2023-07-16 23:11:23,492:INFO:create_model(self=<pycaret.classification.oop.ClassificationExperiment object at 0x7fdf05411610>, estimator=lr, fold=StratifiedKFold(n_splits=10, random_state=None, shuffle=False), round=4, cross_validation=True, predict=True, fit_kwargs={}, groups=None, refit=False, probability_threshold=None, experiment_custom_tags=None, verbose=False, system=False, add_to_model_list=True, metrics=None, display=<pycaret.internal.display.display.CommonDisplay object at 0x7fdeff444e20>, model_only=True, return_train_score=False, kwargs={})
2023-07-16 23:11:23,492:INFO:Checking exceptions
2023-07-16 23:11:23,492:INFO:Importing libraries
2023-07-16 23:11:23,492:INFO:Copying training dataset
2023-07-16 23:11:23,499:INFO:Defining folds
2023-07-16 23:11:23,500:INFO:Declaring metric variables
2023-07-16 23:11:23,548:INFO:Importing untrained model
2023-07-16 23:11:23,551:INFO:Logistic Regression Imported successfully
2023-07-16 23:11:23,558:INFO:Starting cross validation
2023-07-16 23:11:23,561:INFO:Cross validating with StratifiedKFold(n_splits=10, random_state=None, shuffle=False), n_jobs=-1
2023-07-16 23:11:25,061:WARNING:Summarize dataset:  42%|â–ˆâ–ˆâ–ˆâ–ˆâ–ˆâ–ˆâ–ˆâ–ˆâ–ˆâ–ˆâ–ˆâ–ˆâ–ˆâ–ˆâ–ˆâ–ˆâ–ˆâ–ˆâ–ˆâ–ˆâ–ˆâ–Œ                             | 170/403 [02:07<06:43,  1.73s/it, scatter TrainingCount, Grade]Summarize dataset:  42%|â–ˆâ–ˆâ–ˆâ–ˆâ–ˆâ–ˆâ–ˆâ–ˆâ–ˆâ–ˆâ–ˆâ–ˆâ–ˆâ–ˆâ–ˆâ–ˆâ–ˆâ–ˆâ–ˆâ–ˆâ–ˆâ–Œ                             | 170/403 [02:07<06:43,  1.73s/it, scatter LastPosChange, Grade]
2023-07-16 23:11:25,070:WARNING:
2023-07-16 23:11:25,072:WARNING:

2023-07-16 23:11:25,072:WARNING:Render HTML:   0%|          | 0/1 [00:00<?, ?it/s]
2023-07-16 23:11:25,073:WARNING:Generate report structure: 100%|â–ˆâ–ˆâ–ˆâ–ˆâ–ˆâ–ˆâ–ˆâ–ˆâ–ˆâ–ˆâ–ˆâ–ˆâ–ˆâ–ˆâ–ˆâ–ˆâ–ˆâ–ˆâ–ˆâ–ˆâ–ˆâ–ˆâ–ˆâ–ˆâ–ˆâ–ˆâ–ˆâ–ˆâ–ˆâ–ˆâ–ˆâ–ˆâ–ˆâ–ˆâ–ˆâ–ˆâ–ˆâ–ˆâ–ˆâ–ˆâ–ˆâ–ˆâ–ˆâ–ˆâ–ˆâ–ˆâ–ˆâ–ˆâ–ˆâ–ˆâ–ˆâ–ˆâ–ˆâ–ˆâ–ˆâ–ˆâ–ˆâ–ˆâ–ˆâ–ˆâ–ˆâ–ˆâ–ˆâ–ˆâ–ˆâ–ˆâ–ˆâ–ˆâ–ˆâ–ˆâ–ˆâ–ˆâ–ˆâ–ˆâ–ˆâ–ˆâ–ˆ| 1/1 [01:02<00:00, 62.54s/it][AGenerate report structure: 100%|â–ˆâ–ˆâ–ˆâ–ˆâ–ˆâ–ˆâ–ˆâ–ˆâ–ˆâ–ˆâ–ˆâ–ˆâ–ˆâ–ˆâ–ˆâ–ˆâ–ˆâ–ˆâ–ˆâ–ˆâ–ˆâ–ˆâ–ˆâ–ˆâ–ˆâ–ˆâ–ˆâ–ˆâ–ˆâ–ˆâ–ˆâ–ˆâ–ˆâ–ˆâ–ˆâ–ˆâ–ˆâ–ˆâ–ˆâ–ˆâ–ˆâ–ˆâ–ˆâ–ˆâ–ˆâ–ˆâ–ˆâ–ˆâ–ˆâ–ˆâ–ˆâ–ˆâ–ˆâ–ˆâ–ˆâ–ˆâ–ˆâ–ˆâ–ˆâ–ˆâ–ˆâ–ˆâ–ˆâ–ˆâ–ˆâ–ˆâ–ˆâ–ˆâ–ˆâ–ˆâ–ˆâ–ˆâ–ˆâ–ˆâ–ˆâ–ˆâ–ˆ| 1/1 [01:02<00:00, 62.55s/it]
2023-07-16 23:11:25,077:WARNING:[A
2023-07-16 23:11:29,058:WARNING:Render HTML:   0%|          | 0/1 [00:03<?, ?it/s]
2023-07-16 23:11:29,058:WARNING:
2023-07-16 23:12:38,375:WARNING:
'cuml' is a soft dependency and not included in the pycaret installation. Please run: `pip install cuml` to install.
2023-07-16 23:12:38,376:WARNING:
'cuml' is a soft dependency and not included in the pycaret installation. Please run: `pip install cuml` to install.
2023-07-16 23:12:38,376:WARNING:
'cuml' is a soft dependency and not included in the pycaret installation. Please run: `pip install cuml` to install.
2023-07-16 23:12:38,376:WARNING:
'cuml' is a soft dependency and not included in the pycaret installation. Please run: `pip install cuml` to install.
2023-07-16 23:13:15,496:WARNING:
'cuml' is a soft dependency and not included in the pycaret installation. Please run: `pip install cuml` to install.
2023-07-16 23:13:15,497:WARNING:
'cuml' is a soft dependency and not included in the pycaret installation. Please run: `pip install cuml` to install.
2023-07-16 23:13:15,498:WARNING:
'cuml' is a soft dependency and not included in the pycaret installation. Please run: `pip install cuml` to install.
2023-07-16 23:13:15,498:WARNING:
'cuml' is a soft dependency and not included in the pycaret installation. Please run: `pip install cuml` to install.
2023-07-16 23:15:39,162:WARNING:
'cuml' is a soft dependency and not included in the pycaret installation. Please run: `pip install cuml` to install.
2023-07-16 23:15:39,163:WARNING:
'cuml' is a soft dependency and not included in the pycaret installation. Please run: `pip install cuml` to install.
2023-07-16 23:15:39,163:WARNING:
'cuml' is a soft dependency and not included in the pycaret installation. Please run: `pip install cuml` to install.
2023-07-16 23:15:39,163:WARNING:
'cuml' is a soft dependency and not included in the pycaret installation. Please run: `pip install cuml` to install.
2023-07-16 23:23:15,757:WARNING:
'cuml' is a soft dependency and not included in the pycaret installation. Please run: `pip install cuml` to install.
2023-07-16 23:23:15,758:WARNING:
'cuml' is a soft dependency and not included in the pycaret installation. Please run: `pip install cuml` to install.
2023-07-16 23:23:15,758:WARNING:
'cuml' is a soft dependency and not included in the pycaret installation. Please run: `pip install cuml` to install.
2023-07-16 23:23:15,758:WARNING:
'cuml' is a soft dependency and not included in the pycaret installation. Please run: `pip install cuml` to install.
2023-07-16 23:36:13,618:WARNING:
'cuml' is a soft dependency and not included in the pycaret installation. Please run: `pip install cuml` to install.
2023-07-16 23:36:13,619:WARNING:
'cuml' is a soft dependency and not included in the pycaret installation. Please run: `pip install cuml` to install.
2023-07-16 23:36:13,620:WARNING:
'cuml' is a soft dependency and not included in the pycaret installation. Please run: `pip install cuml` to install.
2023-07-16 23:36:13,620:WARNING:
'cuml' is a soft dependency and not included in the pycaret installation. Please run: `pip install cuml` to install.
2023-07-16 23:38:13,163:WARNING:
'cuml' is a soft dependency and not included in the pycaret installation. Please run: `pip install cuml` to install.
2023-07-16 23:38:13,164:WARNING:
'cuml' is a soft dependency and not included in the pycaret installation. Please run: `pip install cuml` to install.
2023-07-16 23:38:13,165:WARNING:
'cuml' is a soft dependency and not included in the pycaret installation. Please run: `pip install cuml` to install.
2023-07-16 23:38:13,165:WARNING:
'cuml' is a soft dependency and not included in the pycaret installation. Please run: `pip install cuml` to install.
2023-07-16 23:39:13,832:WARNING:
'cuml' is a soft dependency and not included in the pycaret installation. Please run: `pip install cuml` to install.
2023-07-16 23:39:13,834:WARNING:
'cuml' is a soft dependency and not included in the pycaret installation. Please run: `pip install cuml` to install.
2023-07-16 23:39:13,834:WARNING:
'cuml' is a soft dependency and not included in the pycaret installation. Please run: `pip install cuml` to install.
2023-07-16 23:39:13,834:WARNING:
'cuml' is a soft dependency and not included in the pycaret installation. Please run: `pip install cuml` to install.
2023-07-16 23:39:48,094:WARNING:
'cuml' is a soft dependency and not included in the pycaret installation. Please run: `pip install cuml` to install.
2023-07-16 23:39:48,095:WARNING:
'cuml' is a soft dependency and not included in the pycaret installation. Please run: `pip install cuml` to install.
2023-07-16 23:39:48,095:WARNING:
'cuml' is a soft dependency and not included in the pycaret installation. Please run: `pip install cuml` to install.
2023-07-16 23:39:48,095:WARNING:
'cuml' is a soft dependency and not included in the pycaret installation. Please run: `pip install cuml` to install.
2023-07-16 23:40:08,700:WARNING:
'cuml' is a soft dependency and not included in the pycaret installation. Please run: `pip install cuml` to install.
2023-07-16 23:40:08,702:WARNING:
'cuml' is a soft dependency and not included in the pycaret installation. Please run: `pip install cuml` to install.
2023-07-16 23:40:08,702:WARNING:
'cuml' is a soft dependency and not included in the pycaret installation. Please run: `pip install cuml` to install.
2023-07-16 23:40:08,702:WARNING:
'cuml' is a soft dependency and not included in the pycaret installation. Please run: `pip install cuml` to install.
2023-07-16 23:42:57,704:WARNING:
'cuml' is a soft dependency and not included in the pycaret installation. Please run: `pip install cuml` to install.
2023-07-16 23:42:57,707:WARNING:
'cuml' is a soft dependency and not included in the pycaret installation. Please run: `pip install cuml` to install.
2023-07-16 23:42:57,707:WARNING:
'cuml' is a soft dependency and not included in the pycaret installation. Please run: `pip install cuml` to install.
2023-07-16 23:42:57,707:WARNING:
'cuml' is a soft dependency and not included in the pycaret installation. Please run: `pip install cuml` to install.
2023-07-16 23:43:51,289:WARNING:
'cuml' is a soft dependency and not included in the pycaret installation. Please run: `pip install cuml` to install.
2023-07-16 23:43:51,290:WARNING:
'cuml' is a soft dependency and not included in the pycaret installation. Please run: `pip install cuml` to install.
2023-07-16 23:43:51,290:WARNING:
'cuml' is a soft dependency and not included in the pycaret installation. Please run: `pip install cuml` to install.
2023-07-16 23:43:51,290:WARNING:
'cuml' is a soft dependency and not included in the pycaret installation. Please run: `pip install cuml` to install.
2023-07-16 23:44:18,929:INFO:PyCaret ClassificationExperiment
2023-07-16 23:44:18,929:INFO:Logging name: clf-default-name
2023-07-16 23:44:18,929:INFO:ML Usecase: MLUsecase.CLASSIFICATION
2023-07-16 23:44:18,929:INFO:version 3.0.4
2023-07-16 23:44:18,929:INFO:Initializing setup()
2023-07-16 23:44:18,929:INFO:self.USI: 0f04
2023-07-16 23:44:18,929:INFO:self._variable_keys: {'fix_imbalance', 'log_plots_param', 'X_train', 'X_test', '_ml_usecase', 'idx', 'X', 'exp_name_log', 'data', 'html_param', 'is_multiclass', 'gpu_param', 'seed', 'logging_param', 'USI', 'target_param', 'y_train', 'n_jobs_param', 'fold_shuffle_param', 'exp_id', 'fold_generator', 'pipeline', 'memory', 'y', 'y_test', '_available_plots', 'fold_groups_param', 'gpu_n_jobs_param'}
2023-07-16 23:44:18,931:INFO:Checking environment
2023-07-16 23:44:18,931:INFO:python_version: 3.8.17
2023-07-16 23:44:18,931:INFO:python_build: ('default', 'Jul  5 2023 16:18:40')
2023-07-16 23:44:18,931:INFO:machine: x86_64
2023-07-16 23:44:18,991:INFO:platform: macOS-10.16-x86_64-i386-64bit
2023-07-16 23:44:18,993:INFO:Memory: svmem(total=8589934592, available=2648256512, percent=69.2, used=4152975360, free=189136896, active=2458157056, inactive=2421972992, wired=1694818304)
2023-07-16 23:44:18,993:INFO:Physical Core: 2
2023-07-16 23:44:18,994:INFO:Logical Core: 4
2023-07-16 23:44:18,994:INFO:Checking libraries
2023-07-16 23:44:18,994:INFO:System:
2023-07-16 23:44:18,994:INFO:    python: 3.8.17 (default, Jul  5 2023, 16:18:40)  [Clang 14.0.6 ]
2023-07-16 23:44:18,994:INFO:executable: /Users/iremkurt/anaconda3/envs/slit/bin/python3.8
2023-07-16 23:44:18,994:INFO:   machine: macOS-10.16-x86_64-i386-64bit
2023-07-16 23:44:18,994:INFO:PyCaret required dependencies:
2023-07-16 23:44:19,597:INFO:                 pip: 23.1.2
2023-07-16 23:44:19,599:INFO:          setuptools: 67.8.0
2023-07-16 23:44:19,600:INFO:             pycaret: 3.0.4
2023-07-16 23:44:19,600:INFO:             IPython: 8.12.0
2023-07-16 23:44:19,600:INFO:          ipywidgets: 8.0.7
2023-07-16 23:44:19,600:INFO:                tqdm: 4.65.0
2023-07-16 23:44:19,600:INFO:               numpy: 1.23.5
2023-07-16 23:44:19,600:INFO:              pandas: 1.5.3
2023-07-16 23:44:19,601:INFO:              jinja2: 3.1.2
2023-07-16 23:44:19,601:INFO:               scipy: 1.9.3
2023-07-16 23:44:19,601:INFO:              joblib: 1.3.0
2023-07-16 23:44:19,601:INFO:             sklearn: 1.2.2
2023-07-16 23:44:19,601:INFO:                pyod: 1.1.0
2023-07-16 23:44:19,601:INFO:            imblearn: 0.11.0
2023-07-16 23:44:19,601:INFO:   category_encoders: 2.6.1
2023-07-16 23:44:19,601:INFO:            lightgbm: 4.0.0
2023-07-16 23:44:19,601:INFO:               numba: 0.57.1
2023-07-16 23:44:19,601:INFO:            requests: 2.31.0
2023-07-16 23:44:19,601:INFO:          matplotlib: 3.5.3
2023-07-16 23:44:19,601:INFO:          scikitplot: 0.3.7
2023-07-16 23:44:19,601:INFO:         yellowbrick: 1.5
2023-07-16 23:44:19,601:INFO:              plotly: 5.15.0
2023-07-16 23:44:19,601:INFO:    plotly-resampler: Not installed
2023-07-16 23:44:19,601:INFO:             kaleido: 0.2.1
2023-07-16 23:44:19,601:INFO:           schemdraw: 0.15
2023-07-16 23:44:19,601:INFO:         statsmodels: 0.14.0
2023-07-16 23:44:19,601:INFO:              sktime: 0.20.1
2023-07-16 23:44:19,601:INFO:               tbats: 1.1.3
2023-07-16 23:44:19,602:INFO:            pmdarima: 2.0.3
2023-07-16 23:44:19,602:INFO:              psutil: 5.9.5
2023-07-16 23:44:19,602:INFO:          markupsafe: 2.1.3
2023-07-16 23:44:19,602:INFO:             pickle5: Not installed
2023-07-16 23:44:19,602:INFO:         cloudpickle: 2.2.1
2023-07-16 23:44:19,602:INFO:         deprecation: 2.1.0
2023-07-16 23:44:19,602:INFO:              xxhash: 3.2.0
2023-07-16 23:44:19,602:INFO:           wurlitzer: 3.0.3
2023-07-16 23:44:19,602:INFO:PyCaret optional dependencies:
2023-07-16 23:44:19,623:INFO:                shap: Not installed
2023-07-16 23:44:19,623:INFO:           interpret: Not installed
2023-07-16 23:44:19,624:INFO:                umap: Not installed
2023-07-16 23:44:19,624:INFO:    pandas_profiling: 0.0.dev0
2023-07-16 23:44:19,624:INFO:  explainerdashboard: Not installed
2023-07-16 23:44:19,624:INFO:             autoviz: Not installed
2023-07-16 23:44:19,624:INFO:           fairlearn: Not installed
2023-07-16 23:44:19,624:INFO:          deepchecks: Not installed
2023-07-16 23:44:19,624:INFO:             xgboost: Not installed
2023-07-16 23:44:19,624:INFO:            catboost: Not installed
2023-07-16 23:44:19,624:INFO:              kmodes: Not installed
2023-07-16 23:44:19,624:INFO:             mlxtend: Not installed
2023-07-16 23:44:19,624:INFO:       statsforecast: Not installed
2023-07-16 23:44:19,624:INFO:        tune_sklearn: Not installed
2023-07-16 23:44:19,624:INFO:                 ray: Not installed
2023-07-16 23:44:19,624:INFO:            hyperopt: Not installed
2023-07-16 23:44:19,624:INFO:              optuna: Not installed
2023-07-16 23:44:19,624:INFO:               skopt: Not installed
2023-07-16 23:44:19,624:INFO:              mlflow: Not installed
2023-07-16 23:44:19,624:INFO:              gradio: Not installed
2023-07-16 23:44:19,625:INFO:             fastapi: Not installed
2023-07-16 23:44:19,625:INFO:             uvicorn: Not installed
2023-07-16 23:44:19,625:INFO:              m2cgen: Not installed
2023-07-16 23:44:19,625:INFO:           evidently: Not installed
2023-07-16 23:44:19,625:INFO:               fugue: Not installed
2023-07-16 23:44:19,625:INFO:           streamlit: 1.24.1
2023-07-16 23:44:19,625:INFO:             prophet: Not installed
2023-07-16 23:44:19,625:INFO:None
2023-07-16 23:44:19,625:INFO:Set up data.
2023-07-16 23:44:19,661:INFO:Set up train/test split.
2023-07-16 23:47:16,947:WARNING:
'cuml' is a soft dependency and not included in the pycaret installation. Please run: `pip install cuml` to install.
2023-07-16 23:47:16,949:WARNING:
'cuml' is a soft dependency and not included in the pycaret installation. Please run: `pip install cuml` to install.
2023-07-16 23:47:16,949:WARNING:
'cuml' is a soft dependency and not included in the pycaret installation. Please run: `pip install cuml` to install.
2023-07-16 23:47:16,950:WARNING:
'cuml' is a soft dependency and not included in the pycaret installation. Please run: `pip install cuml` to install.
2023-07-16 23:47:40,896:WARNING:
'cuml' is a soft dependency and not included in the pycaret installation. Please run: `pip install cuml` to install.
2023-07-16 23:47:40,898:WARNING:
'cuml' is a soft dependency and not included in the pycaret installation. Please run: `pip install cuml` to install.
2023-07-16 23:47:40,898:WARNING:
'cuml' is a soft dependency and not included in the pycaret installation. Please run: `pip install cuml` to install.
2023-07-16 23:47:40,898:WARNING:
'cuml' is a soft dependency and not included in the pycaret installation. Please run: `pip install cuml` to install.
2023-07-16 23:48:12,852:WARNING:
'cuml' is a soft dependency and not included in the pycaret installation. Please run: `pip install cuml` to install.
2023-07-16 23:48:12,854:WARNING:
'cuml' is a soft dependency and not included in the pycaret installation. Please run: `pip install cuml` to install.
2023-07-16 23:48:12,854:WARNING:
'cuml' is a soft dependency and not included in the pycaret installation. Please run: `pip install cuml` to install.
2023-07-16 23:48:12,854:WARNING:
'cuml' is a soft dependency and not included in the pycaret installation. Please run: `pip install cuml` to install.
2023-07-16 23:52:37,770:WARNING:
'cuml' is a soft dependency and not included in the pycaret installation. Please run: `pip install cuml` to install.
2023-07-16 23:52:37,772:WARNING:
'cuml' is a soft dependency and not included in the pycaret installation. Please run: `pip install cuml` to install.
2023-07-16 23:52:37,772:WARNING:
'cuml' is a soft dependency and not included in the pycaret installation. Please run: `pip install cuml` to install.
2023-07-16 23:52:37,772:WARNING:
'cuml' is a soft dependency and not included in the pycaret installation. Please run: `pip install cuml` to install.
2023-07-16 23:58:28,978:WARNING:
'cuml' is a soft dependency and not included in the pycaret installation. Please run: `pip install cuml` to install.
2023-07-16 23:58:28,980:WARNING:
'cuml' is a soft dependency and not included in the pycaret installation. Please run: `pip install cuml` to install.
2023-07-16 23:58:28,980:WARNING:
'cuml' is a soft dependency and not included in the pycaret installation. Please run: `pip install cuml` to install.
2023-07-16 23:58:28,980:WARNING:
'cuml' is a soft dependency and not included in the pycaret installation. Please run: `pip install cuml` to install.
2023-07-17 00:00:42,451:WARNING:
'cuml' is a soft dependency and not included in the pycaret installation. Please run: `pip install cuml` to install.
2023-07-17 00:00:42,452:WARNING:
'cuml' is a soft dependency and not included in the pycaret installation. Please run: `pip install cuml` to install.
2023-07-17 00:00:42,452:WARNING:
'cuml' is a soft dependency and not included in the pycaret installation. Please run: `pip install cuml` to install.
2023-07-17 00:00:42,452:WARNING:
'cuml' is a soft dependency and not included in the pycaret installation. Please run: `pip install cuml` to install.
2023-07-17 00:01:12,834:WARNING:
'cuml' is a soft dependency and not included in the pycaret installation. Please run: `pip install cuml` to install.
2023-07-17 00:01:12,835:WARNING:
'cuml' is a soft dependency and not included in the pycaret installation. Please run: `pip install cuml` to install.
2023-07-17 00:01:12,835:WARNING:
'cuml' is a soft dependency and not included in the pycaret installation. Please run: `pip install cuml` to install.
2023-07-17 00:01:12,836:WARNING:
'cuml' is a soft dependency and not included in the pycaret installation. Please run: `pip install cuml` to install.
2023-07-17 00:02:05,237:WARNING:
'cuml' is a soft dependency and not included in the pycaret installation. Please run: `pip install cuml` to install.
2023-07-17 00:02:05,239:WARNING:
'cuml' is a soft dependency and not included in the pycaret installation. Please run: `pip install cuml` to install.
2023-07-17 00:02:05,239:WARNING:
'cuml' is a soft dependency and not included in the pycaret installation. Please run: `pip install cuml` to install.
2023-07-17 00:02:05,239:WARNING:
'cuml' is a soft dependency and not included in the pycaret installation. Please run: `pip install cuml` to install.
2023-07-17 00:02:18,791:WARNING:
'cuml' is a soft dependency and not included in the pycaret installation. Please run: `pip install cuml` to install.
2023-07-17 00:02:18,794:WARNING:
'cuml' is a soft dependency and not included in the pycaret installation. Please run: `pip install cuml` to install.
2023-07-17 00:02:18,794:WARNING:
'cuml' is a soft dependency and not included in the pycaret installation. Please run: `pip install cuml` to install.
2023-07-17 00:02:18,794:WARNING:
'cuml' is a soft dependency and not included in the pycaret installation. Please run: `pip install cuml` to install.
2023-07-17 00:03:44,970:WARNING:
'cuml' is a soft dependency and not included in the pycaret installation. Please run: `pip install cuml` to install.
2023-07-17 00:03:44,972:WARNING:
'cuml' is a soft dependency and not included in the pycaret installation. Please run: `pip install cuml` to install.
2023-07-17 00:03:44,972:WARNING:
'cuml' is a soft dependency and not included in the pycaret installation. Please run: `pip install cuml` to install.
2023-07-17 00:03:44,972:WARNING:
'cuml' is a soft dependency and not included in the pycaret installation. Please run: `pip install cuml` to install.
2023-07-17 00:05:22,446:WARNING:
'cuml' is a soft dependency and not included in the pycaret installation. Please run: `pip install cuml` to install.
2023-07-17 00:05:22,448:WARNING:
'cuml' is a soft dependency and not included in the pycaret installation. Please run: `pip install cuml` to install.
2023-07-17 00:05:22,448:WARNING:
'cuml' is a soft dependency and not included in the pycaret installation. Please run: `pip install cuml` to install.
2023-07-17 00:05:22,448:WARNING:
'cuml' is a soft dependency and not included in the pycaret installation. Please run: `pip install cuml` to install.
2023-07-17 00:11:28,749:WARNING:
'cuml' is a soft dependency and not included in the pycaret installation. Please run: `pip install cuml` to install.
2023-07-17 00:11:28,750:WARNING:
'cuml' is a soft dependency and not included in the pycaret installation. Please run: `pip install cuml` to install.
2023-07-17 00:11:28,751:WARNING:
'cuml' is a soft dependency and not included in the pycaret installation. Please run: `pip install cuml` to install.
2023-07-17 00:11:28,751:WARNING:
'cuml' is a soft dependency and not included in the pycaret installation. Please run: `pip install cuml` to install.
2023-07-17 00:11:58,355:WARNING:
'cuml' is a soft dependency and not included in the pycaret installation. Please run: `pip install cuml` to install.
2023-07-17 00:11:58,356:WARNING:
'cuml' is a soft dependency and not included in the pycaret installation. Please run: `pip install cuml` to install.
2023-07-17 00:11:58,356:WARNING:
'cuml' is a soft dependency and not included in the pycaret installation. Please run: `pip install cuml` to install.
2023-07-17 00:11:58,356:WARNING:
'cuml' is a soft dependency and not included in the pycaret installation. Please run: `pip install cuml` to install.
2023-07-17 00:16:02,103:WARNING:
'cuml' is a soft dependency and not included in the pycaret installation. Please run: `pip install cuml` to install.
2023-07-17 00:16:02,105:WARNING:
'cuml' is a soft dependency and not included in the pycaret installation. Please run: `pip install cuml` to install.
2023-07-17 00:16:02,105:WARNING:
'cuml' is a soft dependency and not included in the pycaret installation. Please run: `pip install cuml` to install.
2023-07-17 00:16:02,105:WARNING:
'cuml' is a soft dependency and not included in the pycaret installation. Please run: `pip install cuml` to install.
2023-07-17 15:51:39,762:WARNING:
'cuml' is a soft dependency and not included in the pycaret installation. Please run: `pip install cuml` to install.
2023-07-17 15:51:39,763:WARNING:
'cuml' is a soft dependency and not included in the pycaret installation. Please run: `pip install cuml` to install.
2023-07-17 15:51:39,763:WARNING:
'cuml' is a soft dependency and not included in the pycaret installation. Please run: `pip install cuml` to install.
2023-07-17 15:51:39,763:WARNING:
'cuml' is a soft dependency and not included in the pycaret installation. Please run: `pip install cuml` to install.
2023-07-17 15:56:53,582:WARNING:
'cuml' is a soft dependency and not included in the pycaret installation. Please run: `pip install cuml` to install.
2023-07-17 15:56:53,584:WARNING:
'cuml' is a soft dependency and not included in the pycaret installation. Please run: `pip install cuml` to install.
2023-07-17 15:56:53,584:WARNING:
'cuml' is a soft dependency and not included in the pycaret installation. Please run: `pip install cuml` to install.
2023-07-17 15:56:53,584:WARNING:
'cuml' is a soft dependency and not included in the pycaret installation. Please run: `pip install cuml` to install.
2023-07-17 15:57:07,202:WARNING:
'cuml' is a soft dependency and not included in the pycaret installation. Please run: `pip install cuml` to install.
2023-07-17 15:57:07,203:WARNING:
'cuml' is a soft dependency and not included in the pycaret installation. Please run: `pip install cuml` to install.
2023-07-17 15:57:07,203:WARNING:
'cuml' is a soft dependency and not included in the pycaret installation. Please run: `pip install cuml` to install.
2023-07-17 15:57:07,203:WARNING:
'cuml' is a soft dependency and not included in the pycaret installation. Please run: `pip install cuml` to install.
2023-07-17 15:57:39,051:WARNING:
'cuml' is a soft dependency and not included in the pycaret installation. Please run: `pip install cuml` to install.
2023-07-17 15:57:39,052:WARNING:
'cuml' is a soft dependency and not included in the pycaret installation. Please run: `pip install cuml` to install.
2023-07-17 15:57:39,052:WARNING:
'cuml' is a soft dependency and not included in the pycaret installation. Please run: `pip install cuml` to install.
2023-07-17 15:57:39,052:WARNING:
'cuml' is a soft dependency and not included in the pycaret installation. Please run: `pip install cuml` to install.
2023-07-17 15:59:33,772:WARNING:
'cuml' is a soft dependency and not included in the pycaret installation. Please run: `pip install cuml` to install.
2023-07-17 15:59:33,773:WARNING:
'cuml' is a soft dependency and not included in the pycaret installation. Please run: `pip install cuml` to install.
2023-07-17 15:59:33,773:WARNING:
'cuml' is a soft dependency and not included in the pycaret installation. Please run: `pip install cuml` to install.
2023-07-17 15:59:33,774:WARNING:
'cuml' is a soft dependency and not included in the pycaret installation. Please run: `pip install cuml` to install.
2023-07-17 16:00:24,851:WARNING:
'cuml' is a soft dependency and not included in the pycaret installation. Please run: `pip install cuml` to install.
2023-07-17 16:00:24,852:WARNING:
'cuml' is a soft dependency and not included in the pycaret installation. Please run: `pip install cuml` to install.
2023-07-17 16:00:24,852:WARNING:
'cuml' is a soft dependency and not included in the pycaret installation. Please run: `pip install cuml` to install.
2023-07-17 16:00:24,852:WARNING:
'cuml' is a soft dependency and not included in the pycaret installation. Please run: `pip install cuml` to install.
2023-07-17 16:00:42,017:WARNING:
'cuml' is a soft dependency and not included in the pycaret installation. Please run: `pip install cuml` to install.
2023-07-17 16:00:42,017:WARNING:
'cuml' is a soft dependency and not included in the pycaret installation. Please run: `pip install cuml` to install.
2023-07-17 16:00:42,017:WARNING:
'cuml' is a soft dependency and not included in the pycaret installation. Please run: `pip install cuml` to install.
2023-07-17 16:00:42,017:WARNING:
'cuml' is a soft dependency and not included in the pycaret installation. Please run: `pip install cuml` to install.
2023-07-17 16:00:55,822:WARNING:
'cuml' is a soft dependency and not included in the pycaret installation. Please run: `pip install cuml` to install.
2023-07-17 16:00:55,822:WARNING:
'cuml' is a soft dependency and not included in the pycaret installation. Please run: `pip install cuml` to install.
2023-07-17 16:00:55,823:WARNING:
'cuml' is a soft dependency and not included in the pycaret installation. Please run: `pip install cuml` to install.
2023-07-17 16:00:55,823:WARNING:
'cuml' is a soft dependency and not included in the pycaret installation. Please run: `pip install cuml` to install.
2023-07-17 16:02:28,771:WARNING:
'cuml' is a soft dependency and not included in the pycaret installation. Please run: `pip install cuml` to install.
2023-07-17 16:02:28,772:WARNING:
'cuml' is a soft dependency and not included in the pycaret installation. Please run: `pip install cuml` to install.
2023-07-17 16:02:28,772:WARNING:
'cuml' is a soft dependency and not included in the pycaret installation. Please run: `pip install cuml` to install.
2023-07-17 16:02:28,772:WARNING:
'cuml' is a soft dependency and not included in the pycaret installation. Please run: `pip install cuml` to install.
2023-07-17 16:03:33,281:WARNING:
'cuml' is a soft dependency and not included in the pycaret installation. Please run: `pip install cuml` to install.
2023-07-17 16:03:33,282:WARNING:
'cuml' is a soft dependency and not included in the pycaret installation. Please run: `pip install cuml` to install.
2023-07-17 16:03:33,282:WARNING:
'cuml' is a soft dependency and not included in the pycaret installation. Please run: `pip install cuml` to install.
2023-07-17 16:03:33,282:WARNING:
'cuml' is a soft dependency and not included in the pycaret installation. Please run: `pip install cuml` to install.
2023-07-17 16:08:51,998:WARNING:
'cuml' is a soft dependency and not included in the pycaret installation. Please run: `pip install cuml` to install.
2023-07-17 16:08:52,000:WARNING:
'cuml' is a soft dependency and not included in the pycaret installation. Please run: `pip install cuml` to install.
2023-07-17 16:08:52,000:WARNING:
'cuml' is a soft dependency and not included in the pycaret installation. Please run: `pip install cuml` to install.
2023-07-17 16:08:52,000:WARNING:
'cuml' is a soft dependency and not included in the pycaret installation. Please run: `pip install cuml` to install.
2023-07-17 16:33:27,928:WARNING:
'cuml' is a soft dependency and not included in the pycaret installation. Please run: `pip install cuml` to install.
2023-07-17 16:33:27,928:WARNING:
'cuml' is a soft dependency and not included in the pycaret installation. Please run: `pip install cuml` to install.
2023-07-17 16:33:27,928:WARNING:
'cuml' is a soft dependency and not included in the pycaret installation. Please run: `pip install cuml` to install.
2023-07-17 16:33:27,929:WARNING:
'cuml' is a soft dependency and not included in the pycaret installation. Please run: `pip install cuml` to install.
2023-07-17 16:33:57,423:WARNING:
'cuml' is a soft dependency and not included in the pycaret installation. Please run: `pip install cuml` to install.
2023-07-17 16:33:57,424:WARNING:
'cuml' is a soft dependency and not included in the pycaret installation. Please run: `pip install cuml` to install.
2023-07-17 16:33:57,424:WARNING:
'cuml' is a soft dependency and not included in the pycaret installation. Please run: `pip install cuml` to install.
2023-07-17 16:33:57,424:WARNING:
'cuml' is a soft dependency and not included in the pycaret installation. Please run: `pip install cuml` to install.
2023-07-17 16:39:38,189:WARNING:
'cuml' is a soft dependency and not included in the pycaret installation. Please run: `pip install cuml` to install.
2023-07-17 16:39:38,189:WARNING:
'cuml' is a soft dependency and not included in the pycaret installation. Please run: `pip install cuml` to install.
2023-07-17 16:39:38,189:WARNING:
'cuml' is a soft dependency and not included in the pycaret installation. Please run: `pip install cuml` to install.
2023-07-17 16:39:38,189:WARNING:
'cuml' is a soft dependency and not included in the pycaret installation. Please run: `pip install cuml` to install.
2023-07-17 17:15:26,180:WARNING:
'cuml' is a soft dependency and not included in the pycaret installation. Please run: `pip install cuml` to install.
2023-07-17 17:15:26,182:WARNING:
'cuml' is a soft dependency and not included in the pycaret installation. Please run: `pip install cuml` to install.
2023-07-17 17:15:26,183:WARNING:
'cuml' is a soft dependency and not included in the pycaret installation. Please run: `pip install cuml` to install.
2023-07-17 17:15:26,183:WARNING:
'cuml' is a soft dependency and not included in the pycaret installation. Please run: `pip install cuml` to install.
2023-07-17 17:16:13,364:WARNING:
'cuml' is a soft dependency and not included in the pycaret installation. Please run: `pip install cuml` to install.
2023-07-17 17:16:13,365:WARNING:
'cuml' is a soft dependency and not included in the pycaret installation. Please run: `pip install cuml` to install.
2023-07-17 17:16:13,365:WARNING:
'cuml' is a soft dependency and not included in the pycaret installation. Please run: `pip install cuml` to install.
2023-07-17 17:16:13,365:WARNING:
'cuml' is a soft dependency and not included in the pycaret installation. Please run: `pip install cuml` to install.
2023-07-17 17:21:28,390:WARNING:
'cuml' is a soft dependency and not included in the pycaret installation. Please run: `pip install cuml` to install.
2023-07-17 17:21:28,391:WARNING:
'cuml' is a soft dependency and not included in the pycaret installation. Please run: `pip install cuml` to install.
2023-07-17 17:21:28,391:WARNING:
'cuml' is a soft dependency and not included in the pycaret installation. Please run: `pip install cuml` to install.
2023-07-17 17:21:28,391:WARNING:
'cuml' is a soft dependency and not included in the pycaret installation. Please run: `pip install cuml` to install.
2023-07-17 17:23:08,045:WARNING:
'cuml' is a soft dependency and not included in the pycaret installation. Please run: `pip install cuml` to install.
2023-07-17 17:23:08,045:WARNING:
'cuml' is a soft dependency and not included in the pycaret installation. Please run: `pip install cuml` to install.
2023-07-17 17:23:08,045:WARNING:
'cuml' is a soft dependency and not included in the pycaret installation. Please run: `pip install cuml` to install.
2023-07-17 17:23:08,046:WARNING:
'cuml' is a soft dependency and not included in the pycaret installation. Please run: `pip install cuml` to install.
2023-07-17 17:24:52,740:WARNING:
'cuml' is a soft dependency and not included in the pycaret installation. Please run: `pip install cuml` to install.
2023-07-17 17:24:52,741:WARNING:
'cuml' is a soft dependency and not included in the pycaret installation. Please run: `pip install cuml` to install.
2023-07-17 17:24:52,741:WARNING:
'cuml' is a soft dependency and not included in the pycaret installation. Please run: `pip install cuml` to install.
2023-07-17 17:24:52,741:WARNING:
'cuml' is a soft dependency and not included in the pycaret installation. Please run: `pip install cuml` to install.
2023-07-17 17:25:07,705:WARNING:
'cuml' is a soft dependency and not included in the pycaret installation. Please run: `pip install cuml` to install.
2023-07-17 17:25:07,705:WARNING:
'cuml' is a soft dependency and not included in the pycaret installation. Please run: `pip install cuml` to install.
2023-07-17 17:25:07,706:WARNING:
'cuml' is a soft dependency and not included in the pycaret installation. Please run: `pip install cuml` to install.
2023-07-17 17:25:07,706:WARNING:
'cuml' is a soft dependency and not included in the pycaret installation. Please run: `pip install cuml` to install.
2023-07-17 17:25:24,657:WARNING:
'cuml' is a soft dependency and not included in the pycaret installation. Please run: `pip install cuml` to install.
2023-07-17 17:25:24,659:WARNING:
'cuml' is a soft dependency and not included in the pycaret installation. Please run: `pip install cuml` to install.
2023-07-17 17:25:24,659:WARNING:
'cuml' is a soft dependency and not included in the pycaret installation. Please run: `pip install cuml` to install.
2023-07-17 17:25:24,659:WARNING:
'cuml' is a soft dependency and not included in the pycaret installation. Please run: `pip install cuml` to install.
2023-07-17 17:32:05,019:WARNING:
'cuml' is a soft dependency and not included in the pycaret installation. Please run: `pip install cuml` to install.
2023-07-17 17:32:05,020:WARNING:
'cuml' is a soft dependency and not included in the pycaret installation. Please run: `pip install cuml` to install.
2023-07-17 17:32:05,021:WARNING:
'cuml' is a soft dependency and not included in the pycaret installation. Please run: `pip install cuml` to install.
2023-07-17 17:32:05,021:WARNING:
'cuml' is a soft dependency and not included in the pycaret installation. Please run: `pip install cuml` to install.
2023-07-17 17:33:20,698:WARNING:
'cuml' is a soft dependency and not included in the pycaret installation. Please run: `pip install cuml` to install.
2023-07-17 17:33:20,699:WARNING:
'cuml' is a soft dependency and not included in the pycaret installation. Please run: `pip install cuml` to install.
2023-07-17 17:33:20,699:WARNING:
'cuml' is a soft dependency and not included in the pycaret installation. Please run: `pip install cuml` to install.
2023-07-17 17:33:20,699:WARNING:
'cuml' is a soft dependency and not included in the pycaret installation. Please run: `pip install cuml` to install.
2023-07-17 17:56:08,879:WARNING:
'cuml' is a soft dependency and not included in the pycaret installation. Please run: `pip install cuml` to install.
2023-07-17 17:56:08,881:WARNING:
'cuml' is a soft dependency and not included in the pycaret installation. Please run: `pip install cuml` to install.
2023-07-17 17:56:08,881:WARNING:
'cuml' is a soft dependency and not included in the pycaret installation. Please run: `pip install cuml` to install.
2023-07-17 17:56:08,881:WARNING:
'cuml' is a soft dependency and not included in the pycaret installation. Please run: `pip install cuml` to install.
2023-07-17 17:56:27,712:WARNING:
'cuml' is a soft dependency and not included in the pycaret installation. Please run: `pip install cuml` to install.
2023-07-17 17:56:27,712:WARNING:
'cuml' is a soft dependency and not included in the pycaret installation. Please run: `pip install cuml` to install.
2023-07-17 17:56:27,713:WARNING:
'cuml' is a soft dependency and not included in the pycaret installation. Please run: `pip install cuml` to install.
2023-07-17 17:56:27,713:WARNING:
'cuml' is a soft dependency and not included in the pycaret installation. Please run: `pip install cuml` to install.
2023-07-17 18:03:26,674:WARNING:
'cuml' is a soft dependency and not included in the pycaret installation. Please run: `pip install cuml` to install.
2023-07-17 18:03:26,675:WARNING:
'cuml' is a soft dependency and not included in the pycaret installation. Please run: `pip install cuml` to install.
2023-07-17 18:03:26,675:WARNING:
'cuml' is a soft dependency and not included in the pycaret installation. Please run: `pip install cuml` to install.
2023-07-17 18:03:26,676:WARNING:
'cuml' is a soft dependency and not included in the pycaret installation. Please run: `pip install cuml` to install.
2023-07-17 18:06:48,245:WARNING:
'cuml' is a soft dependency and not included in the pycaret installation. Please run: `pip install cuml` to install.
2023-07-17 18:06:48,247:WARNING:
'cuml' is a soft dependency and not included in the pycaret installation. Please run: `pip install cuml` to install.
2023-07-17 18:06:48,248:WARNING:
'cuml' is a soft dependency and not included in the pycaret installation. Please run: `pip install cuml` to install.
2023-07-17 18:06:48,248:WARNING:
'cuml' is a soft dependency and not included in the pycaret installation. Please run: `pip install cuml` to install.
2023-07-17 18:09:14,867:WARNING:
'cuml' is a soft dependency and not included in the pycaret installation. Please run: `pip install cuml` to install.
2023-07-17 18:09:14,867:WARNING:
'cuml' is a soft dependency and not included in the pycaret installation. Please run: `pip install cuml` to install.
2023-07-17 18:09:14,867:WARNING:
'cuml' is a soft dependency and not included in the pycaret installation. Please run: `pip install cuml` to install.
2023-07-17 18:09:14,868:WARNING:
'cuml' is a soft dependency and not included in the pycaret installation. Please run: `pip install cuml` to install.
2023-07-17 18:09:55,338:WARNING:
'cuml' is a soft dependency and not included in the pycaret installation. Please run: `pip install cuml` to install.
2023-07-17 18:09:55,339:WARNING:
'cuml' is a soft dependency and not included in the pycaret installation. Please run: `pip install cuml` to install.
2023-07-17 18:09:55,340:WARNING:
'cuml' is a soft dependency and not included in the pycaret installation. Please run: `pip install cuml` to install.
2023-07-17 18:09:55,340:WARNING:
'cuml' is a soft dependency and not included in the pycaret installation. Please run: `pip install cuml` to install.
2023-07-17 18:12:10,384:WARNING:
'cuml' is a soft dependency and not included in the pycaret installation. Please run: `pip install cuml` to install.
2023-07-17 18:12:10,384:WARNING:
'cuml' is a soft dependency and not included in the pycaret installation. Please run: `pip install cuml` to install.
2023-07-17 18:12:10,384:WARNING:
'cuml' is a soft dependency and not included in the pycaret installation. Please run: `pip install cuml` to install.
2023-07-17 18:12:10,384:WARNING:
'cuml' is a soft dependency and not included in the pycaret installation. Please run: `pip install cuml` to install.
2023-07-17 18:12:41,533:INFO:PyCaret ClassificationExperiment
2023-07-17 18:12:41,533:INFO:Logging name: clf-default-name
2023-07-17 18:12:41,533:INFO:ML Usecase: MLUsecase.CLASSIFICATION
2023-07-17 18:12:41,533:INFO:version 3.0.4
2023-07-17 18:12:41,533:INFO:Initializing setup()
2023-07-17 18:12:41,533:INFO:self.USI: 562e
2023-07-17 18:12:41,533:INFO:self._variable_keys: {'data', 'USI', 'pipeline', 'is_multiclass', 'X_test', 'idx', '_ml_usecase', 'target_param', 'gpu_n_jobs_param', 'exp_id', 'y_train', 'fold_shuffle_param', 'fix_imbalance', 'y', 'n_jobs_param', 'fold_groups_param', 'y_test', 'X', 'fold_generator', 'X_train', 'log_plots_param', 'memory', 'gpu_param', 'exp_name_log', 'seed', '_available_plots', 'logging_param', 'html_param'}
2023-07-17 18:12:41,534:INFO:Checking environment
2023-07-17 18:12:41,534:INFO:python_version: 3.8.17
2023-07-17 18:12:41,534:INFO:python_build: ('default', 'Jul  5 2023 16:18:40')
2023-07-17 18:12:41,534:INFO:machine: x86_64
2023-07-17 18:12:41,650:INFO:platform: macOS-10.16-x86_64-i386-64bit
2023-07-17 18:12:41,653:INFO:Memory: svmem(total=8589934592, available=2152574976, percent=74.9, used=3812319232, free=79966208, active=2071674880, inactive=2054078464, wired=1740644352)
2023-07-17 18:12:41,654:INFO:Physical Core: 2
2023-07-17 18:12:41,654:INFO:Logical Core: 4
2023-07-17 18:12:41,654:INFO:Checking libraries
2023-07-17 18:12:41,654:INFO:System:
2023-07-17 18:12:41,654:INFO:    python: 3.8.17 (default, Jul  5 2023, 16:18:40)  [Clang 14.0.6 ]
2023-07-17 18:12:41,654:INFO:executable: /Users/iremkurt/anaconda3/envs/slit/bin/python3.8
2023-07-17 18:12:41,654:INFO:   machine: macOS-10.16-x86_64-i386-64bit
2023-07-17 18:12:41,654:INFO:PyCaret required dependencies:
2023-07-17 18:12:49,577:INFO:                 pip: 23.1.2
2023-07-17 18:12:49,579:INFO:          setuptools: 67.8.0
2023-07-17 18:12:49,579:INFO:             pycaret: 3.0.4
2023-07-17 18:12:49,579:INFO:             IPython: 8.12.0
2023-07-17 18:12:49,580:INFO:          ipywidgets: 7.7.5
2023-07-17 18:12:49,580:INFO:                tqdm: 4.65.0
2023-07-17 18:12:49,580:INFO:               numpy: 1.23.5
2023-07-17 18:12:49,580:INFO:              pandas: 1.5.3
2023-07-17 18:12:49,580:INFO:              jinja2: 3.0.3
2023-07-17 18:12:49,580:INFO:               scipy: 1.9.3
2023-07-17 18:12:49,580:INFO:              joblib: 1.3.0
2023-07-17 18:12:49,580:INFO:             sklearn: 1.2.2
2023-07-17 18:12:49,580:INFO:                pyod: 1.1.0
2023-07-17 18:12:49,580:INFO:            imblearn: 0.11.0
2023-07-17 18:12:49,581:INFO:   category_encoders: 2.6.1
2023-07-17 18:12:49,581:INFO:            lightgbm: 4.0.0
2023-07-17 18:12:49,581:INFO:               numba: 0.57.1
2023-07-17 18:12:49,581:INFO:            requests: 2.31.0
2023-07-17 18:12:49,581:INFO:          matplotlib: 3.5.3
2023-07-17 18:12:49,581:INFO:          scikitplot: 0.3.7
2023-07-17 18:12:49,581:INFO:         yellowbrick: 1.5
2023-07-17 18:12:49,581:INFO:              plotly: 5.15.0
2023-07-17 18:12:49,581:INFO:    plotly-resampler: Not installed
2023-07-17 18:12:49,581:INFO:             kaleido: 0.2.1
2023-07-17 18:12:49,582:INFO:           schemdraw: 0.15
2023-07-17 18:12:49,582:INFO:         statsmodels: 0.14.0
2023-07-17 18:12:49,582:INFO:              sktime: 0.20.1
2023-07-17 18:12:49,582:INFO:               tbats: 1.1.3
2023-07-17 18:12:49,582:INFO:            pmdarima: 2.0.3
2023-07-17 18:12:49,582:INFO:              psutil: 5.9.5
2023-07-17 18:12:49,582:INFO:          markupsafe: 2.1.3
2023-07-17 18:12:49,582:INFO:             pickle5: Not installed
2023-07-17 18:12:49,582:INFO:         cloudpickle: 2.2.1
2023-07-17 18:12:49,582:INFO:         deprecation: 2.1.0
2023-07-17 18:12:49,582:INFO:              xxhash: 3.2.0
2023-07-17 18:12:49,582:INFO:           wurlitzer: 3.0.3
2023-07-17 18:12:49,582:INFO:PyCaret optional dependencies:
2023-07-17 18:12:49,620:INFO:                shap: Not installed
2023-07-17 18:12:49,620:INFO:           interpret: Not installed
2023-07-17 18:12:49,620:INFO:                umap: Not installed
2023-07-17 18:12:49,620:INFO:    pandas_profiling: 0.0.dev0
2023-07-17 18:12:49,620:INFO:  explainerdashboard: Not installed
2023-07-17 18:12:49,620:INFO:             autoviz: Not installed
2023-07-17 18:12:49,621:INFO:           fairlearn: Not installed
2023-07-17 18:12:49,621:INFO:          deepchecks: Not installed
2023-07-17 18:12:49,621:INFO:             xgboost: Not installed
2023-07-17 18:12:49,621:INFO:            catboost: Not installed
2023-07-17 18:12:49,621:INFO:              kmodes: Not installed
2023-07-17 18:12:49,621:INFO:             mlxtend: Not installed
2023-07-17 18:12:49,621:INFO:       statsforecast: Not installed
2023-07-17 18:12:49,621:INFO:        tune_sklearn: Not installed
2023-07-17 18:12:49,621:INFO:                 ray: Not installed
2023-07-17 18:12:49,621:INFO:            hyperopt: Not installed
2023-07-17 18:12:49,621:INFO:              optuna: Not installed
2023-07-17 18:12:49,621:INFO:               skopt: Not installed
2023-07-17 18:12:49,621:INFO:              mlflow: Not installed
2023-07-17 18:12:49,621:INFO:              gradio: Not installed
2023-07-17 18:12:49,621:INFO:             fastapi: Not installed
2023-07-17 18:12:49,621:INFO:             uvicorn: Not installed
2023-07-17 18:12:49,621:INFO:              m2cgen: Not installed
2023-07-17 18:12:49,621:INFO:           evidently: Not installed
2023-07-17 18:12:49,621:INFO:               fugue: Not installed
2023-07-17 18:12:49,621:INFO:           streamlit: 1.24.1
2023-07-17 18:12:49,622:INFO:             prophet: Not installed
2023-07-17 18:12:49,622:INFO:None
2023-07-17 18:12:49,622:INFO:Set up data.
2023-07-17 18:12:49,654:INFO:Set up train/test split.
2023-07-17 18:12:49,688:INFO:Set up index.
2023-07-17 18:12:49,688:INFO:Set up folding strategy.
2023-07-17 18:12:49,689:INFO:Assigning column types.
2023-07-17 18:12:49,708:INFO:Engine successfully changes for model 'lr' to 'sklearn'.
2023-07-17 18:12:49,826:INFO:Engine for model 'knn' has not been set explicitly, hence returning None.
2023-07-17 18:12:49,830:INFO:Engine for model 'rbfsvm' has not been set explicitly, hence returning None.
2023-07-17 18:12:49,925:WARNING:
'xgboost' is a soft dependency and not included in the pycaret installation. Please run: `pip install xgboost` to install.
Alternately, you can install this by running `pip install pycaret[models]`
2023-07-17 18:12:49,926:WARNING:
'catboost' is a soft dependency and not included in the pycaret installation. Please run: `pip install catboost` to install.
Alternately, you can install this by running `pip install pycaret[models]`
2023-07-17 18:12:50,023:INFO:Engine for model 'knn' has not been set explicitly, hence returning None.
2023-07-17 18:12:50,024:INFO:Engine for model 'rbfsvm' has not been set explicitly, hence returning None.
2023-07-17 18:12:50,079:WARNING:
'xgboost' is a soft dependency and not included in the pycaret installation. Please run: `pip install xgboost` to install.
Alternately, you can install this by running `pip install pycaret[models]`
2023-07-17 18:12:50,079:WARNING:
'catboost' is a soft dependency and not included in the pycaret installation. Please run: `pip install catboost` to install.
Alternately, you can install this by running `pip install pycaret[models]`
2023-07-17 18:12:50,080:INFO:Engine successfully changes for model 'knn' to 'sklearn'.
2023-07-17 18:12:50,171:INFO:Engine for model 'rbfsvm' has not been set explicitly, hence returning None.
2023-07-17 18:12:50,243:WARNING:
'xgboost' is a soft dependency and not included in the pycaret installation. Please run: `pip install xgboost` to install.
Alternately, you can install this by running `pip install pycaret[models]`
2023-07-17 18:12:50,243:WARNING:
'catboost' is a soft dependency and not included in the pycaret installation. Please run: `pip install catboost` to install.
Alternately, you can install this by running `pip install pycaret[models]`
2023-07-17 18:12:50,390:INFO:Engine for model 'rbfsvm' has not been set explicitly, hence returning None.
2023-07-17 18:12:50,463:WARNING:
'xgboost' is a soft dependency and not included in the pycaret installation. Please run: `pip install xgboost` to install.
Alternately, you can install this by running `pip install pycaret[models]`
2023-07-17 18:12:50,464:WARNING:
'catboost' is a soft dependency and not included in the pycaret installation. Please run: `pip install catboost` to install.
Alternately, you can install this by running `pip install pycaret[models]`
2023-07-17 18:12:50,464:INFO:Engine successfully changes for model 'rbfsvm' to 'sklearn'.
2023-07-17 18:12:50,638:WARNING:
'xgboost' is a soft dependency and not included in the pycaret installation. Please run: `pip install xgboost` to install.
Alternately, you can install this by running `pip install pycaret[models]`
2023-07-17 18:12:50,639:WARNING:
'catboost' is a soft dependency and not included in the pycaret installation. Please run: `pip install catboost` to install.
Alternately, you can install this by running `pip install pycaret[models]`
2023-07-17 18:12:50,795:WARNING:
'xgboost' is a soft dependency and not included in the pycaret installation. Please run: `pip install xgboost` to install.
Alternately, you can install this by running `pip install pycaret[models]`
2023-07-17 18:12:50,796:WARNING:
'catboost' is a soft dependency and not included in the pycaret installation. Please run: `pip install catboost` to install.
Alternately, you can install this by running `pip install pycaret[models]`
2023-07-17 18:12:50,802:INFO:Preparing preprocessing pipeline...
2023-07-17 18:12:50,804:INFO:Set up simple imputation.
2023-07-17 18:12:50,811:INFO:Set up encoding of categorical features.
2023-07-17 18:12:50,812:INFO:Set up column name cleaning.
2023-07-17 18:12:51,090:INFO:Finished creating preprocessing pipeline.
2023-07-17 18:12:51,111:INFO:Pipeline: Pipeline(memory=FastMemory(location=/var/folders/q_/m4c7kcfx23lfngmh1d06_9_c0000gn/T/joblib),
         steps=[('numerical_imputer',
                 TransformerWrapper(exclude=None,
                                    include=['EmpID', 'Retirement', 'Age',
                                             'Gender', 'Tenure', 'Manager1',
                                             'Manager2', 'OfficeLocation',
                                             'DistancetoOffice', 'CommuteType',
                                             'MaritialStatus', 'ChildrenCount',
                                             'ChildrenEdu', 'Potential',
                                             'Grade', 'Gro...
                 TransformerWrapper(exclude=None, include=['StartDate'],
                                    transformer=TargetEncoder(cols=['StartDate'],
                                                              drop_invariant=False,
                                                              handle_missing='return_nan',
                                                              handle_unknown='value',
                                                              hierarchy=None,
                                                              min_samples_leaf=20,
                                                              return_df=True,
                                                              smoothing=10,
                                                              verbose=0))),
                ('clean_column_names',
                 TransformerWrapper(exclude=None, include=None,
                                    transformer=CleanColumnNames(match='[\\]\\[\\,\\{\\}\\"\\:]+')))],
         verbose=False)
2023-07-17 18:12:51,111:INFO:Creating final display dataframe.
2023-07-17 18:12:51,824:INFO:Setup _display_container:                     Description             Value
0                    Session id              1885
1                        Target         Retention
2                   Target type            Binary
3           Original data shape         (548, 35)
4        Transformed data shape         (548, 45)
5   Transformed train set shape         (383, 45)
6    Transformed test set shape         (165, 45)
7              Numeric features                31
8          Categorical features                 3
9      Rows with missing values            100.0%
10                   Preprocess              True
11              Imputation type            simple
12           Numeric imputation              mean
13       Categorical imputation              mode
14     Maximum one-hot encoding                25
15              Encoding method              None
16               Fold Generator   StratifiedKFold
17                  Fold Number                10
18                     CPU Jobs                -1
19                      Use GPU             False
20               Log Experiment             False
21              Experiment Name  clf-default-name
22                          USI              562e
2023-07-17 18:12:51,968:WARNING:
'xgboost' is a soft dependency and not included in the pycaret installation. Please run: `pip install xgboost` to install.
Alternately, you can install this by running `pip install pycaret[models]`
2023-07-17 18:12:51,968:WARNING:
'catboost' is a soft dependency and not included in the pycaret installation. Please run: `pip install catboost` to install.
Alternately, you can install this by running `pip install pycaret[models]`
2023-07-17 18:12:52,123:WARNING:
'xgboost' is a soft dependency and not included in the pycaret installation. Please run: `pip install xgboost` to install.
Alternately, you can install this by running `pip install pycaret[models]`
2023-07-17 18:12:52,125:WARNING:
'catboost' is a soft dependency and not included in the pycaret installation. Please run: `pip install catboost` to install.
Alternately, you can install this by running `pip install pycaret[models]`
2023-07-17 18:12:52,127:INFO:setup() successfully completed in 10.61s...............
2023-07-17 18:12:52,140:INFO:Initializing compare_models()
2023-07-17 18:12:52,140:INFO:compare_models(self=<pycaret.classification.oop.ClassificationExperiment object at 0x7fa6cf18a1f0>, include=None, fold=None, round=4, cross_validation=True, sort=Accuracy, n_select=1, budget_time=None, turbo=True, errors=ignore, fit_kwargs=None, groups=None, experiment_custom_tags=None, probability_threshold=None, verbose=True, parallel=None, caller_params={'self': <pycaret.classification.oop.ClassificationExperiment object at 0x7fa6cf18a1f0>, 'include': None, 'exclude': None, 'fold': None, 'round': 4, 'cross_validation': True, 'sort': 'Accuracy', 'n_select': 1, 'budget_time': None, 'turbo': True, 'errors': 'ignore', 'fit_kwargs': None, 'groups': None, 'experiment_custom_tags': None, 'probability_threshold': None, 'engine': None, 'verbose': True, 'parallel': None, '__class__': <class 'pycaret.classification.oop.ClassificationExperiment'>}, exclude=None)
2023-07-17 18:12:52,140:INFO:Checking exceptions
2023-07-17 18:12:52,146:INFO:Preparing display monitor
2023-07-17 18:12:52,155:INFO:Initializing Logistic Regression
2023-07-17 18:12:52,155:INFO:Total runtime is 3.548463185628255e-06 minutes
2023-07-17 18:12:52,156:INFO:SubProcess create_model() called ==================================
2023-07-17 18:12:52,157:INFO:Initializing create_model()
2023-07-17 18:12:52,157:INFO:create_model(self=<pycaret.classification.oop.ClassificationExperiment object at 0x7fa6cf18a1f0>, estimator=lr, fold=StratifiedKFold(n_splits=10, random_state=None, shuffle=False), round=4, cross_validation=True, predict=True, fit_kwargs={}, groups=None, refit=False, probability_threshold=None, experiment_custom_tags=None, verbose=False, system=False, add_to_model_list=True, metrics=None, display=<pycaret.internal.display.display.CommonDisplay object at 0x7fa6d23e7fd0>, model_only=True, return_train_score=False, kwargs={})
2023-07-17 18:12:52,157:INFO:Checking exceptions
2023-07-17 18:12:52,158:INFO:Importing libraries
2023-07-17 18:12:52,158:INFO:Copying training dataset
2023-07-17 18:12:52,173:INFO:Defining folds
2023-07-17 18:12:52,173:INFO:Declaring metric variables
2023-07-17 18:12:52,174:INFO:Importing untrained model
2023-07-17 18:12:52,174:INFO:Logistic Regression Imported successfully
2023-07-17 18:12:52,175:INFO:Starting cross validation
2023-07-17 18:12:52,180:INFO:Cross validating with StratifiedKFold(n_splits=10, random_state=None, shuffle=False), n_jobs=-1
2023-07-17 18:13:10,080:WARNING:/Users/iremkurt/anaconda3/envs/slit/lib/python3.8/site-packages/sklearn/linear_model/_logistic.py:458: ConvergenceWarning: lbfgs failed to converge (status=1):
STOP: TOTAL NO. of ITERATIONS REACHED LIMIT.

Increase the number of iterations (max_iter) or scale the data as shown in:
    https://scikit-learn.org/stable/modules/preprocessing.html
Please also refer to the documentation for alternative solver options:
    https://scikit-learn.org/stable/modules/linear_model.html#logistic-regression
  n_iter_i = _check_optimize_result(

2023-07-17 18:13:10,088:WARNING:/Users/iremkurt/anaconda3/envs/slit/lib/python3.8/site-packages/sklearn/linear_model/_logistic.py:458: ConvergenceWarning: lbfgs failed to converge (status=1):
STOP: TOTAL NO. of ITERATIONS REACHED LIMIT.

Increase the number of iterations (max_iter) or scale the data as shown in:
    https://scikit-learn.org/stable/modules/preprocessing.html
Please also refer to the documentation for alternative solver options:
    https://scikit-learn.org/stable/modules/linear_model.html#logistic-regression
  n_iter_i = _check_optimize_result(

2023-07-17 18:13:10,092:WARNING:/Users/iremkurt/anaconda3/envs/slit/lib/python3.8/site-packages/sklearn/linear_model/_logistic.py:458: ConvergenceWarning: lbfgs failed to converge (status=1):
STOP: TOTAL NO. of ITERATIONS REACHED LIMIT.

Increase the number of iterations (max_iter) or scale the data as shown in:
    https://scikit-learn.org/stable/modules/preprocessing.html
Please also refer to the documentation for alternative solver options:
    https://scikit-learn.org/stable/modules/linear_model.html#logistic-regression
  n_iter_i = _check_optimize_result(

2023-07-17 18:13:10,328:WARNING:/Users/iremkurt/anaconda3/envs/slit/lib/python3.8/site-packages/sklearn/linear_model/_logistic.py:458: ConvergenceWarning: lbfgs failed to converge (status=1):
STOP: TOTAL NO. of ITERATIONS REACHED LIMIT.

Increase the number of iterations (max_iter) or scale the data as shown in:
    https://scikit-learn.org/stable/modules/preprocessing.html
Please also refer to the documentation for alternative solver options:
    https://scikit-learn.org/stable/modules/linear_model.html#logistic-regression
  n_iter_i = _check_optimize_result(

2023-07-17 18:13:13,449:WARNING:/Users/iremkurt/anaconda3/envs/slit/lib/python3.8/site-packages/sklearn/linear_model/_logistic.py:458: ConvergenceWarning: lbfgs failed to converge (status=1):
STOP: TOTAL NO. of ITERATIONS REACHED LIMIT.

Increase the number of iterations (max_iter) or scale the data as shown in:
    https://scikit-learn.org/stable/modules/preprocessing.html
Please also refer to the documentation for alternative solver options:
    https://scikit-learn.org/stable/modules/linear_model.html#logistic-regression
  n_iter_i = _check_optimize_result(

2023-07-17 18:13:13,494:WARNING:/Users/iremkurt/anaconda3/envs/slit/lib/python3.8/site-packages/sklearn/linear_model/_logistic.py:458: ConvergenceWarning: lbfgs failed to converge (status=1):
STOP: TOTAL NO. of ITERATIONS REACHED LIMIT.

Increase the number of iterations (max_iter) or scale the data as shown in:
    https://scikit-learn.org/stable/modules/preprocessing.html
Please also refer to the documentation for alternative solver options:
    https://scikit-learn.org/stable/modules/linear_model.html#logistic-regression
  n_iter_i = _check_optimize_result(

2023-07-17 18:13:13,515:WARNING:/Users/iremkurt/anaconda3/envs/slit/lib/python3.8/site-packages/sklearn/linear_model/_logistic.py:458: ConvergenceWarning: lbfgs failed to converge (status=1):
STOP: TOTAL NO. of ITERATIONS REACHED LIMIT.

Increase the number of iterations (max_iter) or scale the data as shown in:
    https://scikit-learn.org/stable/modules/preprocessing.html
Please also refer to the documentation for alternative solver options:
    https://scikit-learn.org/stable/modules/linear_model.html#logistic-regression
  n_iter_i = _check_optimize_result(

2023-07-17 18:13:13,669:WARNING:/Users/iremkurt/anaconda3/envs/slit/lib/python3.8/site-packages/sklearn/linear_model/_logistic.py:458: ConvergenceWarning: lbfgs failed to converge (status=1):
STOP: TOTAL NO. of ITERATIONS REACHED LIMIT.

Increase the number of iterations (max_iter) or scale the data as shown in:
    https://scikit-learn.org/stable/modules/preprocessing.html
Please also refer to the documentation for alternative solver options:
    https://scikit-learn.org/stable/modules/linear_model.html#logistic-regression
  n_iter_i = _check_optimize_result(

2023-07-17 18:13:15,106:WARNING:/Users/iremkurt/anaconda3/envs/slit/lib/python3.8/site-packages/sklearn/linear_model/_logistic.py:458: ConvergenceWarning: lbfgs failed to converge (status=1):
STOP: TOTAL NO. of ITERATIONS REACHED LIMIT.

Increase the number of iterations (max_iter) or scale the data as shown in:
    https://scikit-learn.org/stable/modules/preprocessing.html
Please also refer to the documentation for alternative solver options:
    https://scikit-learn.org/stable/modules/linear_model.html#logistic-regression
  n_iter_i = _check_optimize_result(

2023-07-17 18:13:15,109:WARNING:/Users/iremkurt/anaconda3/envs/slit/lib/python3.8/site-packages/sklearn/linear_model/_logistic.py:458: ConvergenceWarning: lbfgs failed to converge (status=1):
STOP: TOTAL NO. of ITERATIONS REACHED LIMIT.

Increase the number of iterations (max_iter) or scale the data as shown in:
    https://scikit-learn.org/stable/modules/preprocessing.html
Please also refer to the documentation for alternative solver options:
    https://scikit-learn.org/stable/modules/linear_model.html#logistic-regression
  n_iter_i = _check_optimize_result(

2023-07-17 18:13:15,698:INFO:Calculating mean and std
2023-07-17 18:13:15,704:INFO:Creating metrics dataframe
2023-07-17 18:13:15,764:INFO:Uploading results into container
2023-07-17 18:13:15,773:INFO:Uploading model into container now
2023-07-17 18:13:15,776:INFO:_master_model_container: 1
2023-07-17 18:13:15,776:INFO:_display_container: 2
2023-07-17 18:13:15,777:INFO:LogisticRegression(C=1.0, class_weight=None, dual=False, fit_intercept=True,
                   intercept_scaling=1, l1_ratio=None, max_iter=1000,
                   multi_class='auto', n_jobs=None, penalty='l2',
                   random_state=1885, solver='lbfgs', tol=0.0001, verbose=0,
                   warm_start=False)
2023-07-17 18:13:15,778:INFO:create_model() successfully completed......................................
2023-07-17 18:13:16,564:INFO:SubProcess create_model() end ==================================
2023-07-17 18:13:16,565:INFO:Creating metrics dataframe
2023-07-17 18:13:16,574:INFO:Initializing K Neighbors Classifier
2023-07-17 18:13:16,574:INFO:Total runtime is 0.406987452507019 minutes
2023-07-17 18:13:16,575:INFO:SubProcess create_model() called ==================================
2023-07-17 18:13:16,575:INFO:Initializing create_model()
2023-07-17 18:13:16,575:INFO:create_model(self=<pycaret.classification.oop.ClassificationExperiment object at 0x7fa6cf18a1f0>, estimator=knn, fold=StratifiedKFold(n_splits=10, random_state=None, shuffle=False), round=4, cross_validation=True, predict=True, fit_kwargs={}, groups=None, refit=False, probability_threshold=None, experiment_custom_tags=None, verbose=False, system=False, add_to_model_list=True, metrics=None, display=<pycaret.internal.display.display.CommonDisplay object at 0x7fa6d23e7fd0>, model_only=True, return_train_score=False, kwargs={})
2023-07-17 18:13:16,575:INFO:Checking exceptions
2023-07-17 18:13:16,575:INFO:Importing libraries
2023-07-17 18:13:16,575:INFO:Copying training dataset
2023-07-17 18:13:16,581:INFO:Defining folds
2023-07-17 18:13:16,581:INFO:Declaring metric variables
2023-07-17 18:13:16,582:INFO:Importing untrained model
2023-07-17 18:13:16,582:INFO:K Neighbors Classifier Imported successfully
2023-07-17 18:13:16,582:INFO:Starting cross validation
2023-07-17 18:13:16,586:INFO:Cross validating with StratifiedKFold(n_splits=10, random_state=None, shuffle=False), n_jobs=-1
2023-07-17 18:13:19,146:INFO:Calculating mean and std
2023-07-17 18:13:19,147:INFO:Creating metrics dataframe
2023-07-17 18:13:19,174:INFO:Uploading results into container
2023-07-17 18:13:19,175:INFO:Uploading model into container now
2023-07-17 18:13:19,175:INFO:_master_model_container: 2
2023-07-17 18:13:19,175:INFO:_display_container: 2
2023-07-17 18:13:19,176:INFO:KNeighborsClassifier(algorithm='auto', leaf_size=30, metric='minkowski',
                     metric_params=None, n_jobs=-1, n_neighbors=5, p=2,
                     weights='uniform')
2023-07-17 18:13:19,176:INFO:create_model() successfully completed......................................
2023-07-17 18:13:19,328:INFO:SubProcess create_model() end ==================================
2023-07-17 18:13:19,328:INFO:Creating metrics dataframe
2023-07-17 18:13:19,336:INFO:Initializing Naive Bayes
2023-07-17 18:13:19,336:INFO:Total runtime is 0.4530157685279846 minutes
2023-07-17 18:13:19,336:INFO:SubProcess create_model() called ==================================
2023-07-17 18:13:19,337:INFO:Initializing create_model()
2023-07-17 18:13:19,337:INFO:create_model(self=<pycaret.classification.oop.ClassificationExperiment object at 0x7fa6cf18a1f0>, estimator=nb, fold=StratifiedKFold(n_splits=10, random_state=None, shuffle=False), round=4, cross_validation=True, predict=True, fit_kwargs={}, groups=None, refit=False, probability_threshold=None, experiment_custom_tags=None, verbose=False, system=False, add_to_model_list=True, metrics=None, display=<pycaret.internal.display.display.CommonDisplay object at 0x7fa6d23e7fd0>, model_only=True, return_train_score=False, kwargs={})
2023-07-17 18:13:19,337:INFO:Checking exceptions
2023-07-17 18:13:19,337:INFO:Importing libraries
2023-07-17 18:13:19,337:INFO:Copying training dataset
2023-07-17 18:13:19,342:INFO:Defining folds
2023-07-17 18:13:19,342:INFO:Declaring metric variables
2023-07-17 18:13:19,343:INFO:Importing untrained model
2023-07-17 18:13:19,343:INFO:Naive Bayes Imported successfully
2023-07-17 18:13:19,344:INFO:Starting cross validation
2023-07-17 18:13:19,346:INFO:Cross validating with StratifiedKFold(n_splits=10, random_state=None, shuffle=False), n_jobs=-1
2023-07-17 18:13:21,304:INFO:Calculating mean and std
2023-07-17 18:13:21,305:INFO:Creating metrics dataframe
2023-07-17 18:13:21,318:INFO:Uploading results into container
2023-07-17 18:13:21,319:INFO:Uploading model into container now
2023-07-17 18:13:21,320:INFO:_master_model_container: 3
2023-07-17 18:13:21,320:INFO:_display_container: 2
2023-07-17 18:13:21,320:INFO:GaussianNB(priors=None, var_smoothing=1e-09)
2023-07-17 18:13:21,320:INFO:create_model() successfully completed......................................
2023-07-17 18:13:21,471:INFO:SubProcess create_model() end ==================================
2023-07-17 18:13:21,471:INFO:Creating metrics dataframe
2023-07-17 18:13:21,477:INFO:Initializing Decision Tree Classifier
2023-07-17 18:13:21,477:INFO:Total runtime is 0.4887018839518229 minutes
2023-07-17 18:13:21,478:INFO:SubProcess create_model() called ==================================
2023-07-17 18:13:21,478:INFO:Initializing create_model()
2023-07-17 18:13:21,478:INFO:create_model(self=<pycaret.classification.oop.ClassificationExperiment object at 0x7fa6cf18a1f0>, estimator=dt, fold=StratifiedKFold(n_splits=10, random_state=None, shuffle=False), round=4, cross_validation=True, predict=True, fit_kwargs={}, groups=None, refit=False, probability_threshold=None, experiment_custom_tags=None, verbose=False, system=False, add_to_model_list=True, metrics=None, display=<pycaret.internal.display.display.CommonDisplay object at 0x7fa6d23e7fd0>, model_only=True, return_train_score=False, kwargs={})
2023-07-17 18:13:21,478:INFO:Checking exceptions
2023-07-17 18:13:21,478:INFO:Importing libraries
2023-07-17 18:13:21,478:INFO:Copying training dataset
2023-07-17 18:13:21,483:INFO:Defining folds
2023-07-17 18:13:21,483:INFO:Declaring metric variables
2023-07-17 18:13:21,484:INFO:Importing untrained model
2023-07-17 18:13:21,486:INFO:Decision Tree Classifier Imported successfully
2023-07-17 18:13:21,486:INFO:Starting cross validation
2023-07-17 18:13:21,488:INFO:Cross validating with StratifiedKFold(n_splits=10, random_state=None, shuffle=False), n_jobs=-1
2023-07-17 18:13:23,603:INFO:Calculating mean and std
2023-07-17 18:13:23,603:INFO:Creating metrics dataframe
2023-07-17 18:13:23,617:INFO:Uploading results into container
2023-07-17 18:13:23,618:INFO:Uploading model into container now
2023-07-17 18:13:23,619:INFO:_master_model_container: 4
2023-07-17 18:13:23,619:INFO:_display_container: 2
2023-07-17 18:13:23,620:INFO:DecisionTreeClassifier(ccp_alpha=0.0, class_weight=None, criterion='gini',
                       max_depth=None, max_features=None, max_leaf_nodes=None,
                       min_impurity_decrease=0.0, min_samples_leaf=1,
                       min_samples_split=2, min_weight_fraction_leaf=0.0,
                       random_state=1885, splitter='best')
2023-07-17 18:13:23,620:INFO:create_model() successfully completed......................................
2023-07-17 18:13:23,767:INFO:SubProcess create_model() end ==================================
2023-07-17 18:13:23,768:INFO:Creating metrics dataframe
2023-07-17 18:13:23,776:INFO:Initializing SVM - Linear Kernel
2023-07-17 18:13:23,777:INFO:Total runtime is 0.5270219167073568 minutes
2023-07-17 18:13:23,777:INFO:SubProcess create_model() called ==================================
2023-07-17 18:13:23,777:INFO:Initializing create_model()
2023-07-17 18:13:23,777:INFO:create_model(self=<pycaret.classification.oop.ClassificationExperiment object at 0x7fa6cf18a1f0>, estimator=svm, fold=StratifiedKFold(n_splits=10, random_state=None, shuffle=False), round=4, cross_validation=True, predict=True, fit_kwargs={}, groups=None, refit=False, probability_threshold=None, experiment_custom_tags=None, verbose=False, system=False, add_to_model_list=True, metrics=None, display=<pycaret.internal.display.display.CommonDisplay object at 0x7fa6d23e7fd0>, model_only=True, return_train_score=False, kwargs={})
2023-07-17 18:13:23,777:INFO:Checking exceptions
2023-07-17 18:13:23,777:INFO:Importing libraries
2023-07-17 18:13:23,777:INFO:Copying training dataset
2023-07-17 18:13:23,783:INFO:Defining folds
2023-07-17 18:13:23,783:INFO:Declaring metric variables
2023-07-17 18:13:23,783:INFO:Importing untrained model
2023-07-17 18:13:23,785:INFO:SVM - Linear Kernel Imported successfully
2023-07-17 18:13:23,786:INFO:Starting cross validation
2023-07-17 18:13:23,788:INFO:Cross validating with StratifiedKFold(n_splits=10, random_state=None, shuffle=False), n_jobs=-1
2023-07-17 18:13:24,448:WARNING:/Users/iremkurt/anaconda3/envs/slit/lib/python3.8/site-packages/pycaret/internal/metrics.py:138: FitFailedWarning: Metric 'make_scorer(roc_auc_score, needs_proba=True, error_score=0.0, average=weighted, multi_class=ovr)' failed and error score 0.0 has been returned instead. If this is a custom metric, this usually means that the error is in the metric code. Full exception below:
Traceback (most recent call last):
  File "/Users/iremkurt/anaconda3/envs/slit/lib/python3.8/site-packages/sklearn/metrics/_scorer.py", line 76, in _cached_call
    return cache[method]
KeyError: 'predict_proba'

During handling of the above exception, another exception occurred:

Traceback (most recent call last):
  File "/Users/iremkurt/anaconda3/envs/slit/lib/python3.8/site-packages/pycaret/internal/metrics.py", line 130, in _score
    return super()._score(
  File "/Users/iremkurt/anaconda3/envs/slit/lib/python3.8/site-packages/sklearn/metrics/_scorer.py", line 316, in _score
    y_pred = method_caller(clf, "predict_proba", X)
  File "/Users/iremkurt/anaconda3/envs/slit/lib/python3.8/site-packages/sklearn/metrics/_scorer.py", line 78, in _cached_call
    result = getattr(estimator, method)(*args, **kwargs)
  File "/Users/iremkurt/anaconda3/envs/slit/lib/python3.8/site-packages/pycaret/internal/pipeline.py", line 121, in __getattr__
    return getattr(self._final_estimator, name)
  File "/Users/iremkurt/anaconda3/envs/slit/lib/python3.8/site-packages/sklearn/utils/_available_if.py", line 32, in __get__
    if not self.check(obj):
  File "/Users/iremkurt/anaconda3/envs/slit/lib/python3.8/site-packages/sklearn/linear_model/_stochastic_gradient.py", line 1235, in _check_proba
    raise AttributeError(
AttributeError: probability estimates are not available for loss='hinge'

  warnings.warn(

2023-07-17 18:13:24,457:WARNING:/Users/iremkurt/anaconda3/envs/slit/lib/python3.8/site-packages/pycaret/internal/metrics.py:138: FitFailedWarning: Metric 'make_scorer(roc_auc_score, needs_proba=True, error_score=0.0, average=weighted, multi_class=ovr)' failed and error score 0.0 has been returned instead. If this is a custom metric, this usually means that the error is in the metric code. Full exception below:
Traceback (most recent call last):
  File "/Users/iremkurt/anaconda3/envs/slit/lib/python3.8/site-packages/sklearn/metrics/_scorer.py", line 76, in _cached_call
    return cache[method]
KeyError: 'predict_proba'

During handling of the above exception, another exception occurred:

Traceback (most recent call last):
  File "/Users/iremkurt/anaconda3/envs/slit/lib/python3.8/site-packages/pycaret/internal/metrics.py", line 130, in _score
    return super()._score(
  File "/Users/iremkurt/anaconda3/envs/slit/lib/python3.8/site-packages/sklearn/metrics/_scorer.py", line 316, in _score
    y_pred = method_caller(clf, "predict_proba", X)
  File "/Users/iremkurt/anaconda3/envs/slit/lib/python3.8/site-packages/sklearn/metrics/_scorer.py", line 78, in _cached_call
    result = getattr(estimator, method)(*args, **kwargs)
  File "/Users/iremkurt/anaconda3/envs/slit/lib/python3.8/site-packages/pycaret/internal/pipeline.py", line 121, in __getattr__
    return getattr(self._final_estimator, name)
  File "/Users/iremkurt/anaconda3/envs/slit/lib/python3.8/site-packages/sklearn/utils/_available_if.py", line 32, in __get__
    if not self.check(obj):
  File "/Users/iremkurt/anaconda3/envs/slit/lib/python3.8/site-packages/sklearn/linear_model/_stochastic_gradient.py", line 1235, in _check_proba
    raise AttributeError(
AttributeError: probability estimates are not available for loss='hinge'

  warnings.warn(

2023-07-17 18:13:24,466:WARNING:/Users/iremkurt/anaconda3/envs/slit/lib/python3.8/site-packages/pycaret/internal/metrics.py:138: FitFailedWarning: Metric 'make_scorer(roc_auc_score, needs_proba=True, error_score=0.0, average=weighted, multi_class=ovr)' failed and error score 0.0 has been returned instead. If this is a custom metric, this usually means that the error is in the metric code. Full exception below:
Traceback (most recent call last):
  File "/Users/iremkurt/anaconda3/envs/slit/lib/python3.8/site-packages/sklearn/metrics/_scorer.py", line 76, in _cached_call
    return cache[method]
KeyError: 'predict_proba'

During handling of the above exception, another exception occurred:

Traceback (most recent call last):
  File "/Users/iremkurt/anaconda3/envs/slit/lib/python3.8/site-packages/pycaret/internal/metrics.py", line 130, in _score
    return super()._score(
  File "/Users/iremkurt/anaconda3/envs/slit/lib/python3.8/site-packages/sklearn/metrics/_scorer.py", line 316, in _score
    y_pred = method_caller(clf, "predict_proba", X)
  File "/Users/iremkurt/anaconda3/envs/slit/lib/python3.8/site-packages/sklearn/metrics/_scorer.py", line 78, in _cached_call
    result = getattr(estimator, method)(*args, **kwargs)
  File "/Users/iremkurt/anaconda3/envs/slit/lib/python3.8/site-packages/pycaret/internal/pipeline.py", line 121, in __getattr__
    return getattr(self._final_estimator, name)
  File "/Users/iremkurt/anaconda3/envs/slit/lib/python3.8/site-packages/sklearn/utils/_available_if.py", line 32, in __get__
    if not self.check(obj):
  File "/Users/iremkurt/anaconda3/envs/slit/lib/python3.8/site-packages/sklearn/linear_model/_stochastic_gradient.py", line 1235, in _check_proba
    raise AttributeError(
AttributeError: probability estimates are not available for loss='hinge'

  warnings.warn(

2023-07-17 18:13:24,469:WARNING:/Users/iremkurt/anaconda3/envs/slit/lib/python3.8/site-packages/pycaret/internal/metrics.py:138: FitFailedWarning: Metric 'make_scorer(roc_auc_score, needs_proba=True, error_score=0.0, average=weighted, multi_class=ovr)' failed and error score 0.0 has been returned instead. If this is a custom metric, this usually means that the error is in the metric code. Full exception below:
Traceback (most recent call last):
  File "/Users/iremkurt/anaconda3/envs/slit/lib/python3.8/site-packages/sklearn/metrics/_scorer.py", line 76, in _cached_call
    return cache[method]
KeyError: 'predict_proba'

During handling of the above exception, another exception occurred:

Traceback (most recent call last):
  File "/Users/iremkurt/anaconda3/envs/slit/lib/python3.8/site-packages/pycaret/internal/metrics.py", line 130, in _score
    return super()._score(
  File "/Users/iremkurt/anaconda3/envs/slit/lib/python3.8/site-packages/sklearn/metrics/_scorer.py", line 316, in _score
    y_pred = method_caller(clf, "predict_proba", X)
  File "/Users/iremkurt/anaconda3/envs/slit/lib/python3.8/site-packages/sklearn/metrics/_scorer.py", line 78, in _cached_call
    result = getattr(estimator, method)(*args, **kwargs)
  File "/Users/iremkurt/anaconda3/envs/slit/lib/python3.8/site-packages/pycaret/internal/pipeline.py", line 121, in __getattr__
    return getattr(self._final_estimator, name)
  File "/Users/iremkurt/anaconda3/envs/slit/lib/python3.8/site-packages/sklearn/utils/_available_if.py", line 32, in __get__
    if not self.check(obj):
  File "/Users/iremkurt/anaconda3/envs/slit/lib/python3.8/site-packages/sklearn/linear_model/_stochastic_gradient.py", line 1235, in _check_proba
    raise AttributeError(
AttributeError: probability estimates are not available for loss='hinge'

  warnings.warn(

2023-07-17 18:13:25,141:WARNING:/Users/iremkurt/anaconda3/envs/slit/lib/python3.8/site-packages/pycaret/internal/metrics.py:138: FitFailedWarning: Metric 'make_scorer(roc_auc_score, needs_proba=True, error_score=0.0, average=weighted, multi_class=ovr)' failed and error score 0.0 has been returned instead. If this is a custom metric, this usually means that the error is in the metric code. Full exception below:
Traceback (most recent call last):
  File "/Users/iremkurt/anaconda3/envs/slit/lib/python3.8/site-packages/sklearn/metrics/_scorer.py", line 76, in _cached_call
    return cache[method]
KeyError: 'predict_proba'

During handling of the above exception, another exception occurred:

Traceback (most recent call last):
  File "/Users/iremkurt/anaconda3/envs/slit/lib/python3.8/site-packages/pycaret/internal/metrics.py", line 130, in _score
    return super()._score(
  File "/Users/iremkurt/anaconda3/envs/slit/lib/python3.8/site-packages/sklearn/metrics/_scorer.py", line 316, in _score
    y_pred = method_caller(clf, "predict_proba", X)
  File "/Users/iremkurt/anaconda3/envs/slit/lib/python3.8/site-packages/sklearn/metrics/_scorer.py", line 78, in _cached_call
    result = getattr(estimator, method)(*args, **kwargs)
  File "/Users/iremkurt/anaconda3/envs/slit/lib/python3.8/site-packages/pycaret/internal/pipeline.py", line 121, in __getattr__
    return getattr(self._final_estimator, name)
  File "/Users/iremkurt/anaconda3/envs/slit/lib/python3.8/site-packages/sklearn/utils/_available_if.py", line 32, in __get__
    if not self.check(obj):
  File "/Users/iremkurt/anaconda3/envs/slit/lib/python3.8/site-packages/sklearn/linear_model/_stochastic_gradient.py", line 1235, in _check_proba
    raise AttributeError(
AttributeError: probability estimates are not available for loss='hinge'

  warnings.warn(

2023-07-17 18:13:25,142:WARNING:/Users/iremkurt/anaconda3/envs/slit/lib/python3.8/site-packages/pycaret/internal/metrics.py:138: FitFailedWarning: Metric 'make_scorer(roc_auc_score, needs_proba=True, error_score=0.0, average=weighted, multi_class=ovr)' failed and error score 0.0 has been returned instead. If this is a custom metric, this usually means that the error is in the metric code. Full exception below:
Traceback (most recent call last):
  File "/Users/iremkurt/anaconda3/envs/slit/lib/python3.8/site-packages/sklearn/metrics/_scorer.py", line 76, in _cached_call
    return cache[method]
KeyError: 'predict_proba'

During handling of the above exception, another exception occurred:

Traceback (most recent call last):
  File "/Users/iremkurt/anaconda3/envs/slit/lib/python3.8/site-packages/pycaret/internal/metrics.py", line 130, in _score
    return super()._score(
  File "/Users/iremkurt/anaconda3/envs/slit/lib/python3.8/site-packages/sklearn/metrics/_scorer.py", line 316, in _score
    y_pred = method_caller(clf, "predict_proba", X)
  File "/Users/iremkurt/anaconda3/envs/slit/lib/python3.8/site-packages/sklearn/metrics/_scorer.py", line 78, in _cached_call
    result = getattr(estimator, method)(*args, **kwargs)
  File "/Users/iremkurt/anaconda3/envs/slit/lib/python3.8/site-packages/pycaret/internal/pipeline.py", line 121, in __getattr__
    return getattr(self._final_estimator, name)
  File "/Users/iremkurt/anaconda3/envs/slit/lib/python3.8/site-packages/sklearn/utils/_available_if.py", line 32, in __get__
    if not self.check(obj):
  File "/Users/iremkurt/anaconda3/envs/slit/lib/python3.8/site-packages/sklearn/linear_model/_stochastic_gradient.py", line 1235, in _check_proba
    raise AttributeError(
AttributeError: probability estimates are not available for loss='hinge'

  warnings.warn(

2023-07-17 18:13:25,173:WARNING:/Users/iremkurt/anaconda3/envs/slit/lib/python3.8/site-packages/pycaret/internal/metrics.py:138: FitFailedWarning: Metric 'make_scorer(roc_auc_score, needs_proba=True, error_score=0.0, average=weighted, multi_class=ovr)' failed and error score 0.0 has been returned instead. If this is a custom metric, this usually means that the error is in the metric code. Full exception below:
Traceback (most recent call last):
  File "/Users/iremkurt/anaconda3/envs/slit/lib/python3.8/site-packages/sklearn/metrics/_scorer.py", line 76, in _cached_call
    return cache[method]
KeyError: 'predict_proba'

During handling of the above exception, another exception occurred:

Traceback (most recent call last):
  File "/Users/iremkurt/anaconda3/envs/slit/lib/python3.8/site-packages/pycaret/internal/metrics.py", line 130, in _score
    return super()._score(
  File "/Users/iremkurt/anaconda3/envs/slit/lib/python3.8/site-packages/sklearn/metrics/_scorer.py", line 316, in _score
    y_pred = method_caller(clf, "predict_proba", X)
  File "/Users/iremkurt/anaconda3/envs/slit/lib/python3.8/site-packages/sklearn/metrics/_scorer.py", line 78, in _cached_call
    result = getattr(estimator, method)(*args, **kwargs)
  File "/Users/iremkurt/anaconda3/envs/slit/lib/python3.8/site-packages/pycaret/internal/pipeline.py", line 121, in __getattr__
    return getattr(self._final_estimator, name)
  File "/Users/iremkurt/anaconda3/envs/slit/lib/python3.8/site-packages/sklearn/utils/_available_if.py", line 32, in __get__
    if not self.check(obj):
  File "/Users/iremkurt/anaconda3/envs/slit/lib/python3.8/site-packages/sklearn/linear_model/_stochastic_gradient.py", line 1235, in _check_proba
    raise AttributeError(
AttributeError: probability estimates are not available for loss='hinge'

  warnings.warn(

2023-07-17 18:13:25,180:WARNING:/Users/iremkurt/anaconda3/envs/slit/lib/python3.8/site-packages/pycaret/internal/metrics.py:138: FitFailedWarning: Metric 'make_scorer(roc_auc_score, needs_proba=True, error_score=0.0, average=weighted, multi_class=ovr)' failed and error score 0.0 has been returned instead. If this is a custom metric, this usually means that the error is in the metric code. Full exception below:
Traceback (most recent call last):
  File "/Users/iremkurt/anaconda3/envs/slit/lib/python3.8/site-packages/sklearn/metrics/_scorer.py", line 76, in _cached_call
    return cache[method]
KeyError: 'predict_proba'

During handling of the above exception, another exception occurred:

Traceback (most recent call last):
  File "/Users/iremkurt/anaconda3/envs/slit/lib/python3.8/site-packages/pycaret/internal/metrics.py", line 130, in _score
    return super()._score(
  File "/Users/iremkurt/anaconda3/envs/slit/lib/python3.8/site-packages/sklearn/metrics/_scorer.py", line 316, in _score
    y_pred = method_caller(clf, "predict_proba", X)
  File "/Users/iremkurt/anaconda3/envs/slit/lib/python3.8/site-packages/sklearn/metrics/_scorer.py", line 78, in _cached_call
    result = getattr(estimator, method)(*args, **kwargs)
  File "/Users/iremkurt/anaconda3/envs/slit/lib/python3.8/site-packages/pycaret/internal/pipeline.py", line 121, in __getattr__
    return getattr(self._final_estimator, name)
  File "/Users/iremkurt/anaconda3/envs/slit/lib/python3.8/site-packages/sklearn/utils/_available_if.py", line 32, in __get__
    if not self.check(obj):
  File "/Users/iremkurt/anaconda3/envs/slit/lib/python3.8/site-packages/sklearn/linear_model/_stochastic_gradient.py", line 1235, in _check_proba
    raise AttributeError(
AttributeError: probability estimates are not available for loss='hinge'

  warnings.warn(

2023-07-17 18:13:25,514:WARNING:/Users/iremkurt/anaconda3/envs/slit/lib/python3.8/site-packages/pycaret/internal/metrics.py:138: FitFailedWarning: Metric 'make_scorer(roc_auc_score, needs_proba=True, error_score=0.0, average=weighted, multi_class=ovr)' failed and error score 0.0 has been returned instead. If this is a custom metric, this usually means that the error is in the metric code. Full exception below:
Traceback (most recent call last):
  File "/Users/iremkurt/anaconda3/envs/slit/lib/python3.8/site-packages/sklearn/metrics/_scorer.py", line 76, in _cached_call
    return cache[method]
KeyError: 'predict_proba'

During handling of the above exception, another exception occurred:

Traceback (most recent call last):
  File "/Users/iremkurt/anaconda3/envs/slit/lib/python3.8/site-packages/pycaret/internal/metrics.py", line 130, in _score
    return super()._score(
  File "/Users/iremkurt/anaconda3/envs/slit/lib/python3.8/site-packages/sklearn/metrics/_scorer.py", line 316, in _score
    y_pred = method_caller(clf, "predict_proba", X)
  File "/Users/iremkurt/anaconda3/envs/slit/lib/python3.8/site-packages/sklearn/metrics/_scorer.py", line 78, in _cached_call
    result = getattr(estimator, method)(*args, **kwargs)
  File "/Users/iremkurt/anaconda3/envs/slit/lib/python3.8/site-packages/pycaret/internal/pipeline.py", line 121, in __getattr__
    return getattr(self._final_estimator, name)
  File "/Users/iremkurt/anaconda3/envs/slit/lib/python3.8/site-packages/sklearn/utils/_available_if.py", line 32, in __get__
    if not self.check(obj):
  File "/Users/iremkurt/anaconda3/envs/slit/lib/python3.8/site-packages/sklearn/linear_model/_stochastic_gradient.py", line 1235, in _check_proba
    raise AttributeError(
AttributeError: probability estimates are not available for loss='hinge'

  warnings.warn(

2023-07-17 18:13:25,529:WARNING:/Users/iremkurt/anaconda3/envs/slit/lib/python3.8/site-packages/pycaret/internal/metrics.py:138: FitFailedWarning: Metric 'make_scorer(roc_auc_score, needs_proba=True, error_score=0.0, average=weighted, multi_class=ovr)' failed and error score 0.0 has been returned instead. If this is a custom metric, this usually means that the error is in the metric code. Full exception below:
Traceback (most recent call last):
  File "/Users/iremkurt/anaconda3/envs/slit/lib/python3.8/site-packages/sklearn/metrics/_scorer.py", line 76, in _cached_call
    return cache[method]
KeyError: 'predict_proba'

During handling of the above exception, another exception occurred:

Traceback (most recent call last):
  File "/Users/iremkurt/anaconda3/envs/slit/lib/python3.8/site-packages/pycaret/internal/metrics.py", line 130, in _score
    return super()._score(
  File "/Users/iremkurt/anaconda3/envs/slit/lib/python3.8/site-packages/sklearn/metrics/_scorer.py", line 316, in _score
    y_pred = method_caller(clf, "predict_proba", X)
  File "/Users/iremkurt/anaconda3/envs/slit/lib/python3.8/site-packages/sklearn/metrics/_scorer.py", line 78, in _cached_call
    result = getattr(estimator, method)(*args, **kwargs)
  File "/Users/iremkurt/anaconda3/envs/slit/lib/python3.8/site-packages/pycaret/internal/pipeline.py", line 121, in __getattr__
    return getattr(self._final_estimator, name)
  File "/Users/iremkurt/anaconda3/envs/slit/lib/python3.8/site-packages/sklearn/utils/_available_if.py", line 32, in __get__
    if not self.check(obj):
  File "/Users/iremkurt/anaconda3/envs/slit/lib/python3.8/site-packages/sklearn/linear_model/_stochastic_gradient.py", line 1235, in _check_proba
    raise AttributeError(
AttributeError: probability estimates are not available for loss='hinge'

  warnings.warn(

2023-07-17 18:13:25,553:INFO:Calculating mean and std
2023-07-17 18:13:25,555:INFO:Creating metrics dataframe
2023-07-17 18:13:25,581:INFO:Uploading results into container
2023-07-17 18:13:25,582:INFO:Uploading model into container now
2023-07-17 18:13:25,582:INFO:_master_model_container: 5
2023-07-17 18:13:25,582:INFO:_display_container: 2
2023-07-17 18:13:25,583:INFO:SGDClassifier(alpha=0.0001, average=False, class_weight=None,
              early_stopping=False, epsilon=0.1, eta0=0.001, fit_intercept=True,
              l1_ratio=0.15, learning_rate='optimal', loss='hinge',
              max_iter=1000, n_iter_no_change=5, n_jobs=-1, penalty='l2',
              power_t=0.5, random_state=1885, shuffle=True, tol=0.001,
              validation_fraction=0.1, verbose=0, warm_start=False)
2023-07-17 18:13:25,583:INFO:create_model() successfully completed......................................
2023-07-17 18:13:25,734:INFO:SubProcess create_model() end ==================================
2023-07-17 18:13:25,734:INFO:Creating metrics dataframe
2023-07-17 18:13:25,741:INFO:Initializing Ridge Classifier
2023-07-17 18:13:25,742:INFO:Total runtime is 0.5597738186518351 minutes
2023-07-17 18:13:25,742:INFO:SubProcess create_model() called ==================================
2023-07-17 18:13:25,742:INFO:Initializing create_model()
2023-07-17 18:13:25,742:INFO:create_model(self=<pycaret.classification.oop.ClassificationExperiment object at 0x7fa6cf18a1f0>, estimator=ridge, fold=StratifiedKFold(n_splits=10, random_state=None, shuffle=False), round=4, cross_validation=True, predict=True, fit_kwargs={}, groups=None, refit=False, probability_threshold=None, experiment_custom_tags=None, verbose=False, system=False, add_to_model_list=True, metrics=None, display=<pycaret.internal.display.display.CommonDisplay object at 0x7fa6d23e7fd0>, model_only=True, return_train_score=False, kwargs={})
2023-07-17 18:13:25,742:INFO:Checking exceptions
2023-07-17 18:13:25,742:INFO:Importing libraries
2023-07-17 18:13:25,742:INFO:Copying training dataset
2023-07-17 18:13:25,749:INFO:Defining folds
2023-07-17 18:13:25,749:INFO:Declaring metric variables
2023-07-17 18:13:25,750:INFO:Importing untrained model
2023-07-17 18:13:25,750:INFO:Ridge Classifier Imported successfully
2023-07-17 18:13:25,751:INFO:Starting cross validation
2023-07-17 18:13:25,754:INFO:Cross validating with StratifiedKFold(n_splits=10, random_state=None, shuffle=False), n_jobs=-1
2023-07-17 18:13:26,404:WARNING:/Users/iremkurt/anaconda3/envs/slit/lib/python3.8/site-packages/pycaret/internal/metrics.py:138: FitFailedWarning: Metric 'make_scorer(roc_auc_score, needs_proba=True, error_score=0.0, average=weighted, multi_class=ovr)' failed and error score 0.0 has been returned instead. If this is a custom metric, this usually means that the error is in the metric code. Full exception below:
Traceback (most recent call last):
  File "/Users/iremkurt/anaconda3/envs/slit/lib/python3.8/site-packages/sklearn/metrics/_scorer.py", line 76, in _cached_call
    return cache[method]
KeyError: 'predict_proba'

During handling of the above exception, another exception occurred:

Traceback (most recent call last):
  File "/Users/iremkurt/anaconda3/envs/slit/lib/python3.8/site-packages/pycaret/internal/metrics.py", line 130, in _score
    return super()._score(
  File "/Users/iremkurt/anaconda3/envs/slit/lib/python3.8/site-packages/sklearn/metrics/_scorer.py", line 316, in _score
    y_pred = method_caller(clf, "predict_proba", X)
  File "/Users/iremkurt/anaconda3/envs/slit/lib/python3.8/site-packages/sklearn/metrics/_scorer.py", line 78, in _cached_call
    result = getattr(estimator, method)(*args, **kwargs)
  File "/Users/iremkurt/anaconda3/envs/slit/lib/python3.8/site-packages/pycaret/internal/pipeline.py", line 121, in __getattr__
    return getattr(self._final_estimator, name)
AttributeError: 'RidgeClassifier' object has no attribute 'predict_proba'

  warnings.warn(

2023-07-17 18:13:26,414:WARNING:/Users/iremkurt/anaconda3/envs/slit/lib/python3.8/site-packages/pycaret/internal/metrics.py:138: FitFailedWarning: Metric 'make_scorer(roc_auc_score, needs_proba=True, error_score=0.0, average=weighted, multi_class=ovr)' failed and error score 0.0 has been returned instead. If this is a custom metric, this usually means that the error is in the metric code. Full exception below:
Traceback (most recent call last):
  File "/Users/iremkurt/anaconda3/envs/slit/lib/python3.8/site-packages/sklearn/metrics/_scorer.py", line 76, in _cached_call
    return cache[method]
KeyError: 'predict_proba'

During handling of the above exception, another exception occurred:

Traceback (most recent call last):
  File "/Users/iremkurt/anaconda3/envs/slit/lib/python3.8/site-packages/pycaret/internal/metrics.py", line 130, in _score
    return super()._score(
  File "/Users/iremkurt/anaconda3/envs/slit/lib/python3.8/site-packages/sklearn/metrics/_scorer.py", line 316, in _score
    y_pred = method_caller(clf, "predict_proba", X)
  File "/Users/iremkurt/anaconda3/envs/slit/lib/python3.8/site-packages/sklearn/metrics/_scorer.py", line 78, in _cached_call
    result = getattr(estimator, method)(*args, **kwargs)
  File "/Users/iremkurt/anaconda3/envs/slit/lib/python3.8/site-packages/pycaret/internal/pipeline.py", line 121, in __getattr__
    return getattr(self._final_estimator, name)
AttributeError: 'RidgeClassifier' object has no attribute 'predict_proba'

  warnings.warn(

2023-07-17 18:13:26,417:WARNING:/Users/iremkurt/anaconda3/envs/slit/lib/python3.8/site-packages/pycaret/internal/metrics.py:138: FitFailedWarning: Metric 'make_scorer(roc_auc_score, needs_proba=True, error_score=0.0, average=weighted, multi_class=ovr)' failed and error score 0.0 has been returned instead. If this is a custom metric, this usually means that the error is in the metric code. Full exception below:
Traceback (most recent call last):
  File "/Users/iremkurt/anaconda3/envs/slit/lib/python3.8/site-packages/sklearn/metrics/_scorer.py", line 76, in _cached_call
    return cache[method]
KeyError: 'predict_proba'

During handling of the above exception, another exception occurred:

Traceback (most recent call last):
  File "/Users/iremkurt/anaconda3/envs/slit/lib/python3.8/site-packages/pycaret/internal/metrics.py", line 130, in _score
    return super()._score(
  File "/Users/iremkurt/anaconda3/envs/slit/lib/python3.8/site-packages/sklearn/metrics/_scorer.py", line 316, in _score
    y_pred = method_caller(clf, "predict_proba", X)
  File "/Users/iremkurt/anaconda3/envs/slit/lib/python3.8/site-packages/sklearn/metrics/_scorer.py", line 78, in _cached_call
    result = getattr(estimator, method)(*args, **kwargs)
  File "/Users/iremkurt/anaconda3/envs/slit/lib/python3.8/site-packages/pycaret/internal/pipeline.py", line 121, in __getattr__
    return getattr(self._final_estimator, name)
AttributeError: 'RidgeClassifier' object has no attribute 'predict_proba'

  warnings.warn(

2023-07-17 18:13:26,459:WARNING:/Users/iremkurt/anaconda3/envs/slit/lib/python3.8/site-packages/pycaret/internal/metrics.py:138: FitFailedWarning: Metric 'make_scorer(roc_auc_score, needs_proba=True, error_score=0.0, average=weighted, multi_class=ovr)' failed and error score 0.0 has been returned instead. If this is a custom metric, this usually means that the error is in the metric code. Full exception below:
Traceback (most recent call last):
  File "/Users/iremkurt/anaconda3/envs/slit/lib/python3.8/site-packages/sklearn/metrics/_scorer.py", line 76, in _cached_call
    return cache[method]
KeyError: 'predict_proba'

During handling of the above exception, another exception occurred:

Traceback (most recent call last):
  File "/Users/iremkurt/anaconda3/envs/slit/lib/python3.8/site-packages/pycaret/internal/metrics.py", line 130, in _score
    return super()._score(
  File "/Users/iremkurt/anaconda3/envs/slit/lib/python3.8/site-packages/sklearn/metrics/_scorer.py", line 316, in _score
    y_pred = method_caller(clf, "predict_proba", X)
  File "/Users/iremkurt/anaconda3/envs/slit/lib/python3.8/site-packages/sklearn/metrics/_scorer.py", line 78, in _cached_call
    result = getattr(estimator, method)(*args, **kwargs)
  File "/Users/iremkurt/anaconda3/envs/slit/lib/python3.8/site-packages/pycaret/internal/pipeline.py", line 121, in __getattr__
    return getattr(self._final_estimator, name)
AttributeError: 'RidgeClassifier' object has no attribute 'predict_proba'

  warnings.warn(

2023-07-17 18:13:27,128:WARNING:/Users/iremkurt/anaconda3/envs/slit/lib/python3.8/site-packages/pycaret/internal/metrics.py:138: FitFailedWarning: Metric 'make_scorer(roc_auc_score, needs_proba=True, error_score=0.0, average=weighted, multi_class=ovr)' failed and error score 0.0 has been returned instead. If this is a custom metric, this usually means that the error is in the metric code. Full exception below:
Traceback (most recent call last):
  File "/Users/iremkurt/anaconda3/envs/slit/lib/python3.8/site-packages/sklearn/metrics/_scorer.py", line 76, in _cached_call
    return cache[method]
KeyError: 'predict_proba'

During handling of the above exception, another exception occurred:

Traceback (most recent call last):
  File "/Users/iremkurt/anaconda3/envs/slit/lib/python3.8/site-packages/pycaret/internal/metrics.py", line 130, in _score
    return super()._score(
  File "/Users/iremkurt/anaconda3/envs/slit/lib/python3.8/site-packages/sklearn/metrics/_scorer.py", line 316, in _score
    y_pred = method_caller(clf, "predict_proba", X)
  File "/Users/iremkurt/anaconda3/envs/slit/lib/python3.8/site-packages/sklearn/metrics/_scorer.py", line 78, in _cached_call
    result = getattr(estimator, method)(*args, **kwargs)
  File "/Users/iremkurt/anaconda3/envs/slit/lib/python3.8/site-packages/pycaret/internal/pipeline.py", line 121, in __getattr__
    return getattr(self._final_estimator, name)
AttributeError: 'RidgeClassifier' object has no attribute 'predict_proba'

  warnings.warn(

2023-07-17 18:13:27,129:WARNING:/Users/iremkurt/anaconda3/envs/slit/lib/python3.8/site-packages/pycaret/internal/metrics.py:138: FitFailedWarning: Metric 'make_scorer(roc_auc_score, needs_proba=True, error_score=0.0, average=weighted, multi_class=ovr)' failed and error score 0.0 has been returned instead. If this is a custom metric, this usually means that the error is in the metric code. Full exception below:
Traceback (most recent call last):
  File "/Users/iremkurt/anaconda3/envs/slit/lib/python3.8/site-packages/sklearn/metrics/_scorer.py", line 76, in _cached_call
    return cache[method]
KeyError: 'predict_proba'

During handling of the above exception, another exception occurred:

Traceback (most recent call last):
  File "/Users/iremkurt/anaconda3/envs/slit/lib/python3.8/site-packages/pycaret/internal/metrics.py", line 130, in _score
    return super()._score(
  File "/Users/iremkurt/anaconda3/envs/slit/lib/python3.8/site-packages/sklearn/metrics/_scorer.py", line 316, in _score
    y_pred = method_caller(clf, "predict_proba", X)
  File "/Users/iremkurt/anaconda3/envs/slit/lib/python3.8/site-packages/sklearn/metrics/_scorer.py", line 78, in _cached_call
    result = getattr(estimator, method)(*args, **kwargs)
  File "/Users/iremkurt/anaconda3/envs/slit/lib/python3.8/site-packages/pycaret/internal/pipeline.py", line 121, in __getattr__
    return getattr(self._final_estimator, name)
AttributeError: 'RidgeClassifier' object has no attribute 'predict_proba'

  warnings.warn(

2023-07-17 18:13:27,161:WARNING:/Users/iremkurt/anaconda3/envs/slit/lib/python3.8/site-packages/pycaret/internal/metrics.py:138: FitFailedWarning: Metric 'make_scorer(roc_auc_score, needs_proba=True, error_score=0.0, average=weighted, multi_class=ovr)' failed and error score 0.0 has been returned instead. If this is a custom metric, this usually means that the error is in the metric code. Full exception below:
Traceback (most recent call last):
  File "/Users/iremkurt/anaconda3/envs/slit/lib/python3.8/site-packages/sklearn/metrics/_scorer.py", line 76, in _cached_call
    return cache[method]
KeyError: 'predict_proba'

During handling of the above exception, another exception occurred:

Traceback (most recent call last):
  File "/Users/iremkurt/anaconda3/envs/slit/lib/python3.8/site-packages/pycaret/internal/metrics.py", line 130, in _score
    return super()._score(
  File "/Users/iremkurt/anaconda3/envs/slit/lib/python3.8/site-packages/sklearn/metrics/_scorer.py", line 316, in _score
    y_pred = method_caller(clf, "predict_proba", X)
  File "/Users/iremkurt/anaconda3/envs/slit/lib/python3.8/site-packages/sklearn/metrics/_scorer.py", line 78, in _cached_call
    result = getattr(estimator, method)(*args, **kwargs)
  File "/Users/iremkurt/anaconda3/envs/slit/lib/python3.8/site-packages/pycaret/internal/pipeline.py", line 121, in __getattr__
    return getattr(self._final_estimator, name)
AttributeError: 'RidgeClassifier' object has no attribute 'predict_proba'

  warnings.warn(

2023-07-17 18:13:27,199:WARNING:/Users/iremkurt/anaconda3/envs/slit/lib/python3.8/site-packages/pycaret/internal/metrics.py:138: FitFailedWarning: Metric 'make_scorer(roc_auc_score, needs_proba=True, error_score=0.0, average=weighted, multi_class=ovr)' failed and error score 0.0 has been returned instead. If this is a custom metric, this usually means that the error is in the metric code. Full exception below:
Traceback (most recent call last):
  File "/Users/iremkurt/anaconda3/envs/slit/lib/python3.8/site-packages/sklearn/metrics/_scorer.py", line 76, in _cached_call
    return cache[method]
KeyError: 'predict_proba'

During handling of the above exception, another exception occurred:

Traceback (most recent call last):
  File "/Users/iremkurt/anaconda3/envs/slit/lib/python3.8/site-packages/pycaret/internal/metrics.py", line 130, in _score
    return super()._score(
  File "/Users/iremkurt/anaconda3/envs/slit/lib/python3.8/site-packages/sklearn/metrics/_scorer.py", line 316, in _score
    y_pred = method_caller(clf, "predict_proba", X)
  File "/Users/iremkurt/anaconda3/envs/slit/lib/python3.8/site-packages/sklearn/metrics/_scorer.py", line 78, in _cached_call
    result = getattr(estimator, method)(*args, **kwargs)
  File "/Users/iremkurt/anaconda3/envs/slit/lib/python3.8/site-packages/pycaret/internal/pipeline.py", line 121, in __getattr__
    return getattr(self._final_estimator, name)
AttributeError: 'RidgeClassifier' object has no attribute 'predict_proba'

  warnings.warn(

2023-07-17 18:13:27,633:WARNING:/Users/iremkurt/anaconda3/envs/slit/lib/python3.8/site-packages/pycaret/internal/metrics.py:138: FitFailedWarning: Metric 'make_scorer(roc_auc_score, needs_proba=True, error_score=0.0, average=weighted, multi_class=ovr)' failed and error score 0.0 has been returned instead. If this is a custom metric, this usually means that the error is in the metric code. Full exception below:
Traceback (most recent call last):
  File "/Users/iremkurt/anaconda3/envs/slit/lib/python3.8/site-packages/sklearn/metrics/_scorer.py", line 76, in _cached_call
    return cache[method]
KeyError: 'predict_proba'

During handling of the above exception, another exception occurred:

Traceback (most recent call last):
  File "/Users/iremkurt/anaconda3/envs/slit/lib/python3.8/site-packages/pycaret/internal/metrics.py", line 130, in _score
    return super()._score(
  File "/Users/iremkurt/anaconda3/envs/slit/lib/python3.8/site-packages/sklearn/metrics/_scorer.py", line 316, in _score
    y_pred = method_caller(clf, "predict_proba", X)
  File "/Users/iremkurt/anaconda3/envs/slit/lib/python3.8/site-packages/sklearn/metrics/_scorer.py", line 78, in _cached_call
    result = getattr(estimator, method)(*args, **kwargs)
  File "/Users/iremkurt/anaconda3/envs/slit/lib/python3.8/site-packages/pycaret/internal/pipeline.py", line 121, in __getattr__
    return getattr(self._final_estimator, name)
AttributeError: 'RidgeClassifier' object has no attribute 'predict_proba'

  warnings.warn(

2023-07-17 18:13:27,649:WARNING:/Users/iremkurt/anaconda3/envs/slit/lib/python3.8/site-packages/pycaret/internal/metrics.py:138: FitFailedWarning: Metric 'make_scorer(roc_auc_score, needs_proba=True, error_score=0.0, average=weighted, multi_class=ovr)' failed and error score 0.0 has been returned instead. If this is a custom metric, this usually means that the error is in the metric code. Full exception below:
Traceback (most recent call last):
  File "/Users/iremkurt/anaconda3/envs/slit/lib/python3.8/site-packages/sklearn/metrics/_scorer.py", line 76, in _cached_call
    return cache[method]
KeyError: 'predict_proba'

During handling of the above exception, another exception occurred:

Traceback (most recent call last):
  File "/Users/iremkurt/anaconda3/envs/slit/lib/python3.8/site-packages/pycaret/internal/metrics.py", line 130, in _score
    return super()._score(
  File "/Users/iremkurt/anaconda3/envs/slit/lib/python3.8/site-packages/sklearn/metrics/_scorer.py", line 316, in _score
    y_pred = method_caller(clf, "predict_proba", X)
  File "/Users/iremkurt/anaconda3/envs/slit/lib/python3.8/site-packages/sklearn/metrics/_scorer.py", line 78, in _cached_call
    result = getattr(estimator, method)(*args, **kwargs)
  File "/Users/iremkurt/anaconda3/envs/slit/lib/python3.8/site-packages/pycaret/internal/pipeline.py", line 121, in __getattr__
    return getattr(self._final_estimator, name)
AttributeError: 'RidgeClassifier' object has no attribute 'predict_proba'

  warnings.warn(

2023-07-17 18:13:27,675:INFO:Calculating mean and std
2023-07-17 18:13:27,678:INFO:Creating metrics dataframe
2023-07-17 18:13:27,694:INFO:Uploading results into container
2023-07-17 18:13:27,695:INFO:Uploading model into container now
2023-07-17 18:13:27,695:INFO:_master_model_container: 6
2023-07-17 18:13:27,695:INFO:_display_container: 2
2023-07-17 18:13:27,696:INFO:RidgeClassifier(alpha=1.0, class_weight=None, copy_X=True, fit_intercept=True,
                max_iter=None, positive=False, random_state=1885, solver='auto',
                tol=0.0001)
2023-07-17 18:13:27,696:INFO:create_model() successfully completed......................................
2023-07-17 18:13:27,846:INFO:SubProcess create_model() end ==================================
2023-07-17 18:13:27,846:INFO:Creating metrics dataframe
2023-07-17 18:13:27,856:INFO:Initializing Random Forest Classifier
2023-07-17 18:13:27,856:INFO:Total runtime is 0.5950140992800395 minutes
2023-07-17 18:13:27,856:INFO:SubProcess create_model() called ==================================
2023-07-17 18:13:27,857:INFO:Initializing create_model()
2023-07-17 18:13:27,857:INFO:create_model(self=<pycaret.classification.oop.ClassificationExperiment object at 0x7fa6cf18a1f0>, estimator=rf, fold=StratifiedKFold(n_splits=10, random_state=None, shuffle=False), round=4, cross_validation=True, predict=True, fit_kwargs={}, groups=None, refit=False, probability_threshold=None, experiment_custom_tags=None, verbose=False, system=False, add_to_model_list=True, metrics=None, display=<pycaret.internal.display.display.CommonDisplay object at 0x7fa6d23e7fd0>, model_only=True, return_train_score=False, kwargs={})
2023-07-17 18:13:27,857:INFO:Checking exceptions
2023-07-17 18:13:27,857:INFO:Importing libraries
2023-07-17 18:13:27,857:INFO:Copying training dataset
2023-07-17 18:13:27,864:INFO:Defining folds
2023-07-17 18:13:27,864:INFO:Declaring metric variables
2023-07-17 18:13:27,864:INFO:Importing untrained model
2023-07-17 18:13:27,865:INFO:Random Forest Classifier Imported successfully
2023-07-17 18:13:27,865:INFO:Starting cross validation
2023-07-17 18:13:27,867:INFO:Cross validating with StratifiedKFold(n_splits=10, random_state=None, shuffle=False), n_jobs=-1
2023-07-17 18:13:34,092:INFO:Calculating mean and std
2023-07-17 18:13:34,093:INFO:Creating metrics dataframe
2023-07-17 18:13:34,133:INFO:Uploading results into container
2023-07-17 18:13:34,134:INFO:Uploading model into container now
2023-07-17 18:13:34,134:INFO:_master_model_container: 7
2023-07-17 18:13:34,135:INFO:_display_container: 2
2023-07-17 18:13:34,135:INFO:RandomForestClassifier(bootstrap=True, ccp_alpha=0.0, class_weight=None,
                       criterion='gini', max_depth=None, max_features='sqrt',
                       max_leaf_nodes=None, max_samples=None,
                       min_impurity_decrease=0.0, min_samples_leaf=1,
                       min_samples_split=2, min_weight_fraction_leaf=0.0,
                       n_estimators=100, n_jobs=-1, oob_score=False,
                       random_state=1885, verbose=0, warm_start=False)
2023-07-17 18:13:34,135:INFO:create_model() successfully completed......................................
2023-07-17 18:13:34,291:INFO:SubProcess create_model() end ==================================
2023-07-17 18:13:34,291:INFO:Creating metrics dataframe
2023-07-17 18:13:34,300:INFO:Initializing Quadratic Discriminant Analysis
2023-07-17 18:13:34,300:INFO:Total runtime is 0.7024077335993448 minutes
2023-07-17 18:13:34,300:INFO:SubProcess create_model() called ==================================
2023-07-17 18:13:34,300:INFO:Initializing create_model()
2023-07-17 18:13:34,300:INFO:create_model(self=<pycaret.classification.oop.ClassificationExperiment object at 0x7fa6cf18a1f0>, estimator=qda, fold=StratifiedKFold(n_splits=10, random_state=None, shuffle=False), round=4, cross_validation=True, predict=True, fit_kwargs={}, groups=None, refit=False, probability_threshold=None, experiment_custom_tags=None, verbose=False, system=False, add_to_model_list=True, metrics=None, display=<pycaret.internal.display.display.CommonDisplay object at 0x7fa6d23e7fd0>, model_only=True, return_train_score=False, kwargs={})
2023-07-17 18:13:34,300:INFO:Checking exceptions
2023-07-17 18:13:34,301:INFO:Importing libraries
2023-07-17 18:13:34,301:INFO:Copying training dataset
2023-07-17 18:13:34,308:INFO:Defining folds
2023-07-17 18:13:34,309:INFO:Declaring metric variables
2023-07-17 18:13:34,309:INFO:Importing untrained model
2023-07-17 18:13:34,310:INFO:Quadratic Discriminant Analysis Imported successfully
2023-07-17 18:13:34,310:INFO:Starting cross validation
2023-07-17 18:13:34,313:INFO:Cross validating with StratifiedKFold(n_splits=10, random_state=None, shuffle=False), n_jobs=-1
2023-07-17 18:13:34,656:WARNING:/Users/iremkurt/anaconda3/envs/slit/lib/python3.8/site-packages/sklearn/discriminant_analysis.py:926: UserWarning: Variables are collinear
  warnings.warn("Variables are collinear")

2023-07-17 18:13:34,656:WARNING:/Users/iremkurt/anaconda3/envs/slit/lib/python3.8/site-packages/sklearn/discriminant_analysis.py:926: UserWarning: Variables are collinear
  warnings.warn("Variables are collinear")

2023-07-17 18:13:34,656:WARNING:/Users/iremkurt/anaconda3/envs/slit/lib/python3.8/site-packages/sklearn/discriminant_analysis.py:926: UserWarning: Variables are collinear
  warnings.warn("Variables are collinear")

2023-07-17 18:13:34,661:WARNING:/Users/iremkurt/anaconda3/envs/slit/lib/python3.8/site-packages/sklearn/discriminant_analysis.py:926: UserWarning: Variables are collinear
  warnings.warn("Variables are collinear")

2023-07-17 18:13:35,379:WARNING:/Users/iremkurt/anaconda3/envs/slit/lib/python3.8/site-packages/sklearn/discriminant_analysis.py:926: UserWarning: Variables are collinear
  warnings.warn("Variables are collinear")

2023-07-17 18:13:35,411:WARNING:/Users/iremkurt/anaconda3/envs/slit/lib/python3.8/site-packages/sklearn/discriminant_analysis.py:926: UserWarning: Variables are collinear
  warnings.warn("Variables are collinear")

2023-07-17 18:13:35,415:WARNING:/Users/iremkurt/anaconda3/envs/slit/lib/python3.8/site-packages/sklearn/discriminant_analysis.py:926: UserWarning: Variables are collinear
  warnings.warn("Variables are collinear")

2023-07-17 18:13:35,432:WARNING:/Users/iremkurt/anaconda3/envs/slit/lib/python3.8/site-packages/sklearn/discriminant_analysis.py:926: UserWarning: Variables are collinear
  warnings.warn("Variables are collinear")

2023-07-17 18:13:36,082:WARNING:/Users/iremkurt/anaconda3/envs/slit/lib/python3.8/site-packages/sklearn/discriminant_analysis.py:926: UserWarning: Variables are collinear
  warnings.warn("Variables are collinear")

2023-07-17 18:13:36,106:WARNING:/Users/iremkurt/anaconda3/envs/slit/lib/python3.8/site-packages/sklearn/discriminant_analysis.py:926: UserWarning: Variables are collinear
  warnings.warn("Variables are collinear")

2023-07-17 18:13:36,355:INFO:Calculating mean and std
2023-07-17 18:13:36,356:INFO:Creating metrics dataframe
2023-07-17 18:13:36,392:INFO:Uploading results into container
2023-07-17 18:13:36,393:INFO:Uploading model into container now
2023-07-17 18:13:36,394:INFO:_master_model_container: 8
2023-07-17 18:13:36,394:INFO:_display_container: 2
2023-07-17 18:13:36,394:INFO:QuadraticDiscriminantAnalysis(priors=None, reg_param=0.0,
                              store_covariance=False, tol=0.0001)
2023-07-17 18:13:36,395:INFO:create_model() successfully completed......................................
2023-07-17 18:13:36,543:INFO:SubProcess create_model() end ==================================
2023-07-17 18:13:36,543:INFO:Creating metrics dataframe
2023-07-17 18:13:36,552:INFO:Initializing Ada Boost Classifier
2023-07-17 18:13:36,552:INFO:Total runtime is 0.7399537523587544 minutes
2023-07-17 18:13:36,553:INFO:SubProcess create_model() called ==================================
2023-07-17 18:13:36,553:INFO:Initializing create_model()
2023-07-17 18:13:36,553:INFO:create_model(self=<pycaret.classification.oop.ClassificationExperiment object at 0x7fa6cf18a1f0>, estimator=ada, fold=StratifiedKFold(n_splits=10, random_state=None, shuffle=False), round=4, cross_validation=True, predict=True, fit_kwargs={}, groups=None, refit=False, probability_threshold=None, experiment_custom_tags=None, verbose=False, system=False, add_to_model_list=True, metrics=None, display=<pycaret.internal.display.display.CommonDisplay object at 0x7fa6d23e7fd0>, model_only=True, return_train_score=False, kwargs={})
2023-07-17 18:13:36,553:INFO:Checking exceptions
2023-07-17 18:13:36,554:INFO:Importing libraries
2023-07-17 18:13:36,554:INFO:Copying training dataset
2023-07-17 18:13:36,561:INFO:Defining folds
2023-07-17 18:13:36,561:INFO:Declaring metric variables
2023-07-17 18:13:36,562:INFO:Importing untrained model
2023-07-17 18:13:36,563:INFO:Ada Boost Classifier Imported successfully
2023-07-17 18:13:36,563:INFO:Starting cross validation
2023-07-17 18:13:36,565:INFO:Cross validating with StratifiedKFold(n_splits=10, random_state=None, shuffle=False), n_jobs=-1
2023-07-17 18:13:41,316:INFO:Calculating mean and std
2023-07-17 18:13:41,317:INFO:Creating metrics dataframe
2023-07-17 18:13:41,364:INFO:Uploading results into container
2023-07-17 18:13:41,365:INFO:Uploading model into container now
2023-07-17 18:13:41,365:INFO:_master_model_container: 9
2023-07-17 18:13:41,365:INFO:_display_container: 2
2023-07-17 18:13:41,366:INFO:AdaBoostClassifier(algorithm='SAMME.R', base_estimator='deprecated',
                   estimator=None, learning_rate=1.0, n_estimators=50,
                   random_state=1885)
2023-07-17 18:13:41,366:INFO:create_model() successfully completed......................................
2023-07-17 18:13:41,527:INFO:SubProcess create_model() end ==================================
2023-07-17 18:13:41,528:INFO:Creating metrics dataframe
2023-07-17 18:13:41,537:INFO:Initializing Gradient Boosting Classifier
2023-07-17 18:13:41,537:INFO:Total runtime is 0.8230270504951476 minutes
2023-07-17 18:13:41,537:INFO:SubProcess create_model() called ==================================
2023-07-17 18:13:41,538:INFO:Initializing create_model()
2023-07-17 18:13:41,538:INFO:create_model(self=<pycaret.classification.oop.ClassificationExperiment object at 0x7fa6cf18a1f0>, estimator=gbc, fold=StratifiedKFold(n_splits=10, random_state=None, shuffle=False), round=4, cross_validation=True, predict=True, fit_kwargs={}, groups=None, refit=False, probability_threshold=None, experiment_custom_tags=None, verbose=False, system=False, add_to_model_list=True, metrics=None, display=<pycaret.internal.display.display.CommonDisplay object at 0x7fa6d23e7fd0>, model_only=True, return_train_score=False, kwargs={})
2023-07-17 18:13:41,538:INFO:Checking exceptions
2023-07-17 18:13:41,538:INFO:Importing libraries
2023-07-17 18:13:41,538:INFO:Copying training dataset
2023-07-17 18:13:41,544:INFO:Defining folds
2023-07-17 18:13:41,544:INFO:Declaring metric variables
2023-07-17 18:13:41,545:INFO:Importing untrained model
2023-07-17 18:13:41,546:INFO:Gradient Boosting Classifier Imported successfully
2023-07-17 18:13:41,546:INFO:Starting cross validation
2023-07-17 18:13:41,548:INFO:Cross validating with StratifiedKFold(n_splits=10, random_state=None, shuffle=False), n_jobs=-1
2023-07-17 18:13:48,220:INFO:Calculating mean and std
2023-07-17 18:13:48,222:INFO:Creating metrics dataframe
2023-07-17 18:13:48,347:INFO:Uploading results into container
2023-07-17 18:13:48,348:INFO:Uploading model into container now
2023-07-17 18:13:48,348:INFO:_master_model_container: 10
2023-07-17 18:13:48,349:INFO:_display_container: 2
2023-07-17 18:13:48,349:INFO:GradientBoostingClassifier(ccp_alpha=0.0, criterion='friedman_mse', init=None,
                           learning_rate=0.1, loss='log_loss', max_depth=3,
                           max_features=None, max_leaf_nodes=None,
                           min_impurity_decrease=0.0, min_samples_leaf=1,
                           min_samples_split=2, min_weight_fraction_leaf=0.0,
                           n_estimators=100, n_iter_no_change=None,
                           random_state=1885, subsample=1.0, tol=0.0001,
                           validation_fraction=0.1, verbose=0,
                           warm_start=False)
2023-07-17 18:13:48,350:INFO:create_model() successfully completed......................................
2023-07-17 18:13:48,565:INFO:SubProcess create_model() end ==================================
2023-07-17 18:13:48,565:INFO:Creating metrics dataframe
2023-07-17 18:13:48,728:INFO:Initializing Linear Discriminant Analysis
2023-07-17 18:13:48,729:INFO:Total runtime is 0.9428886016209919 minutes
2023-07-17 18:13:48,729:INFO:SubProcess create_model() called ==================================
2023-07-17 18:13:48,729:INFO:Initializing create_model()
2023-07-17 18:13:48,730:INFO:create_model(self=<pycaret.classification.oop.ClassificationExperiment object at 0x7fa6cf18a1f0>, estimator=lda, fold=StratifiedKFold(n_splits=10, random_state=None, shuffle=False), round=4, cross_validation=True, predict=True, fit_kwargs={}, groups=None, refit=False, probability_threshold=None, experiment_custom_tags=None, verbose=False, system=False, add_to_model_list=True, metrics=None, display=<pycaret.internal.display.display.CommonDisplay object at 0x7fa6d23e7fd0>, model_only=True, return_train_score=False, kwargs={})
2023-07-17 18:13:48,730:INFO:Checking exceptions
2023-07-17 18:13:48,730:INFO:Importing libraries
2023-07-17 18:13:48,730:INFO:Copying training dataset
2023-07-17 18:13:48,742:INFO:Defining folds
2023-07-17 18:13:48,743:INFO:Declaring metric variables
2023-07-17 18:13:48,743:INFO:Importing untrained model
2023-07-17 18:13:48,744:INFO:Linear Discriminant Analysis Imported successfully
2023-07-17 18:13:48,745:INFO:Starting cross validation
2023-07-17 18:13:48,749:INFO:Cross validating with StratifiedKFold(n_splits=10, random_state=None, shuffle=False), n_jobs=-1
2023-07-17 18:13:52,452:WARNING:/Users/iremkurt/anaconda3/envs/slit/lib/python3.8/site-packages/pycaret/internal/pipeline.py:310: UserWarning: Persisting input arguments took 0.53s to run.If this happens often in your code, it can cause performance problems (results will be correct in all cases). The reason for this is probably some large input arguments for a wrapped function.
  X, _ = self._memory_full_transform(self, X, None, with_final=False)

2023-07-17 18:13:52,471:WARNING:/Users/iremkurt/anaconda3/envs/slit/lib/python3.8/site-packages/pycaret/internal/pipeline.py:310: UserWarning: Persisting input arguments took 0.58s to run.If this happens often in your code, it can cause performance problems (results will be correct in all cases). The reason for this is probably some large input arguments for a wrapped function.
  X, _ = self._memory_full_transform(self, X, None, with_final=False)

2023-07-17 18:13:53,356:INFO:Calculating mean and std
2023-07-17 18:13:53,357:INFO:Creating metrics dataframe
2023-07-17 18:13:53,434:INFO:Uploading results into container
2023-07-17 18:13:53,435:INFO:Uploading model into container now
2023-07-17 18:13:53,436:INFO:_master_model_container: 11
2023-07-17 18:13:53,436:INFO:_display_container: 2
2023-07-17 18:13:53,437:INFO:LinearDiscriminantAnalysis(covariance_estimator=None, n_components=None,
                           priors=None, shrinkage=None, solver='svd',
                           store_covariance=False, tol=0.0001)
2023-07-17 18:13:53,437:INFO:create_model() successfully completed......................................
2023-07-17 18:13:53,600:INFO:SubProcess create_model() end ==================================
2023-07-17 18:13:53,600:INFO:Creating metrics dataframe
2023-07-17 18:13:53,610:INFO:Initializing Extra Trees Classifier
2023-07-17 18:13:53,610:INFO:Total runtime is 1.0242412368456522 minutes
2023-07-17 18:13:53,610:INFO:SubProcess create_model() called ==================================
2023-07-17 18:13:53,610:INFO:Initializing create_model()
2023-07-17 18:13:53,611:INFO:create_model(self=<pycaret.classification.oop.ClassificationExperiment object at 0x7fa6cf18a1f0>, estimator=et, fold=StratifiedKFold(n_splits=10, random_state=None, shuffle=False), round=4, cross_validation=True, predict=True, fit_kwargs={}, groups=None, refit=False, probability_threshold=None, experiment_custom_tags=None, verbose=False, system=False, add_to_model_list=True, metrics=None, display=<pycaret.internal.display.display.CommonDisplay object at 0x7fa6d23e7fd0>, model_only=True, return_train_score=False, kwargs={})
2023-07-17 18:13:53,611:INFO:Checking exceptions
2023-07-17 18:13:53,611:INFO:Importing libraries
2023-07-17 18:13:53,611:INFO:Copying training dataset
2023-07-17 18:13:53,617:INFO:Defining folds
2023-07-17 18:13:53,617:INFO:Declaring metric variables
2023-07-17 18:13:53,617:INFO:Importing untrained model
2023-07-17 18:13:53,618:INFO:Extra Trees Classifier Imported successfully
2023-07-17 18:13:53,618:INFO:Starting cross validation
2023-07-17 18:13:53,620:INFO:Cross validating with StratifiedKFold(n_splits=10, random_state=None, shuffle=False), n_jobs=-1
2023-07-17 18:14:01,044:INFO:Calculating mean and std
2023-07-17 18:14:01,045:INFO:Creating metrics dataframe
2023-07-17 18:14:01,121:INFO:Uploading results into container
2023-07-17 18:14:01,123:INFO:Uploading model into container now
2023-07-17 18:14:01,124:INFO:_master_model_container: 12
2023-07-17 18:14:01,124:INFO:_display_container: 2
2023-07-17 18:14:01,124:INFO:ExtraTreesClassifier(bootstrap=False, ccp_alpha=0.0, class_weight=None,
                     criterion='gini', max_depth=None, max_features='sqrt',
                     max_leaf_nodes=None, max_samples=None,
                     min_impurity_decrease=0.0, min_samples_leaf=1,
                     min_samples_split=2, min_weight_fraction_leaf=0.0,
                     n_estimators=100, n_jobs=-1, oob_score=False,
                     random_state=1885, verbose=0, warm_start=False)
2023-07-17 18:14:01,124:INFO:create_model() successfully completed......................................
2023-07-17 18:14:01,288:INFO:SubProcess create_model() end ==================================
2023-07-17 18:14:01,288:INFO:Creating metrics dataframe
2023-07-17 18:14:01,300:INFO:Initializing Light Gradient Boosting Machine
2023-07-17 18:14:01,300:INFO:Total runtime is 1.1524197340011595 minutes
2023-07-17 18:14:01,301:INFO:SubProcess create_model() called ==================================
2023-07-17 18:14:01,301:INFO:Initializing create_model()
2023-07-17 18:14:01,302:INFO:create_model(self=<pycaret.classification.oop.ClassificationExperiment object at 0x7fa6cf18a1f0>, estimator=lightgbm, fold=StratifiedKFold(n_splits=10, random_state=None, shuffle=False), round=4, cross_validation=True, predict=True, fit_kwargs={}, groups=None, refit=False, probability_threshold=None, experiment_custom_tags=None, verbose=False, system=False, add_to_model_list=True, metrics=None, display=<pycaret.internal.display.display.CommonDisplay object at 0x7fa6d23e7fd0>, model_only=True, return_train_score=False, kwargs={})
2023-07-17 18:14:01,302:INFO:Checking exceptions
2023-07-17 18:14:01,302:INFO:Importing libraries
2023-07-17 18:14:01,302:INFO:Copying training dataset
2023-07-17 18:14:01,313:INFO:Defining folds
2023-07-17 18:14:01,314:INFO:Declaring metric variables
2023-07-17 18:14:01,315:INFO:Importing untrained model
2023-07-17 18:14:01,316:INFO:Light Gradient Boosting Machine Imported successfully
2023-07-17 18:14:01,316:INFO:Starting cross validation
2023-07-17 18:14:01,318:INFO:Cross validating with StratifiedKFold(n_splits=10, random_state=None, shuffle=False), n_jobs=-1
2023-07-17 18:14:02,829:WARNING:create_model() for lightgbm raised an exception or returned all 0.0, trying without fit_kwargs:
2023-07-17 18:14:02,841:WARNING:Traceback (most recent call last):
  File "/Users/iremkurt/anaconda3/envs/slit/lib/python3.8/site-packages/pycaret/internal/pycaret_experiment/supervised_experiment.py", line 794, in compare_models
    model, model_fit_time = self._create_model(**create_model_args)
  File "/Users/iremkurt/anaconda3/envs/slit/lib/python3.8/site-packages/pycaret/internal/pycaret_experiment/supervised_experiment.py", line 1521, in _create_model
    model, model_fit_time, model_results, _ = self._create_model_with_cv(
  File "/Users/iremkurt/anaconda3/envs/slit/lib/python3.8/site-packages/pycaret/internal/pycaret_experiment/supervised_experiment.py", line 1116, in _create_model_with_cv
    scores = cross_validate(
  File "/Users/iremkurt/anaconda3/envs/slit/lib/python3.8/site-packages/sklearn/model_selection/_validation.py", line 266, in cross_validate
    results = parallel(
  File "/Users/iremkurt/anaconda3/envs/slit/lib/python3.8/site-packages/sklearn/utils/parallel.py", line 63, in __call__
    return super().__call__(iterable_with_config)
  File "/Users/iremkurt/anaconda3/envs/slit/lib/python3.8/site-packages/joblib/parallel.py", line 1944, in __call__
    return output if self.return_generator else list(output)
  File "/Users/iremkurt/anaconda3/envs/slit/lib/python3.8/site-packages/joblib/parallel.py", line 1587, in _get_outputs
    yield from self._retrieve()
  File "/Users/iremkurt/anaconda3/envs/slit/lib/python3.8/site-packages/joblib/parallel.py", line 1691, in _retrieve
    self._raise_error_fast()
  File "/Users/iremkurt/anaconda3/envs/slit/lib/python3.8/site-packages/joblib/parallel.py", line 1726, in _raise_error_fast
    error_job.get_result(self.timeout)
  File "/Users/iremkurt/anaconda3/envs/slit/lib/python3.8/site-packages/joblib/parallel.py", line 735, in get_result
    return self._return_or_raise()
  File "/Users/iremkurt/anaconda3/envs/slit/lib/python3.8/site-packages/joblib/parallel.py", line 753, in _return_or_raise
    raise self._result
joblib.externals.loky.process_executor.TerminatedWorkerError: A worker process managed by the executor was unexpectedly terminated. This could be caused by a segmentation fault while calling the function or by an excessive memory usage causing the Operating System to kill the worker.

The exit codes of the workers are {SIGSEGV(-11)}

2023-07-17 18:14:02,841:INFO:Initializing create_model()
2023-07-17 18:14:02,842:INFO:create_model(self=<pycaret.classification.oop.ClassificationExperiment object at 0x7fa6cf18a1f0>, estimator=lightgbm, fold=StratifiedKFold(n_splits=10, random_state=None, shuffle=False), round=4, cross_validation=True, predict=True, fit_kwargs={}, groups=None, refit=False, probability_threshold=None, experiment_custom_tags=None, verbose=False, system=False, add_to_model_list=True, metrics=None, display=<pycaret.internal.display.display.CommonDisplay object at 0x7fa6d23e7fd0>, model_only=True, return_train_score=False, kwargs={})
2023-07-17 18:14:02,842:INFO:Checking exceptions
2023-07-17 18:14:02,842:INFO:Importing libraries
2023-07-17 18:14:02,842:INFO:Copying training dataset
2023-07-17 18:14:02,852:INFO:Defining folds
2023-07-17 18:14:02,852:INFO:Declaring metric variables
2023-07-17 18:14:02,853:INFO:Importing untrained model
2023-07-17 18:14:02,854:INFO:Light Gradient Boosting Machine Imported successfully
2023-07-17 18:14:02,854:INFO:Starting cross validation
2023-07-17 18:14:02,858:INFO:Cross validating with StratifiedKFold(n_splits=10, random_state=None, shuffle=False), n_jobs=-1
2023-07-17 18:14:14,734:ERROR:create_model() for lightgbm raised an exception or returned all 0.0:
2023-07-17 18:14:14,735:ERROR:Traceback (most recent call last):
  File "/Users/iremkurt/anaconda3/envs/slit/lib/python3.8/site-packages/pycaret/internal/pycaret_experiment/supervised_experiment.py", line 794, in compare_models
    model, model_fit_time = self._create_model(**create_model_args)
  File "/Users/iremkurt/anaconda3/envs/slit/lib/python3.8/site-packages/pycaret/internal/pycaret_experiment/supervised_experiment.py", line 1521, in _create_model
    model, model_fit_time, model_results, _ = self._create_model_with_cv(
  File "/Users/iremkurt/anaconda3/envs/slit/lib/python3.8/site-packages/pycaret/internal/pycaret_experiment/supervised_experiment.py", line 1116, in _create_model_with_cv
    scores = cross_validate(
  File "/Users/iremkurt/anaconda3/envs/slit/lib/python3.8/site-packages/sklearn/model_selection/_validation.py", line 266, in cross_validate
    results = parallel(
  File "/Users/iremkurt/anaconda3/envs/slit/lib/python3.8/site-packages/sklearn/utils/parallel.py", line 63, in __call__
    return super().__call__(iterable_with_config)
  File "/Users/iremkurt/anaconda3/envs/slit/lib/python3.8/site-packages/joblib/parallel.py", line 1944, in __call__
    return output if self.return_generator else list(output)
  File "/Users/iremkurt/anaconda3/envs/slit/lib/python3.8/site-packages/joblib/parallel.py", line 1587, in _get_outputs
    yield from self._retrieve()
  File "/Users/iremkurt/anaconda3/envs/slit/lib/python3.8/site-packages/joblib/parallel.py", line 1691, in _retrieve
    self._raise_error_fast()
  File "/Users/iremkurt/anaconda3/envs/slit/lib/python3.8/site-packages/joblib/parallel.py", line 1726, in _raise_error_fast
    error_job.get_result(self.timeout)
  File "/Users/iremkurt/anaconda3/envs/slit/lib/python3.8/site-packages/joblib/parallel.py", line 735, in get_result
    return self._return_or_raise()
  File "/Users/iremkurt/anaconda3/envs/slit/lib/python3.8/site-packages/joblib/parallel.py", line 753, in _return_or_raise
    raise self._result
joblib.externals.loky.process_executor.TerminatedWorkerError: A worker process managed by the executor was unexpectedly terminated. This could be caused by a segmentation fault while calling the function or by an excessive memory usage causing the Operating System to kill the worker.

The exit codes of the workers are {SIGSEGV(-11)}

During handling of the above exception, another exception occurred:

Traceback (most recent call last):
  File "/Users/iremkurt/anaconda3/envs/slit/lib/python3.8/site-packages/pycaret/internal/pycaret_experiment/supervised_experiment.py", line 810, in compare_models
    model, model_fit_time = self._create_model(**create_model_args)
  File "/Users/iremkurt/anaconda3/envs/slit/lib/python3.8/site-packages/pycaret/internal/pycaret_experiment/supervised_experiment.py", line 1521, in _create_model
    model, model_fit_time, model_results, _ = self._create_model_with_cv(
  File "/Users/iremkurt/anaconda3/envs/slit/lib/python3.8/site-packages/pycaret/internal/pycaret_experiment/supervised_experiment.py", line 1116, in _create_model_with_cv
    scores = cross_validate(
  File "/Users/iremkurt/anaconda3/envs/slit/lib/python3.8/site-packages/sklearn/model_selection/_validation.py", line 266, in cross_validate
    results = parallel(
  File "/Users/iremkurt/anaconda3/envs/slit/lib/python3.8/site-packages/sklearn/utils/parallel.py", line 63, in __call__
    return super().__call__(iterable_with_config)
  File "/Users/iremkurt/anaconda3/envs/slit/lib/python3.8/site-packages/joblib/parallel.py", line 1944, in __call__
    return output if self.return_generator else list(output)
  File "/Users/iremkurt/anaconda3/envs/slit/lib/python3.8/site-packages/joblib/parallel.py", line 1587, in _get_outputs
    yield from self._retrieve()
  File "/Users/iremkurt/anaconda3/envs/slit/lib/python3.8/site-packages/joblib/parallel.py", line 1691, in _retrieve
    self._raise_error_fast()
  File "/Users/iremkurt/anaconda3/envs/slit/lib/python3.8/site-packages/joblib/parallel.py", line 1726, in _raise_error_fast
    error_job.get_result(self.timeout)
  File "/Users/iremkurt/anaconda3/envs/slit/lib/python3.8/site-packages/joblib/parallel.py", line 735, in get_result
    return self._return_or_raise()
  File "/Users/iremkurt/anaconda3/envs/slit/lib/python3.8/site-packages/joblib/parallel.py", line 753, in _return_or_raise
    raise self._result
joblib.externals.loky.process_executor.TerminatedWorkerError: A worker process managed by the executor was unexpectedly terminated. This could be caused by a segmentation fault while calling the function or by an excessive memory usage causing the Operating System to kill the worker.

The exit codes of the workers are {SIGSEGV(-11)}

2023-07-17 18:14:14,735:INFO:Initializing Dummy Classifier
2023-07-17 18:14:14,736:INFO:Total runtime is 1.376339050134023 minutes
2023-07-17 18:14:14,738:INFO:SubProcess create_model() called ==================================
2023-07-17 18:14:14,739:INFO:Initializing create_model()
2023-07-17 18:14:14,739:INFO:create_model(self=<pycaret.classification.oop.ClassificationExperiment object at 0x7fa6cf18a1f0>, estimator=dummy, fold=StratifiedKFold(n_splits=10, random_state=None, shuffle=False), round=4, cross_validation=True, predict=True, fit_kwargs={}, groups=None, refit=False, probability_threshold=None, experiment_custom_tags=None, verbose=False, system=False, add_to_model_list=True, metrics=None, display=<pycaret.internal.display.display.CommonDisplay object at 0x7fa6d23e7fd0>, model_only=True, return_train_score=False, kwargs={})
2023-07-17 18:14:14,739:INFO:Checking exceptions
2023-07-17 18:14:14,740:INFO:Importing libraries
2023-07-17 18:14:14,740:INFO:Copying training dataset
2023-07-17 18:14:14,751:INFO:Defining folds
2023-07-17 18:14:14,752:INFO:Declaring metric variables
2023-07-17 18:14:14,752:INFO:Importing untrained model
2023-07-17 18:14:14,752:INFO:Dummy Classifier Imported successfully
2023-07-17 18:14:14,753:INFO:Starting cross validation
2023-07-17 18:14:14,755:INFO:Cross validating with StratifiedKFold(n_splits=10, random_state=None, shuffle=False), n_jobs=-1
2023-07-17 18:14:25,727:INFO:Calculating mean and std
2023-07-17 18:14:25,729:INFO:Creating metrics dataframe
2023-07-17 18:14:25,809:INFO:Uploading results into container
2023-07-17 18:14:25,811:INFO:Uploading model into container now
2023-07-17 18:14:25,812:INFO:_master_model_container: 13
2023-07-17 18:14:25,812:INFO:_display_container: 2
2023-07-17 18:14:25,813:INFO:DummyClassifier(constant=None, random_state=1885, strategy='prior')
2023-07-17 18:14:25,813:INFO:create_model() successfully completed......................................
2023-07-17 18:14:26,397:INFO:SubProcess create_model() end ==================================
2023-07-17 18:14:26,397:INFO:Creating metrics dataframe
2023-07-17 18:14:26,409:INFO:Initializing create_model()
2023-07-17 18:14:26,409:INFO:create_model(self=<pycaret.classification.oop.ClassificationExperiment object at 0x7fa6cf18a1f0>, estimator=QuadraticDiscriminantAnalysis(priors=None, reg_param=0.0,
                              store_covariance=False, tol=0.0001), fold=StratifiedKFold(n_splits=10, random_state=None, shuffle=False), round=4, cross_validation=False, predict=False, fit_kwargs={}, groups=None, refit=True, probability_threshold=None, experiment_custom_tags=None, verbose=False, system=False, add_to_model_list=True, metrics=None, display=None, model_only=True, return_train_score=False, kwargs={})
2023-07-17 18:14:26,410:INFO:Checking exceptions
2023-07-17 18:14:26,413:INFO:Importing libraries
2023-07-17 18:14:26,413:INFO:Copying training dataset
2023-07-17 18:14:26,418:INFO:Defining folds
2023-07-17 18:14:26,418:INFO:Declaring metric variables
2023-07-17 18:14:26,419:INFO:Importing untrained model
2023-07-17 18:14:26,419:INFO:Declaring custom model
2023-07-17 18:14:26,419:INFO:Quadratic Discriminant Analysis Imported successfully
2023-07-17 18:14:26,421:INFO:Cross validation set to False
2023-07-17 18:14:26,421:INFO:Fitting Model
2023-07-17 18:14:26,593:WARNING:/Users/iremkurt/anaconda3/envs/slit/lib/python3.8/site-packages/sklearn/discriminant_analysis.py:926: UserWarning: Variables are collinear
  warnings.warn("Variables are collinear")

2023-07-17 18:14:26,633:INFO:QuadraticDiscriminantAnalysis(priors=None, reg_param=0.0,
                              store_covariance=False, tol=0.0001)
2023-07-17 18:14:26,633:INFO:create_model() successfully completed......................................
2023-07-17 18:14:26,823:INFO:_master_model_container: 13
2023-07-17 18:14:26,823:INFO:_display_container: 2
2023-07-17 18:14:26,824:INFO:QuadraticDiscriminantAnalysis(priors=None, reg_param=0.0,
                              store_covariance=False, tol=0.0001)
2023-07-17 18:14:26,824:INFO:compare_models() successfully completed......................................
2023-07-17 18:14:26,853:INFO:Initializing save_model()
2023-07-17 18:14:26,853:INFO:save_model(model=QuadraticDiscriminantAnalysis(priors=None, reg_param=0.0,
                              store_covariance=False, tol=0.0001), model_name=best_model.pkl, prep_pipe_=Pipeline(memory=FastMemory(location=/var/folders/q_/m4c7kcfx23lfngmh1d06_9_c0000gn/T/joblib),
         steps=[('numerical_imputer',
                 TransformerWrapper(exclude=None,
                                    include=['EmpID', 'Retirement', 'Age',
                                             'Gender', 'Tenure', 'Manager1',
                                             'Manager2', 'OfficeLocation',
                                             'DistancetoOffice', 'CommuteType',
                                             'MaritialStatus', 'ChildrenCount',
                                             'ChildrenEdu', 'Potential',
                                             'Grade', 'Gro...
                 TransformerWrapper(exclude=None, include=['StartDate'],
                                    transformer=TargetEncoder(cols=['StartDate'],
                                                              drop_invariant=False,
                                                              handle_missing='return_nan',
                                                              handle_unknown='value',
                                                              hierarchy=None,
                                                              min_samples_leaf=20,
                                                              return_df=True,
                                                              smoothing=10,
                                                              verbose=0))),
                ('clean_column_names',
                 TransformerWrapper(exclude=None, include=None,
                                    transformer=CleanColumnNames(match='[\\]\\[\\,\\{\\}\\"\\:]+')))],
         verbose=False), verbose=True, use_case=MLUsecase.CLASSIFICATION, kwargs={})
2023-07-17 18:14:26,853:INFO:Adding model into prep_pipe
2023-07-17 18:14:26,884:INFO:best_model.pkl.pkl saved in current working directory
2023-07-17 18:14:26,947:INFO:Pipeline(memory=FastMemory(location=/var/folders/q_/m4c7kcfx23lfngmh1d06_9_c0000gn/T/joblib),
         steps=[('numerical_imputer',
                 TransformerWrapper(exclude=None,
                                    include=['EmpID', 'Retirement', 'Age',
                                             'Gender', 'Tenure', 'Manager1',
                                             'Manager2', 'OfficeLocation',
                                             'DistancetoOffice', 'CommuteType',
                                             'MaritialStatus', 'ChildrenCount',
                                             'ChildrenEdu', 'Potential',
                                             'Grade', 'Gro...
                                                              handle_unknown='value',
                                                              hierarchy=None,
                                                              min_samples_leaf=20,
                                                              return_df=True,
                                                              smoothing=10,
                                                              verbose=0))),
                ('clean_column_names',
                 TransformerWrapper(exclude=None, include=None,
                                    transformer=CleanColumnNames(match='[\\]\\[\\,\\{\\}\\"\\:]+'))),
                ('trained_model',
                 QuadraticDiscriminantAnalysis(priors=None, reg_param=0.0,
                                               store_covariance=False,
                                               tol=0.0001))],
         verbose=False)
2023-07-17 18:14:26,948:INFO:save_model() successfully completed......................................
2023-07-17 18:17:38,127:WARNING:
'cuml' is a soft dependency and not included in the pycaret installation. Please run: `pip install cuml` to install.
2023-07-17 18:17:38,127:WARNING:
'cuml' is a soft dependency and not included in the pycaret installation. Please run: `pip install cuml` to install.
2023-07-17 18:17:38,127:WARNING:
'cuml' is a soft dependency and not included in the pycaret installation. Please run: `pip install cuml` to install.
2023-07-17 18:17:38,127:WARNING:
'cuml' is a soft dependency and not included in the pycaret installation. Please run: `pip install cuml` to install.
2023-07-17 18:23:49,668:WARNING:
'cuml' is a soft dependency and not included in the pycaret installation. Please run: `pip install cuml` to install.
2023-07-17 18:23:49,669:WARNING:
'cuml' is a soft dependency and not included in the pycaret installation. Please run: `pip install cuml` to install.
2023-07-17 18:23:49,669:WARNING:
'cuml' is a soft dependency and not included in the pycaret installation. Please run: `pip install cuml` to install.
2023-07-17 18:23:49,669:WARNING:
'cuml' is a soft dependency and not included in the pycaret installation. Please run: `pip install cuml` to install.
2023-07-17 18:24:43,160:WARNING:
'cuml' is a soft dependency and not included in the pycaret installation. Please run: `pip install cuml` to install.
2023-07-17 18:24:43,160:WARNING:
'cuml' is a soft dependency and not included in the pycaret installation. Please run: `pip install cuml` to install.
2023-07-17 18:24:43,161:WARNING:
'cuml' is a soft dependency and not included in the pycaret installation. Please run: `pip install cuml` to install.
2023-07-17 18:24:43,161:WARNING:
'cuml' is a soft dependency and not included in the pycaret installation. Please run: `pip install cuml` to install.
2023-07-17 19:07:10,268:WARNING:
'cuml' is a soft dependency and not included in the pycaret installation. Please run: `pip install cuml` to install.
2023-07-17 19:07:10,269:WARNING:
'cuml' is a soft dependency and not included in the pycaret installation. Please run: `pip install cuml` to install.
2023-07-17 19:07:10,269:WARNING:
'cuml' is a soft dependency and not included in the pycaret installation. Please run: `pip install cuml` to install.
2023-07-17 19:07:10,270:WARNING:
'cuml' is a soft dependency and not included in the pycaret installation. Please run: `pip install cuml` to install.
2023-07-17 19:07:35,278:WARNING:
'cuml' is a soft dependency and not included in the pycaret installation. Please run: `pip install cuml` to install.
2023-07-17 19:07:35,279:WARNING:
'cuml' is a soft dependency and not included in the pycaret installation. Please run: `pip install cuml` to install.
2023-07-17 19:07:35,279:WARNING:
'cuml' is a soft dependency and not included in the pycaret installation. Please run: `pip install cuml` to install.
2023-07-17 19:07:35,279:WARNING:
'cuml' is a soft dependency and not included in the pycaret installation. Please run: `pip install cuml` to install.
